To honour the JVM settings for this build a single-use Daemon process will be forked. For more on this, please refer to https://docs.gradle.org/8.14.3/userguide/gradle_daemon.html#sec:disabling_the_daemon in the Gradle documentation.
Daemon will be stopped at the end of the build 
> Task :gradle-plugin:settings-plugin:checkKotlinGradlePluginConfigurationErrors SKIPPED
> Task :expo-gradle-plugin:expo-autolinking-plugin-shared:checkKotlinGradlePluginConfigurationErrors SKIPPED
> Task :gradle-plugin:shared:checkKotlinGradlePluginConfigurationErrors SKIPPED
> Task :expo-gradle-plugin:expo-autolinking-settings-plugin:checkKotlinGradlePluginConfigurationErrors SKIPPED
> Task :expo-gradle-plugin:expo-autolinking-settings-plugin:pluginDescriptors UP-TO-DATE
> Task :gradle-plugin:settings-plugin:pluginDescriptors UP-TO-DATE
> Task :expo-gradle-plugin:expo-autolinking-settings-plugin:processResources UP-TO-DATE
> Task :gradle-plugin:settings-plugin:processResources UP-TO-DATE
> Task :gradle-plugin:shared:compileKotlin UP-TO-DATE
> Task :expo-gradle-plugin:expo-autolinking-plugin-shared:compileKotlin UP-TO-DATE
> Task :gradle-plugin:shared:compileJava NO-SOURCE
> Task :expo-gradle-plugin:expo-autolinking-plugin-shared:compileJava NO-SOURCE
> Task :gradle-plugin:shared:processResources NO-SOURCE
> Task :gradle-plugin:shared:classes UP-TO-DATE
> Task :expo-gradle-plugin:expo-autolinking-plugin-shared:processResources NO-SOURCE
> Task :expo-gradle-plugin:expo-autolinking-plugin-shared:classes UP-TO-DATE
> Task :gradle-plugin:shared:jar UP-TO-DATE
> Task :expo-gradle-plugin:expo-autolinking-plugin-shared:jar UP-TO-DATE
> Task :gradle-plugin:settings-plugin:compileKotlin UP-TO-DATE
> Task :gradle-plugin:settings-plugin:compileJava NO-SOURCE
> Task :gradle-plugin:settings-plugin:classes UP-TO-DATE
> Task :gradle-plugin:settings-plugin:jar UP-TO-DATE
> Task :expo-gradle-plugin:expo-autolinking-settings-plugin:compileKotlin UP-TO-DATE
> Task :expo-gradle-plugin:expo-autolinking-settings-plugin:compileJava NO-SOURCE
> Task :expo-gradle-plugin:expo-autolinking-settings-plugin:classes UP-TO-DATE
> Task :expo-gradle-plugin:expo-autolinking-settings-plugin:jar UP-TO-DATE
> Task :expo-gradle-plugin:expo-autolinking-plugin:checkKotlinGradlePluginConfigurationErrors SKIPPED
> Task :gradle-plugin:react-native-gradle-plugin:checkKotlinGradlePluginConfigurationErrors SKIPPED
> Task :expo-module-gradle-plugin:checkKotlinGradlePluginConfigurationErrors SKIPPED
> Task :expo-module-gradle-plugin:pluginDescriptors UP-TO-DATE
> Task :expo-module-gradle-plugin:processResources UP-TO-DATE
> Task :expo-gradle-plugin:expo-autolinking-plugin:compileKotlin UP-TO-DATE
> Task :expo-gradle-plugin:expo-autolinking-plugin:compileJava NO-SOURCE
> Task :expo-gradle-plugin:expo-autolinking-plugin:pluginDescriptors UP-TO-DATE
> Task :expo-gradle-plugin:expo-autolinking-plugin:processResources UP-TO-DATE
> Task :expo-gradle-plugin:expo-autolinking-plugin:classes UP-TO-DATE
> Task :expo-gradle-plugin:expo-autolinking-plugin:jar UP-TO-DATE
> Task :gradle-plugin:react-native-gradle-plugin:compileKotlin UP-TO-DATE
> Task :gradle-plugin:react-native-gradle-plugin:compileJava NO-SOURCE
> Task :gradle-plugin:react-native-gradle-plugin:pluginDescriptors UP-TO-DATE
> Task :gradle-plugin:react-native-gradle-plugin:processResources UP-TO-DATE
> Task :gradle-plugin:react-native-gradle-plugin:classes UP-TO-DATE
> Task :gradle-plugin:react-native-gradle-plugin:jar UP-TO-DATE
> Task :expo-module-gradle-plugin:compileKotlin UP-TO-DATE
> Task :expo-module-gradle-plugin:compileJava NO-SOURCE
> Task :expo-module-gradle-plugin:classes UP-TO-DATE
> Task :expo-module-gradle-plugin:jar UP-TO-DATE

> Configure project :
[32m[ExpoRootProject][0m Using the following versions:
  - buildTools:  [32m36.0.0[0m
  - minSdk:      [32m24[0m
  - compileSdk:  [32m36[0m
  - targetSdk:   [32m36[0m
  - ndk:         [32m27.1.12297006[0m
  - kotlin:      [32m2.1.20[0m
  - ksp:         [32m2.1.20-2.0.1[0m

> Configure project :expo

Using expo modules
  - [32mexpo-constants[0m (18.0.13)
  - [32mexpo-modules-core[0m (3.0.29)
  - [33m[?][0m [32mexpo-application[0m (7.0.8)
  - [33m[?][0m [32mexpo-asset[0m (12.0.12)
  - [33m[?][0m [32mexpo-audio[0m (1.1.1)
  - [33m[?][0m [32mexpo-av[0m (16.0.8)
  - [33m[?][0m [32mexpo-blur[0m (15.0.8)
  - [33m[?][0m [32mexpo-clipboard[0m (8.0.8)
  - [33m[?][0m [32mexpo-device[0m (8.0.10)
  - [33m[?][0m [32mexpo-file-system[0m (19.0.21)
  - [33m[?][0m [32mexpo-font[0m (14.0.11)
  - [33m[?][0m [32mexpo-haptics[0m (15.0.8)
  - [33m[?][0m [32mexpo-intent-launcher[0m (13.0.8)
  - [33m[?][0m [32mexpo-keep-awake[0m (15.0.8)
  - [33m[?][0m [32mexpo-linear-gradient[0m (15.0.8)
  - [33m[?][0m [32mexpo-localization[0m (17.0.8)
  - [33m[?][0m [32mexpo-notifications[0m (0.32.16)
  - [33m[?][0m [32mexpo-sensors[0m (15.0.8)
  - [33m[?][0m [32mexpo-splash-screen[0m (31.0.13)
  - [33m[?][0m [32mexpo-web-browser[0m (15.0.10)


> Task :expo-constants:clean UP-TO-DATE
> Task :react-native-pager-view:clean UP-TO-DATE
> Task :react-native-reanimated:cleanCmakeCache
> Task :react-native-worklets:cleanCmakeCache
> Task :react-native-masked-view_masked-view:clean UP-TO-DATE
> Task :react-native-svg:clean UP-TO-DATE
> Task :react-native-safe-area-context:clean UP-TO-DATE
> Task :react-native-async-storage_async-storage:clean UP-TO-DATE
> Task :expo:clean UP-TO-DATE
> Task :react-native-masked-view_masked-view:preBuild UP-TO-DATE
> Task :expo:checkKotlinGradlePluginConfigurationErrors SKIPPED
> Task :expo-constants:checkKotlinGradlePluginConfigurationErrors SKIPPED
> Task :stripe_stripe-react-native:clean UP-TO-DATE
> Task :react-native-pager-view:checkKotlinGradlePluginConfigurationErrors SKIPPED
> Task :react-native-masked-view_masked-view:preReleaseBuild UP-TO-DATE
> Task :react-native-safe-area-context:checkKotlinGradlePluginConfigurationErrors SKIPPED
> Task :stripe_stripe-react-native:checkKotlinGradlePluginConfigurationErrors SKIPPED
> Task :react-native-reanimated:externalNativeBuildCleanDebug
> Task :app:externalNativeBuildCleanDebug
> Task :react-native-worklets:externalNativeBuildCleanDebug
> Task :react-native-reanimated:externalNativeBuildCleanRelease
> Task :app:externalNativeBuildCleanDebugOptimized
> Task :react-native-worklets:externalNativeBuildCleanRelease
> Task :react-native-reanimated:clean
> Task :react-native-worklets:clean

> Task :react-native-screens:externalNativeBuildCleanDebug
Clean rnscreens-x86

> Task :react-native-worklets:assertMinimalReactNativeVersionTask
> Task :react-native-reanimated:assertMinimalReactNativeVersionTask
> Task :react-native-worklets:assertNewArchitectureEnabledTask SKIPPED
> Task :react-native-reanimated:assertNewArchitectureEnabledTask SKIPPED
> Task :react-native-reanimated:assertWorkletsVersionTask

> Task :expo-modules-core:externalNativeBuildCleanDebug
Clean fabric-armeabi-v7a, expo-modules-core-armeabi-v7a
Clean fabric-arm64-v8a, expo-modules-core-arm64-v8a
Clean fabric-x86, expo-modules-core-x86
Clean fabric-x86_64, expo-modules-core-x86_64

> Task :react-native-screens:externalNativeBuildCleanRelease
Clean rnscreens-armeabi-v7a
Clean rnscreens-arm64-v8a
Clean rnscreens-x86
Clean rnscreens-x86_64

> Task :react-native-screens:clean
> Task :react-native-screens:checkKotlinGradlePluginConfigurationErrors SKIPPED

> Task :expo-modules-core:externalNativeBuildCleanRelease
Clean fabric-armeabi-v7a, expo-modules-core-armeabi-v7a
Clean fabric-arm64-v8a, expo-modules-core-arm64-v8a
Clean fabric-x86, expo-modules-core-x86
Clean fabric-x86_64, expo-modules-core-x86_64

> Task :expo-modules-core:clean
> Task :expo-modules-core:preBuild UP-TO-DATE
> Task :expo-modules-core:preReleaseBuild UP-TO-DATE
> Task :expo-modules-core:checkKotlinGradlePluginConfigurationErrors SKIPPED

> Task :app:externalNativeBuildCleanRelease FAILED
Clean react_codegen_rnreanimated-armeabi-v7a, react_codegen_safeareacontext-armeabi-v7a, react_codegen_pagerview-armeabi-v7a, react_codegen_rnscreens-armeabi-v7a, appmodules-armeabi-v7a, react_codegen_rnsvg-armeabi-v7a, react_codegen_rnstripe-armeabi-v7a, react_codegen_rnworklets-armeabi-v7a, react_codegen_rnasyncstorage-armeabi-v7a
C/C++: CMake Error at C:/Progetti/CardsOfMoralDecay/android/app/build/generated/autolinking/src/main/jni/Android-autolinking.cmake:9 (add_subdirectory):
C/C++:   add_subdirectory given source
C/C++:   "C:/Progetti/CardsOfMoralDecay/node_modules/@react-native-async-storage/async-storage/android/build/generated/source/codegen/jni/"
C/C++:   which is not an existing directory.
C/C++: Call Stack (most recent call first):
C/C++:   C:/Progetti/CardsOfMoralDecay/node_modules/react-native/ReactAndroid/cmake-utils/ReactNative-application.cmake:94 (include)
C/C++:   CMakeLists.txt:31 (include)
C/C++: CMake Error at C:/Progetti/CardsOfMoralDecay/android/app/build/generated/autolinking/src/main/jni/Android-autolinking.cmake:11 (add_subdirectory):
C/C++:   add_subdirectory given source
C/C++:   "C:/Progetti/CardsOfMoralDecay/node_modules/@stripe/stripe-react-native/android/build/generated/source/codegen/jni/"
C/C++:   which is not an existing directory.
C/C++: Call Stack (most recent call first):
C/C++:   C:/Progetti/CardsOfMoralDecay/node_modules/react-native/ReactAndroid/cmake-utils/ReactNative-application.cmake:94 (include)
C/C++:   CMakeLists.txt:31 (include)
C/C++: CMake Error at C:/Progetti/CardsOfMoralDecay/android/app/build/generated/autolinking/src/main/jni/Android-autolinking.cmake:13 (add_subdirectory):
C/C++:   add_subdirectory given source
C/C++:   "C:/Progetti/CardsOfMoralDecay/node_modules/react-native-pager-view/android/build/generated/source/codegen/jni/"
C/C++:   which is not an existing directory.
C/C++: Call Stack (most recent call first):
C/C++:   C:/Progetti/CardsOfMoralDecay/node_modules/react-native/ReactAndroid/cmake-utils/ReactNative-application.cmake:94 (include)
C/C++:   CMakeLists.txt:31 (include)
C/C++: CMake Error at C:/Progetti/CardsOfMoralDecay/android/app/build/generated/autolinking/src/main/jni/Android-autolinking.cmake:14 (add_subdirectory):
C/C++:   add_subdirectory given source
C/C++:   "C:/Progetti/CardsOfMoralDecay/node_modules/react-native-reanimated/android/build/generated/source/codegen/jni/"
C/C++:   which is not an existing directory.
C/C++: Call Stack (most recent call first):
C/C++:   C:/Progetti/CardsOfMoralDecay/node_modules/react-native/ReactAndroid/cmake-utils/ReactNative-application.cmake:94 (include)
C/C++:   CMakeLists.txt:31 (include)
C/C++: CMake Error at C:/Progetti/CardsOfMoralDecay/android/app/build/generated/autolinking/src/main/jni/Android-autolinking.cmake:18 (add_subdirectory):
C/C++:   add_subdirectory given source
C/C++:   "C:/Progetti/CardsOfMoralDecay/node_modules/react-native-worklets/android/build/generated/source/codegen/jni/"
C/C++:   which is not an existing directory.
C/C++: Call Stack (most recent call first):
C/C++:   C:/Progetti/CardsOfMoralDecay/node_modules/react-native/ReactAndroid/cmake-utils/ReactNative-application.cmake:94 (include)
C/C++:   CMakeLists.txt:31 (include)
C/C++: CMake Error at C:/Progetti/CardsOfMoralDecay/node_modules/react-native/ReactAndroid/cmake-utils/ReactNative-application.cmake:97 (target_link_libraries):
C/C++:   Cannot specify link libraries for target "react_codegen_rnasyncstorage"
C/C++:   which is not built by this project.
C/C++: Call Stack (most recent call first):
C/C++:   CMakeLists.txt:31 (include)
C/C++: ninja: error: rebuilding 'build.ninja': subcommand failed

[Incubating] Problems report is available at: file:///C:/Progetti/CardsOfMoralDecay/android/build/reports/problems/problems-report.html

FAILURE: Build failed with an exception.

* What went wrong:
Execution failed for task ':app:externalNativeBuildCleanRelease'.
> com.android.ide.common.process.ProcessException: ninja: Entering directory `C:\Progetti\CardsOfMoralDecay\android\app\.cxx\RelWithDebInfo\17311k1x\armeabi-v7a'
  [0/2] Re-checking globbed directories...
  [1/2] Re-running CMake...
  -- Configuring incomplete, errors occurred!
  See also "C:/Progetti/CardsOfMoralDecay/android/app/.cxx/RelWithDebInfo/17311k1x/armeabi-v7a/CMakeFiles/CMakeOutput.log".
  See also "C:/Progetti/CardsOfMoralDecay/android/app/.cxx/RelWithDebInfo/17311k1x/armeabi-v7a/CMakeFiles/CMakeError.log".
  FAILED: build.ninja 
  C:\Users\39338\AppData\Local\Android\Sdk\cmake\3.22.1\bin\cmake.exe --regenerate-during-build -SC:\Progetti\CardsOfMoralDecay\node_modules\react-native\ReactAndroid\cmake-utils\default-app-setup -BC:\Progetti\CardsOfMoralDecay\android\app\.cxx\RelWithDebInfo\17311k1x\armeabi-v7a
  
  C++ build system [clean] failed while executing:
      @echo off
      "C:\\Users\\39338\\AppData\\Local\\Android\\Sdk\\cmake\\3.22.1\\bin\\ninja.exe" ^
        -C ^
        "C:\\Progetti\\CardsOfMoralDecay\\android\\app\\.cxx\\RelWithDebInfo\\17311k1x\\armeabi-v7a" ^
        clean
    from C:\Progetti\CardsOfMoralDecay\android\app
  CMake Error at C:/Progetti/CardsOfMoralDecay/android/app/build/generated/autolinking/src/main/jni/Android-autolinking.cmake:9 (add_subdirectory):
    add_subdirectory given source
    "C:/Progetti/CardsOfMoralDecay/node_modules/@react-native-async-storage/async-storage/android/build/generated/source/codegen/jni/"
    which is not an existing directory.
  Call Stack (most recent call first):
    C:/Progetti/CardsOfMoralDecay/node_modules/react-native/ReactAndroid/cmake-utils/ReactNative-application.cmake:94 (include)
    CMakeLists.txt:31 (include)
  
  
  CMake Error at C:/Progetti/CardsOfMoralDecay/android/app/build/generated/autolinking/src/main/jni/Android-autolinking.cmake:11 (add_subdirectory):
    add_subdirectory given source
    "C:/Progetti/CardsOfMoralDecay/node_modules/@stripe/stripe-react-native/android/build/generated/source/codegen/jni/"
    which is not an existing directory.
  Call Stack (most recent call first):
    C:/Progetti/CardsOfMoralDecay/node_modules/react-native/ReactAndroid/cmake-utils/ReactNative-application.cmake:94 (include)
    CMakeLists.txt:31 (include)
  
  
  CMake Error at C:/Progetti/CardsOfMoralDecay/android/app/build/generated/autolinking/src/main/jni/Android-autolinking.cmake:13 (add_subdirectory):
    add_subdirectory given source
    "C:/Progetti/CardsOfMoralDecay/node_modules/react-native-pager-view/android/build/generated/source/codegen/jni/"
    which is not an existing directory.
  Call Stack (most recent call first):
    C:/Progetti/CardsOfMoralDecay/node_modules/react-native/ReactAndroid/cmake-utils/ReactNative-application.cmake:94 (include)
    CMakeLists.txt:31 (include)
  
  
  CMake Error at C:/Progetti/CardsOfMoralDecay/android/app/build/generated/autolinking/src/main/jni/Android-autolinking.cmake:14 (add_subdirectory):
    add_subdirectory given source
    "C:/Progetti/CardsOfMoralDecay/node_modules/react-native-reanimated/android/build/generated/source/codegen/jni/"
    which is not an existing directory.
  Call Stack (most recent call first):
    C:/Progetti/CardsOfMoralDecay/node_modules/react-native/ReactAndroid/cmake-utils/ReactNative-application.cmake:94 (include)
    CMakeLists.txt:31 (include)
  
  
  CMake Error at C:/Progetti/CardsOfMoralDecay/android/app/build/generated/autolinking/src/main/jni/Android-autolinking.cmake:18 (add_subdirectory):
    add_subdirectory given source
    "C:/Progetti/CardsOfMoralDecay/node_modules/react-native-worklets/android/build/generated/source/codegen/jni/"
    which is not an existing directory.
  Call Stack (most recent call first):
    C:/Progetti/CardsOfMoralDecay/node_modules/react-native/ReactAndroid/cmake-utils/ReactNative-application.cmake:94 (include)
    CMakeLists.txt:31 (include)
  
  
  CMake Error at C:/Progetti/CardsOfMoralDecay/node_modules/react-native/ReactAndroid/cmake-utils/ReactNative-application.cmake:97 (target_link_libraries):
    Cannot specify link libraries for target "react_codegen_rnasyncstorage"
    which is not built by this project.
  Call Stack (most recent call first):
    CMakeLists.txt:31 (include)
  
  
  ninja: error: rebuilding 'build.ninja': subcommand failed

* Try:
> Run with --stacktrace option to get the stack trace.
> Run with --info or --debug option to get more log output.
> Run with --scan to get full insights.
> Get more help at https://help.gradle.org.

Deprecated Gradle features were used in this build, making it incompatible with Gradle 9.0.

You can use '--warning-mode all' to show the individual deprecation warnings and determine if they come from your own scripts or plugins.

For more on this, please refer to https://docs.gradle.org/8.14.3/userguide/command_line_interface.html#sec:command_line_warnings in the Gradle documentation.

BUILD FAILED in 37s
52 actionable tasks: 20 executed, 32 up-to-date
