> Task :gradle-plugin:settings-plugin:checkKotlinGradlePluginConfigurationErrors SKIPPED
> Task :expo-gradle-plugin:expo-autolinking-plugin-shared:checkKotlinGradlePluginConfigurationErrors SKIPPED
> Task :expo-gradle-plugin:expo-autolinking-settings-plugin:checkKotlinGradlePluginConfigurationErrors SKIPPED
> Task :gradle-plugin:shared:checkKotlinGradlePluginConfigurationErrors SKIPPED
> Task :gradle-plugin:settings-plugin:pluginDescriptors UP-TO-DATE
> Task :expo-gradle-plugin:expo-autolinking-settings-plugin:pluginDescriptors UP-TO-DATE
> Task :expo-gradle-plugin:expo-autolinking-settings-plugin:processResources UP-TO-DATE
> Task :gradle-plugin:settings-plugin:processResources UP-TO-DATE
> Task :gradle-plugin:shared:compileKotlin UP-TO-DATE
> Task :expo-gradle-plugin:expo-autolinking-plugin-shared:compileKotlin UP-TO-DATE
> Task :gradle-plugin:shared:compileJava NO-SOURCE
> Task :expo-gradle-plugin:expo-autolinking-plugin-shared:compileJava NO-SOURCE
> Task :gradle-plugin:shared:processResources NO-SOURCE
> Task :expo-gradle-plugin:expo-autolinking-plugin-shared:processResources NO-SOURCE
> Task :gradle-plugin:shared:classes UP-TO-DATE
> Task :expo-gradle-plugin:expo-autolinking-plugin-shared:classes UP-TO-DATE
> Task :gradle-plugin:shared:jar UP-TO-DATE
> Task :expo-gradle-plugin:expo-autolinking-plugin-shared:jar UP-TO-DATE
> Task :gradle-plugin:settings-plugin:compileKotlin UP-TO-DATE
> Task :gradle-plugin:settings-plugin:compileJava NO-SOURCE
> Task :gradle-plugin:settings-plugin:classes UP-TO-DATE
> Task :gradle-plugin:settings-plugin:jar UP-TO-DATE
> Task :expo-gradle-plugin:expo-autolinking-settings-plugin:compileKotlin UP-TO-DATE
> Task :expo-gradle-plugin:expo-autolinking-settings-plugin:compileJava NO-SOURCE
> Task :expo-gradle-plugin:expo-autolinking-settings-plugin:classes UP-TO-DATE
> Task :expo-gradle-plugin:expo-autolinking-settings-plugin:jar UP-TO-DATE
> Task :expo-gradle-plugin:expo-autolinking-plugin:checkKotlinGradlePluginConfigurationErrors SKIPPED
> Task :gradle-plugin:react-native-gradle-plugin:checkKotlinGradlePluginConfigurationErrors SKIPPED
> Task :expo-module-gradle-plugin:checkKotlinGradlePluginConfigurationErrors SKIPPED
> Task :expo-module-gradle-plugin:pluginDescriptors UP-TO-DATE
> Task :expo-module-gradle-plugin:processResources UP-TO-DATE
> Task :expo-gradle-plugin:expo-autolinking-plugin:compileKotlin UP-TO-DATE
> Task :expo-gradle-plugin:expo-autolinking-plugin:compileJava NO-SOURCE
> Task :expo-gradle-plugin:expo-autolinking-plugin:pluginDescriptors UP-TO-DATE
> Task :expo-gradle-plugin:expo-autolinking-plugin:processResources UP-TO-DATE
> Task :gradle-plugin:react-native-gradle-plugin:compileKotlin UP-TO-DATE
> Task :expo-gradle-plugin:expo-autolinking-plugin:classes UP-TO-DATE
> Task :gradle-plugin:react-native-gradle-plugin:compileJava NO-SOURCE
> Task :gradle-plugin:react-native-gradle-plugin:pluginDescriptors UP-TO-DATE
> Task :expo-gradle-plugin:expo-autolinking-plugin:jar UP-TO-DATE
> Task :gradle-plugin:react-native-gradle-plugin:processResources UP-TO-DATE
> Task :gradle-plugin:react-native-gradle-plugin:classes UP-TO-DATE
> Task :gradle-plugin:react-native-gradle-plugin:jar UP-TO-DATE
> Task :expo-module-gradle-plugin:compileKotlin UP-TO-DATE
> Task :expo-module-gradle-plugin:compileJava NO-SOURCE
> Task :expo-module-gradle-plugin:classes UP-TO-DATE
> Task :expo-module-gradle-plugin:jar UP-TO-DATE

> Configure project :
[32m[ExpoRootProject][0m Using the following versions:
  - buildTools:  [32m36.0.0[0m
  - minSdk:      [32m24[0m
  - compileSdk:  [32m36[0m
  - targetSdk:   [32m36[0m
  - ndk:         [32m27.1.12297006[0m
  - kotlin:      [32m2.1.20[0m
  - ksp:         [32m2.1.20-2.0.1[0m

> Configure project :expo

Using expo modules
  - [32mexpo-constants[0m (18.0.13)
  - [32mexpo-modules-core[0m (3.0.29)
  - [33m[?][0m [32mexpo-application[0m (7.0.8)
  - [33m[?][0m [32mexpo-asset[0m (12.0.12)
  - [33m[?][0m [32mexpo-audio[0m (1.1.1)
  - [33m[?][0m [32mexpo-av[0m (16.0.8)
  - [33m[?][0m [32mexpo-blur[0m (15.0.8)
  - [33m[?][0m [32mexpo-clipboard[0m (8.0.8)
  - [33m[?][0m [32mexpo-device[0m (8.0.10)
  - [33m[?][0m [32mexpo-file-system[0m (19.0.21)
  - [33m[?][0m [32mexpo-font[0m (14.0.11)
  - [33m[?][0m [32mexpo-haptics[0m (15.0.8)
  - [33m[?][0m [32mexpo-intent-launcher[0m (13.0.8)
  - [33m[?][0m [32mexpo-keep-awake[0m (15.0.8)
  - [33m[?][0m [32mexpo-linear-gradient[0m (15.0.8)
  - [33m[?][0m [32mexpo-notifications[0m (0.32.16)
  - [33m[?][0m [32mexpo-sensors[0m (15.0.8)
  - [33m[?][0m [32mexpo-splash-screen[0m (31.0.13)
  - [33m[?][0m [32mexpo-web-browser[0m (15.0.10)


> Task :expo-modules-core:preBuild UP-TO-DATE
> Task :react-native-masked-view_masked-view:preBuild UP-TO-DATE
> Task :expo-modules-core:preReleaseBuild UP-TO-DATE
> Task :app:generateAutolinkingNewArchitectureFiles
> Task :app:generateAutolinkingPackageList
> Task :app:generateCodegenSchemaFromJavaScript SKIPPED
> Task :app:generateCodegenArtifactsFromSchema SKIPPED
> Task :app:generateReactNativeEntryPoint
> Task :react-native-masked-view_masked-view:preReleaseBuild UP-TO-DATE
> Task :react-native-masked-view_masked-view:mergeReleaseJniLibFolders
> Task :react-native-masked-view_masked-view:mergeReleaseNativeLibs NO-SOURCE
> Task :react-native-masked-view_masked-view:copyReleaseJniLibsProjectOnly
> Task :react-native-masked-view_masked-view:generateReleaseBuildConfig
> Task :react-native-masked-view_masked-view:generateReleaseResValues
> Task :react-native-masked-view_masked-view:generateReleaseResources
> Task :react-native-masked-view_masked-view:packageReleaseResources
> Task :react-native-worklets:assertMinimalReactNativeVersionTask
> Task :react-native-worklets:assertNewArchitectureEnabledTask SKIPPED
> Task :react-native-reanimated:assertMinimalReactNativeVersionTask
> Task :react-native-reanimated:assertNewArchitectureEnabledTask SKIPPED
> Task :react-native-reanimated:assertWorkletsVersionTask
> Task :react-native-async-storage_async-storage:generateCodegenSchemaFromJavaScript
> Task :react-native-pager-view:generateCodegenSchemaFromJavaScript
> Task :react-native-safe-area-context:generateCodegenSchemaFromJavaScript
> Task :stripe_stripe-react-native:generateCodegenSchemaFromJavaScript
> Task :react-native-screens:generateCodegenSchemaFromJavaScript

> Task :expo-constants:createExpoConfig
The NODE_ENV environment variable is required but was not specified. Ensure the project is bundled with Expo CLI or NODE_ENV is set. Using only .env.local and .env

> Task :expo-constants:preBuild
> Task :expo-constants:preReleaseBuild
> Task :react-native-svg:generateCodegenSchemaFromJavaScript
> Task :react-native-worklets:generateCodegenSchemaFromJavaScript
> Task :react-native-reanimated:generateCodegenSchemaFromJavaScript
> Task :react-native-async-storage_async-storage:generateCodegenArtifactsFromSchema
> Task :react-native-async-storage_async-storage:preBuild
> Task :react-native-async-storage_async-storage:preReleaseBuild
> Task :react-native-async-storage_async-storage:mergeReleaseJniLibFolders
> Task :react-native-async-storage_async-storage:mergeReleaseNativeLibs NO-SOURCE
> Task :react-native-safe-area-context:generateCodegenArtifactsFromSchema
> Task :react-native-safe-area-context:preBuild
> Task :react-native-safe-area-context:preReleaseBuild
> Task :expo-constants:mergeReleaseJniLibFolders
> Task :expo-constants:mergeReleaseNativeLibs NO-SOURCE
> Task :react-native-pager-view:generateCodegenArtifactsFromSchema
> Task :react-native-pager-view:preBuild
> Task :react-native-pager-view:preReleaseBuild
> Task :expo-constants:copyReleaseJniLibsProjectOnly
> Task :react-native-pager-view:mergeReleaseJniLibFolders
> Task :react-native-pager-view:mergeReleaseNativeLibs NO-SOURCE
> Task :react-native-async-storage_async-storage:generateReleaseBuildConfig
> Task :react-native-pager-view:checkKotlinGradlePluginConfigurationErrors SKIPPED
> Task :stripe_stripe-react-native:generateCodegenArtifactsFromSchema
> Task :stripe_stripe-react-native:preBuild
> Task :stripe_stripe-react-native:preReleaseBuild
> Task :react-native-pager-view:generateReleaseBuildConfig
> Task :react-native-pager-view:generateReleaseResValues
> Task :react-native-pager-view:generateReleaseResources
> Task :react-native-pager-view:packageReleaseResources
> Task :stripe_stripe-react-native:mergeReleaseJniLibFolders
> Task :stripe_stripe-react-native:mergeReleaseNativeLibs NO-SOURCE
> Task :react-native-safe-area-context:mergeReleaseJniLibFolders
> Task :react-native-safe-area-context:mergeReleaseNativeLibs NO-SOURCE
> Task :react-native-screens:generateCodegenArtifactsFromSchema
> Task :react-native-screens:preBuild
> Task :react-native-screens:preReleaseBuild
> Task :react-native-worklets:generateCodegenArtifactsFromSchema
> Task :react-native-reanimated:generateCodegenArtifactsFromSchema
> Task :react-native-svg:generateCodegenArtifactsFromSchema
> Task :react-native-svg:preBuild
> Task :react-native-svg:preReleaseBuild
> Task :react-native-svg:mergeReleaseJniLibFolders
> Task :react-native-svg:mergeReleaseNativeLibs NO-SOURCE
> Task :react-native-svg:copyReleaseJniLibsProjectOnly
> Task :stripe_stripe-react-native:checkKotlinGradlePluginConfigurationErrors SKIPPED
> Task :react-native-worklets:prepareWorkletsHeadersForPrefabs
> Task :react-native-worklets:preBuild
> Task :react-native-worklets:preReleaseBuild
> Task :react-native-reanimated:prepareReanimatedHeadersForPrefabs
> Task :react-native-reanimated:preBuild
> Task :react-native-reanimated:preReleaseBuild
> Task :react-native-reanimated:mergeReleaseJniLibFolders
> Task :expo:generatePackagesList
> Task :expo:preBuild
> Task :app:preBuild
> Task :app:preReleaseBuild
> Task :react-native-safe-area-context:copyReleaseJniLibsProjectOnly
> Task :expo:preReleaseBuild
> Task :app:mergeReleaseJniLibFolders
> Task :react-native-safe-area-context:checkKotlinGradlePluginConfigurationErrors SKIPPED
> Task :react-native-safe-area-context:generateReleaseBuildConfig
> Task :react-native-safe-area-context:generateReleaseResValues
> Task :react-native-pager-view:javaPreCompileRelease
> Task :react-native-async-storage_async-storage:generateReleaseResValues
> Task :react-native-async-storage_async-storage:generateReleaseResources
> Task :react-native-async-storage_async-storage:packageReleaseResources
> Task :react-native-async-storage_async-storage:parseReleaseLocalResources
> Task :react-native-async-storage_async-storage:generateReleaseRFile
> Task :react-native-safe-area-context:generateReleaseResources
> Task :expo:mergeReleaseJniLibFolders
> Task :expo:mergeReleaseNativeLibs NO-SOURCE
> Task :react-native-async-storage_async-storage:javaPreCompileRelease
> Task :react-native-safe-area-context:packageReleaseResources
> Task :react-native-pager-view:parseReleaseLocalResources
> Task :stripe_stripe-react-native:copyReleaseJniLibsProjectOnly
> Task :react-native-safe-area-context:javaPreCompileRelease
> Task :expo:checkKotlinGradlePluginConfigurationErrors SKIPPED
> Task :expo:generateReleaseBuildConfig
> Task :expo:generateReleaseResValues
> Task :react-native-pager-view:generateReleaseRFile
> Task :react-native-pager-view:copyReleaseJniLibsProjectOnly
> Task :expo-constants:checkKotlinGradlePluginConfigurationErrors SKIPPED
> Task :react-native-async-storage_async-storage:copyReleaseJniLibsProjectOnly
> Task :expo:generateReleaseResources
> Task :react-native-safe-area-context:parseReleaseLocalResources
> Task :react-native-reanimated:generateReleaseBuildConfig
> Task :expo-constants:generateReleaseBuildConfig
> Task :react-native-reanimated:generateReleaseResValues
> Task :expo-constants:generateReleaseResValues
> Task :react-native-reanimated:generateReleaseResources
> Task :expo-constants:generateReleaseResources
> Task :expo:packageReleaseResources
> Task :react-native-reanimated:packageReleaseResources
> Task :expo:parseReleaseLocalResources
> Task :expo-constants:packageReleaseResources
> Task :react-native-safe-area-context:generateReleaseRFile
> Task :react-native-masked-view_masked-view:parseReleaseLocalResources
> Task :expo:copyReleaseJniLibsProjectOnly
> Task :react-native-masked-view_masked-view:javaPreCompileRelease
> Task :expo:generateReleaseRFile
> Task :react-native-masked-view_masked-view:generateReleaseRFile
> Task :react-native-reanimated:parseReleaseLocalResources
> Task :expo:javaPreCompileRelease
> Task :expo-constants:javaPreCompileRelease
> Task :react-native-svg:generateReleaseBuildConfig
> Task :react-native-svg:generateReleaseResValues
> Task :react-native-reanimated:generateReleaseRFile
> Task :react-native-svg:generateReleaseResources
> Task :react-native-svg:packageReleaseResources
> Task :react-native-reanimated:javaPreCompileRelease
> Task :react-native-svg:javaPreCompileRelease
> Task :expo:writeReleaseAarMetadata
> Task :expo-constants:writeReleaseAarMetadata
> Task :react-native-svg:parseReleaseLocalResources
> Task :react-native-reanimated:writeReleaseAarMetadata
> Task :react-native-svg:writeReleaseAarMetadata
> Task :expo:extractDeepLinksRelease
> Task :expo:processReleaseManifest
> Task :expo-constants:extractDeepLinksRelease
> Task :expo-constants:processReleaseManifest
> Task :react-native-reanimated:extractDeepLinksRelease
> Task :react-native-reanimated:processReleaseManifest
> Task :react-native-svg:extractDeepLinksRelease
> Task :react-native-svg:generateReleaseRFile
> Task :expo-constants:parseReleaseLocalResources
> Task :react-native-svg:processReleaseManifest
> Task :expo-constants:generateReleaseRFile
> Task :expo:compileReleaseLibraryResources
> Task :react-native-reanimated:compileReleaseLibraryResources
> Task :expo-constants:compileReleaseLibraryResources
> Task :expo-constants:prepareReleaseArtProfile
> Task :expo:prepareReleaseArtProfile
> Task :react-native-reanimated:prepareReleaseArtProfile
> Task :expo:mergeReleaseShaders
> Task :expo:compileReleaseShaders NO-SOURCE
> Task :expo:generateReleaseAssets UP-TO-DATE
> Task :expo-constants:mergeReleaseShaders
> Task :expo:mergeReleaseAssets
> Task :expo-constants:compileReleaseShaders NO-SOURCE
> Task :expo-constants:generateReleaseAssets UP-TO-DATE
> Task :expo-constants:mergeReleaseAssets
> Task :react-native-reanimated:mergeReleaseShaders
> Task :react-native-reanimated:compileReleaseShaders NO-SOURCE
> Task :react-native-reanimated:generateReleaseAssets UP-TO-DATE
> Task :react-native-reanimated:mergeReleaseAssets
> Task :react-native-reanimated:processReleaseJavaRes NO-SOURCE
> Task :expo:stripReleaseDebugSymbols NO-SOURCE
> Task :expo:copyReleaseJniLibsProjectAndLocalJars
> Task :expo:extractDeepLinksForAarRelease
> Task :expo:prepareLintJarForPublish
> Task :expo-constants:stripReleaseDebugSymbols NO-SOURCE
> Task :expo-constants:copyReleaseJniLibsProjectAndLocalJars
> Task :expo-constants:extractDeepLinksForAarRelease
> Task :app:buildKotlinToolingMetadata
> Task :app:checkKotlinGradlePluginConfigurationErrors SKIPPED
> Task :expo-constants:prepareLintJarForPublish
> Task :expo-constants:mapReleaseSourceSetPaths
> Task :app:generateReleaseBuildConfig
> Task :expo-constants:mergeReleaseResources

> Task :react-native-async-storage_async-storage:compileReleaseJavaWithJavac
Note: Some input files use or override a deprecated API.
Note: Recompile with -Xlint:deprecation for details.
Note: C:\Progetti\CardsOfMoralDecay\node_modules\@react-native-async-storage\async-storage\android\src\javaPackage\java\com\reactnativecommunity\asyncstorage\AsyncStoragePackage.java uses unchecked or unsafe operations.
Note: Recompile with -Xlint:unchecked for details.

> Task :react-native-masked-view_masked-view:compileReleaseJavaWithJavac
Note: C:\Progetti\CardsOfMoralDecay\node_modules\@react-native-masked-view\masked-view\android\src\main\java\org\reactnative\maskedview\RNCMaskedViewPackage.java uses or overrides a deprecated API.
Note: Recompile with -Xlint:deprecation for details.

> Task :app:checkReleaseDuplicateClasses
> Task :react-native-async-storage_async-storage:writeReleaseAarMetadata
> Task :react-native-masked-view_masked-view:writeReleaseAarMetadata
> Task :react-native-masked-view_masked-view:bundleLibRuntimeToDirRelease
> Task :react-native-async-storage_async-storage:extractDeepLinksRelease
> Task :react-native-async-storage_async-storage:bundleLibRuntimeToDirRelease
> Task :react-native-masked-view_masked-view:extractDeepLinksRelease

> Task :react-native-async-storage_async-storage:processReleaseManifest
package="com.reactnativecommunity.asyncstorage" found in source AndroidManifest.xml: C:\Progetti\CardsOfMoralDecay\node_modules\@react-native-async-storage\async-storage\android\src\main\AndroidManifest.xml.
Setting the namespace via the package attribute in the source AndroidManifest.xml is no longer supported, and the value is ignored.
Recommendation: remove package="com.reactnativecommunity.asyncstorage" from the source AndroidManifest.xml: C:\Progetti\CardsOfMoralDecay\node_modules\@react-native-async-storage\async-storage\android\src\main\AndroidManifest.xml.

> Task :react-native-masked-view_masked-view:processReleaseManifest
> Task :react-native-async-storage_async-storage:compileReleaseLibraryResources
> Task :react-native-masked-view_masked-view:compileReleaseLibraryResources
> Task :react-native-async-storage_async-storage:bundleLibCompileToJarRelease
> Task :react-native-masked-view_masked-view:bundleLibCompileToJarRelease
> Task :react-native-async-storage_async-storage:prepareReleaseArtProfile
> Task :react-native-masked-view_masked-view:prepareReleaseArtProfile
> Task :react-native-async-storage_async-storage:bundleLibRuntimeToJarRelease
> Task :expo-constants:verifyReleaseResources
> Task :react-native-pager-view:writeReleaseAarMetadata
> Task :react-native-safe-area-context:writeReleaseAarMetadata
> Task :react-native-pager-view:extractDeepLinksRelease
> Task :react-native-pager-view:processReleaseManifest
> Task :react-native-safe-area-context:extractDeepLinksRelease

> Task :react-native-safe-area-context:processReleaseManifest
package="com.th3rdwave.safeareacontext" found in source AndroidManifest.xml: C:\Progetti\CardsOfMoralDecay\node_modules\react-native-safe-area-context\android\src\main\AndroidManifest.xml.
Setting the namespace via the package attribute in the source AndroidManifest.xml is no longer supported, and the value is ignored.
Recommendation: remove package="com.th3rdwave.safeareacontext" from the source AndroidManifest.xml: C:\Progetti\CardsOfMoralDecay\node_modules\react-native-safe-area-context\android\src\main\AndroidManifest.xml.

> Task :react-native-pager-view:compileReleaseLibraryResources
> Task :react-native-safe-area-context:compileReleaseLibraryResources
> Task :react-native-pager-view:prepareReleaseArtProfile
> Task :react-native-safe-area-context:prepareReleaseArtProfile
> Task :react-native-masked-view_masked-view:bundleLibRuntimeToJarRelease

> Task :react-native-pager-view:compileReleaseKotlin
w: file:///C:/Progetti/CardsOfMoralDecay/node_modules/react-native-pager-view/android/src/main/java/com/reactnativepagerview/PagerViewViewManager.kt:10:8 'object MapBuilder : Any' is deprecated. Use Kotlin's built-in collections extensions.
w: file:///C:/Progetti/CardsOfMoralDecay/node_modules/react-native-pager-view/android/src/main/java/com/reactnativepagerview/PagerViewViewManager.kt:41:19 'fun receiveCommand(view: NestedScrollableHost, commandName: String, args: ReadableArray?): Unit' is deprecated. args is not nullable, please update your method signature.
w: file:///C:/Progetti/CardsOfMoralDecay/node_modules/react-native-pager-view/android/src/main/java/com/reactnativepagerview/PagerViewViewManager.kt:91:26 The corresponding parameter in the supertype 'PagerViewViewManager' is named 'parent'. This may cause problems when calling this function with named arguments.
w: file:///C:/Progetti/CardsOfMoralDecay/node_modules/react-native-pager-view/android/src/main/java/com/reactnativepagerview/PagerViewViewManager.kt:204:16 'object MapBuilder : Any' is deprecated. Use Kotlin's built-in collections extensions.
w: file:///C:/Progetti/CardsOfMoralDecay/node_modules/react-native-pager-view/android/src/main/java/com/reactnativepagerview/PagerViewViewManager.kt:205:45 'object MapBuilder : Any' is deprecated. Use Kotlin's built-in collections extensions.
w: file:///C:/Progetti/CardsOfMoralDecay/node_modules/react-native-pager-view/android/src/main/java/com/reactnativepagerview/PagerViewViewManager.kt:206:57 'object MapBuilder : Any' is deprecated. Use Kotlin's built-in collections extensions.
w: file:///C:/Progetti/CardsOfMoralDecay/node_modules/react-native-pager-view/android/src/main/java/com/reactnativepagerview/PagerViewViewManager.kt:207:47 'object MapBuilder : Any' is deprecated. Use Kotlin's built-in collections extensions.
w: file:///C:/Progetti/CardsOfMoralDecay/node_modules/react-native-pager-view/android/src/main/java/com/reactnativepagerview/PagerViewViewPackage.kt:10:18 This declaration overrides a deprecated member but is not marked as deprecated itself. Add the '@Deprecated' annotation or suppress the diagnostic.
w: file:///C:/Progetti/CardsOfMoralDecay/node_modules/react-native-pager-view/android/src/main/java/com/reactnativepagerview/event/PageScrollEvent.kt:6:8 'interface RCTEventEmitter : JavaScriptModule' is deprecated. Use [RCTModernEventEmitter] instead.
w: file:///C:/Progetti/CardsOfMoralDecay/node_modules/react-native-pager-view/android/src/main/java/com/reactnativepagerview/event/PageScrollEvent.kt:21:82 'constructor<T : Event<T>>(viewTag: Int): Event<T>' is deprecated. Use constructor with explicit surfaceId instead.
w: file:///C:/Progetti/CardsOfMoralDecay/node_modules/react-native-pager-view/android/src/main/java/com/reactnativepagerview/event/PageScrollEvent.kt:27:18 This declaration overrides a deprecated member but is not marked as deprecated itself. Add the '@Deprecated' annotation or suppress the diagnostic.
w: file:///C:/Progetti/CardsOfMoralDecay/node_modules/react-native-pager-view/android/src/main/java/com/reactnativepagerview/event/PageScrollEvent.kt:27:44 'interface RCTEventEmitter : JavaScriptModule' is deprecated. Use [RCTModernEventEmitter] instead.
w: file:///C:/Progetti/CardsOfMoralDecay/node_modules/react-native-pager-view/android/src/main/java/com/reactnativepagerview/event/PageScrollEvent.kt:28:25 'fun receiveEvent(targetTag: Int, eventName: String, params: WritableMap?): Unit' is deprecated. Use [RCTModernEventEmitter.receiveEvent] instead.
w: file:///C:/Progetti/CardsOfMoralDecay/node_modules/react-native-pager-view/android/src/main/java/com/reactnativepagerview/event/PageScrollStateChangedEvent.kt:6:8 'interface RCTEventEmitter : JavaScriptModule' is deprecated. Use [RCTModernEventEmitter] instead.
w: file:///C:/Progetti/CardsOfMoralDecay/node_modules/react-native-pager-view/android/src/main/java/com/reactnativepagerview/event/PageScrollStateChangedEvent.kt:15:89 'constructor<T : Event<T>>(viewTag: Int): Event<T>' is deprecated. Use constructor with explicit surfaceId instead.
w: file:///C:/Progetti/CardsOfMoralDecay/node_modules/react-native-pager-view/android/src/main/java/com/reactnativepagerview/event/PageScrollStateChangedEvent.kt:20:18 This declaration overrides a deprecated member but is not marked as deprecated itself. Add the '@Deprecated' annotation or suppress the diagnostic.
w: file:///C:/Progetti/CardsOfMoralDecay/node_modules/react-native-pager-view/android/src/main/java/com/reactnativepagerview/event/PageScrollStateChangedEvent.kt:20:44 'interface RCTEventEmitter : JavaScriptModule' is deprecated. Use [RCTModernEventEmitter] instead.
w: file:///C:/Progetti/CardsOfMoralDecay/node_modules/react-native-pager-view/android/src/main/java/com/reactnativepagerview/event/PageScrollStateChangedEvent.kt:21:25 'fun receiveEvent(targetTag: Int, eventName: String, params: WritableMap?): Unit' is deprecated. Use [RCTModernEventEmitter.receiveEvent] instead.
w: file:///C:/Progetti/CardsOfMoralDecay/node_modules/react-native-pager-view/android/src/main/java/com/reactnativepagerview/event/PageSelectedEvent.kt:6:8 'interface RCTEventEmitter : JavaScriptModule' is deprecated. Use [RCTModernEventEmitter] instead.
w: file:///C:/Progetti/CardsOfMoralDecay/node_modules/react-native-pager-view/android/src/main/java/com/reactnativepagerview/event/PageSelectedEvent.kt:15:69 'constructor<T : Event<T>>(viewTag: Int): Event<T>' is deprecated. Use constructor with explicit surfaceId instead.
w: file:///C:/Progetti/CardsOfMoralDecay/node_modules/react-native-pager-view/android/src/main/java/com/reactnativepagerview/event/PageSelectedEvent.kt:24:18 This declaration overrides a deprecated member but is not marked as deprecated itself. Add the '@Deprecated' annotation or suppress the diagnostic.
w: file:///C:/Progetti/CardsOfMoralDecay/node_modules/react-native-pager-view/android/src/main/java/com/reactnativepagerview/event/PageSelectedEvent.kt:24:44 'interface RCTEventEmitter : JavaScriptModule' is deprecated. Use [RCTModernEventEmitter] instead.
w: file:///C:/Progetti/CardsOfMoralDecay/node_modules/react-native-pager-view/android/src/main/java/com/reactnativepagerview/event/PageSelectedEvent.kt:25:25 'fun receiveEvent(targetTag: Int, eventName: String, params: WritableMap?): Unit' is deprecated. Use [RCTModernEventEmitter.receiveEvent] instead.

> Task :react-native-safe-area-context:compileReleaseKotlin
w: file:///C:/Progetti/CardsOfMoralDecay/node_modules/react-native-safe-area-context/android/src/main/java/com/th3rdwave/safeareacontext/SafeAreaView.kt:59:23 'val uiImplementation: UIImplementation!' is deprecated. Deprecated in Java.

> Task :react-native-async-storage_async-storage:mergeReleaseShaders
> Task :react-native-async-storage_async-storage:compileReleaseShaders NO-SOURCE
> Task :react-native-async-storage_async-storage:generateReleaseAssets UP-TO-DATE
> Task :react-native-masked-view_masked-view:mergeReleaseShaders
> Task :react-native-masked-view_masked-view:compileReleaseShaders NO-SOURCE
> Task :react-native-masked-view_masked-view:generateReleaseAssets UP-TO-DATE
> Task :react-native-async-storage_async-storage:mergeReleaseAssets
> Task :react-native-masked-view_masked-view:mergeReleaseAssets
> Task :react-native-async-storage_async-storage:processReleaseJavaRes NO-SOURCE
> Task :react-native-async-storage_async-storage:stripReleaseDebugSymbols NO-SOURCE
> Task :react-native-masked-view_masked-view:processReleaseJavaRes NO-SOURCE
> Task :react-native-masked-view_masked-view:stripReleaseDebugSymbols NO-SOURCE
> Task :react-native-masked-view_masked-view:copyReleaseJniLibsProjectAndLocalJars
> Task :react-native-async-storage_async-storage:copyReleaseJniLibsProjectAndLocalJars
> Task :react-native-async-storage_async-storage:extractDeepLinksForAarRelease
> Task :react-native-masked-view_masked-view:extractDeepLinksForAarRelease
> Task :react-native-masked-view_masked-view:extractReleaseAnnotations
> Task :react-native-async-storage_async-storage:extractReleaseAnnotations
> Task :react-native-masked-view_masked-view:mergeReleaseGeneratedProguardFiles
> Task :react-native-async-storage_async-storage:mergeReleaseGeneratedProguardFiles
> Task :react-native-masked-view_masked-view:mergeReleaseConsumerProguardFiles
> Task :react-native-async-storage_async-storage:mergeReleaseConsumerProguardFiles
> Task :react-native-async-storage_async-storage:prepareLintJarForPublish
> Task :react-native-masked-view_masked-view:prepareLintJarForPublish
> Task :react-native-masked-view_masked-view:mergeReleaseJavaResource
> Task :react-native-async-storage_async-storage:mergeReleaseJavaResource
> Task :react-native-masked-view_masked-view:syncReleaseLibJars
> Task :react-native-async-storage_async-storage:syncReleaseLibJars
> Task :react-native-masked-view_masked-view:bundleReleaseAar
> Task :react-native-async-storage_async-storage:bundleReleaseAar
> Task :react-native-safe-area-context:compileReleaseJavaWithJavac

> Task :react-native-svg:compileReleaseJavaWithJavac
Note: Some input files use or override a deprecated API.
Note: Recompile with -Xlint:deprecation for details.
Note: Some input files use unchecked or unsafe operations.
Note: Recompile with -Xlint:unchecked for details.

> Task :react-native-safe-area-context:bundleLibCompileToJarRelease
> Task :react-native-safe-area-context:bundleLibRuntimeToJarRelease
> Task :react-native-safe-area-context:bundleLibRuntimeToDirRelease
> Task :react-native-reanimated:extractDeepLinksForAarRelease
> Task :react-native-reanimated:prepareLintJarForPublish
> Task :react-native-reanimated:mergeReleaseJavaResource
> Task :react-native-safe-area-context:mergeReleaseShaders
> Task :react-native-safe-area-context:compileReleaseShaders NO-SOURCE
> Task :react-native-safe-area-context:generateReleaseAssets UP-TO-DATE
> Task :react-native-safe-area-context:mergeReleaseAssets
> Task :react-native-safe-area-context:processReleaseJavaRes
> Task :react-native-safe-area-context:stripReleaseDebugSymbols NO-SOURCE
> Task :react-native-pager-view:compileReleaseJavaWithJavac
> Task :react-native-safe-area-context:copyReleaseJniLibsProjectAndLocalJars
> Task :react-native-safe-area-context:extractDeepLinksForAarRelease
> Task :react-native-safe-area-context:extractReleaseAnnotations
> Task :react-native-safe-area-context:mergeReleaseGeneratedProguardFiles
> Task :react-native-pager-view:bundleLibCompileToJarRelease
> Task :react-native-pager-view:bundleLibRuntimeToJarRelease
> Task :react-native-pager-view:bundleLibRuntimeToDirRelease
> Task :react-native-svg:compileReleaseLibraryResources
> Task :react-native-svg:bundleLibCompileToJarRelease
> Task :react-native-svg:prepareReleaseArtProfile

> Task :app:createBundleReleaseJsAndAssets
Starting Metro Bundler

> Task :react-native-pager-view:mergeReleaseShaders
> Task :react-native-pager-view:compileReleaseShaders NO-SOURCE
> Task :react-native-pager-view:generateReleaseAssets UP-TO-DATE
> Task :react-native-pager-view:mergeReleaseAssets
> Task :react-native-svg:mergeReleaseShaders
> Task :react-native-svg:compileReleaseShaders NO-SOURCE
> Task :react-native-svg:generateReleaseAssets UP-TO-DATE
> Task :react-native-svg:mergeReleaseAssets
> Task :react-native-svg:bundleLibRuntimeToJarRelease
> Task :react-native-pager-view:processReleaseJavaRes
> Task :react-native-svg:processReleaseJavaRes NO-SOURCE
> Task :react-native-pager-view:stripReleaseDebugSymbols NO-SOURCE
> Task :react-native-pager-view:copyReleaseJniLibsProjectAndLocalJars
> Task :react-native-pager-view:extractDeepLinksForAarRelease
> Task :react-native-pager-view:extractReleaseAnnotations
> Task :react-native-pager-view:mergeReleaseGeneratedProguardFiles
> Task :react-native-pager-view:mergeReleaseConsumerProguardFiles
> Task :react-native-pager-view:prepareLintJarForPublish
> Task :react-native-pager-view:mergeReleaseJavaResource
> Task :react-native-pager-view:syncReleaseLibJars
> Task :react-native-pager-view:bundleReleaseAar
> Task :react-native-svg:bundleLibRuntimeToDirRelease
> Task :react-native-safe-area-context:mergeReleaseConsumerProguardFiles
The Daemon will expire after the build after running out of JVM Metaspace.
The project memory settings are likely not configured or are configured to an insufficient value.
The daemon will restart for the next build, which may increase subsequent build times.
These settings can be adjusted by setting 'org.gradle.jvmargs' in 'gradle.properties'.
The currently configured max heap space is '2 GiB' and the configured max metaspace is '512 MiB'.
For more information on how to set these values, please refer to https://docs.gradle.org/8.14.3/userguide/build_environment.html#sec:configuring_jvm_memory in the Gradle documentation.
To disable this warning, set 'org.gradle.daemon.performance.disable-logging=true'.
Daemon will be stopped at the end of the build after running out of JVM Metaspace
> Task :react-native-safe-area-context:prepareLintJarForPublish
> Task :react-native-safe-area-context:mergeReleaseJavaResource
> Task :react-native-svg:stripReleaseDebugSymbols NO-SOURCE
> Task :react-native-svg:copyReleaseJniLibsProjectAndLocalJars
> Task :react-native-svg:extractDeepLinksForAarRelease
> Task :react-native-svg:extractReleaseAnnotations
> Task :react-native-svg:mergeReleaseGeneratedProguardFiles
> Task :react-native-svg:mergeReleaseConsumerProguardFiles
> Task :react-native-svg:prepareLintJarForPublish
> Task :react-native-svg:mergeReleaseJavaResource
> Task :react-native-svg:syncReleaseLibJars
> Task :react-native-svg:bundleReleaseAar

> Task :app:createBundleReleaseJsAndAssets
warning: Bundler cache is empty, rebuilding (this may take a minute)
Android node_modules\expo\AppEntry.js â–‘â–‘â–‘â–‘â–‘â–‘â–‘â–‘â–‘â–‘â–‘â–‘â–‘â–‘â–‘â–‘  0.0% (0/1)
Android node_modules\expo\AppEntry.js â–“â–“â–“â–“â–“â–“â–“â–“â–‘â–‘â–‘â–‘â–‘â–‘â–‘â–‘ 52.4% (44/62)

> Task :react-native-async-storage_async-storage:mapReleaseSourceSetPaths
> Task :react-native-masked-view_masked-view:mapReleaseSourceSetPaths
> Task :react-native-safe-area-context:mapReleaseSourceSetPaths
> Task :react-native-svg:mapReleaseSourceSetPaths
> Task :react-native-safe-area-context:syncReleaseLibJars
> Task :react-native-safe-area-context:bundleReleaseAar

> Task :app:createBundleReleaseJsAndAssets
Android node_modules\expo\AppEntry.js â–“â–“â–“â–“â–“â–“â–“â–“â–“â–‘â–‘â–‘â–‘â–‘â–‘â–‘ 62.2% (387/700)

> Task :expo-modules-core:configureCMakeRelWithDebInfo[arm64-v8a]
> Task :react-native-screens:configureCMakeRelWithDebInfo[arm64-v8a]
> Task :stripe_stripe-react-native:dataBindingMergeDependencyArtifactsRelease
> Task :react-native-worklets:configureCMakeRelWithDebInfo[arm64-v8a]
> Task :react-native-pager-view:mapReleaseSourceSetPaths

> Task :app:createBundleReleaseJsAndAssets
Android node_modules\expo\AppEntry.js â–“â–“â–“â–“â–“â–“â–“â–“â–“â–‘â–‘â–‘â–‘â–‘â–‘â–‘ 62.2% (573/785)

> Task :stripe_stripe-react-native:generateReleaseResValues
> Task :stripe_stripe-react-native:generateReleaseResources
> Task :stripe_stripe-react-native:packageReleaseResources
> Task :stripe_stripe-react-native:generateReleaseBuildConfig
> Task :stripe_stripe-react-native:parseReleaseLocalResources
> Task :react-native-masked-view_masked-view:mergeReleaseResources
> Task :react-native-async-storage_async-storage:mergeReleaseResources

> Task :app:createBundleReleaseJsAndAssets
Android node_modules\expo\AppEntry.js â–“â–“â–“â–“â–“â–“â–“â–“â–“â–‘â–‘â–‘â–‘â–‘â–‘â–‘ 62.2% ( 768/1012)

> Task :react-native-pager-view:mergeReleaseResources
> Task :stripe_stripe-react-native:dataBindingGenBaseClassesRelease
> Task :stripe_stripe-react-native:javaPreCompileRelease
> Task :stripe_stripe-react-native:generateReleaseRFile
> Task :stripe_stripe-react-native:writeReleaseAarMetadata

> Task :app:createBundleReleaseJsAndAssets
Android node_modules\expo\AppEntry.js â–“â–“â–“â–“â–“â–“â–“â–“â–“â–“â–“â–‘â–‘â–‘â–‘â–‘ 73.1% ( 941/1125)

> Task :react-native-worklets:configureCMakeRelWithDebInfo[armeabi-v7a]

> Task :app:createBundleReleaseJsAndAssets
Android node_modules\expo\AppEntry.js â–“â–“â–“â–“â–“â–“â–“â–“â–“â–“â–“â–“â–‘â–‘â–‘â–‘ 77.7% (1171/1337)
Android node_modules\expo\AppEntry.js â–“â–“â–“â–“â–“â–“â–“â–“â–“â–“â–“â–“â–“â–“â–‘â–‘ 93.0% (1425/1478)

> Task :stripe_stripe-react-native:extractDeepLinksRelease
> Task :stripe_stripe-react-native:compileReleaseLibraryResources
> Task :stripe_stripe-react-native:prepareReleaseArtProfile

> Task :stripe_stripe-react-native:processReleaseManifest
package="com.reactnativestripesdk" found in source AndroidManifest.xml: C:\Progetti\CardsOfMoralDecay\node_modules\@stripe\stripe-react-native\android\src\main\AndroidManifest.xml.
Setting the namespace via the package attribute in the source AndroidManifest.xml is no longer supported, and the value is ignored.
Recommendation: remove package="com.reactnativestripesdk" from the source AndroidManifest.xml: C:\Progetti\CardsOfMoralDecay\node_modules\@stripe\stripe-react-native\android\src\main\AndroidManifest.xml.

> Task :stripe_stripe-react-native:mergeReleaseShaders
> Task :stripe_stripe-react-native:compileReleaseShaders NO-SOURCE
> Task :stripe_stripe-react-native:generateReleaseAssets UP-TO-DATE
> Task :stripe_stripe-react-native:mergeReleaseAssets
> Task :stripe_stripe-react-native:stripReleaseDebugSymbols NO-SOURCE
> Task :stripe_stripe-react-native:copyReleaseJniLibsProjectAndLocalJars
> Task :stripe_stripe-react-native:extractDeepLinksForAarRelease
> Task :stripe_stripe-react-native:prepareLintJarForPublish
> Task :react-native-worklets:configureCMakeRelWithDebInfo[x86]
> Task :react-native-svg:mergeReleaseResources

> Task :app:createBundleReleaseJsAndAssets
Android node_modules\expo\AppEntry.js â–“â–“â–“â–“â–“â–“â–“â–“â–“â–“â–“â–“â–“â–“â–“â–‘ 99.9% (1607/1607)

> Task :react-native-safe-area-context:mergeReleaseResources
> Task :react-native-worklets:configureCMakeRelWithDebInfo[x86_64]
> Task :react-native-worklets:generateJsonModelRelease
> Task :react-native-worklets:prefabReleaseConfigurePackage
> Task :stripe_stripe-react-native:mapReleaseSourceSetPaths

> Task :app:createBundleReleaseJsAndAssets
Android Bundled 32977ms node_modules\expo\AppEntry.js (1607 modules)
Android node_modules\expo\AppEntry.js â–“â–“â–“â–“â–“â–“â–“â–“â–“â–“â–“â–“â–“â–“â–“â–‘ 99.9% (1607/1607)
Writing bundle output to: android\app\build\generated\assets\createBundleReleaseJsAndAssets\index.android.bundle
Writing sourcemap output to: android\app\build\intermediates\sourcemaps\react\release\index.android.bundle.packager.map
Copying 50 asset files
Done writing bundle output
Done writing sourcemap output

> Task :stripe_stripe-react-native:compileReleaseKotlin
w: file:///C:/Progetti/CardsOfMoralDecay/node_modules/@stripe/stripe-react-native/android/src/main/java/com/reactnativestripesdk/CustomPaymentMethodActivity.kt:25:5 'fun overridePendingTransition(p0: Int, p1: Int): Unit' is deprecated. Deprecated in Java.
w: file:///C:/Progetti/CardsOfMoralDecay/node_modules/@stripe/stripe-react-native/android/src/main/java/com/reactnativestripesdk/CustomPaymentMethodActivity.kt:56:5 'fun overridePendingTransition(p0: Int, p1: Int): Unit' is deprecated. Deprecated in Java.
w: file:///C:/Progetti/CardsOfMoralDecay/node_modules/@stripe/stripe-react-native/android/src/main/java/com/reactnativestripesdk/FinancialConnectionsSheetFragment.kt:301:9 Duplicate branch condition in 'when'.
w: file:///C:/Progetti/CardsOfMoralDecay/node_modules/@stripe/stripe-react-native/android/src/main/java/com/reactnativestripesdk/GooglePayRequestHelper.kt:127:25 'static fun <TResult : AutoResolvableResult!> resolveTask(p0: Task<TResult!>, p1: Activity, p2: Int): Unit' is deprecated. Deprecated in Java.
w: file:///C:/Progetti/CardsOfMoralDecay/node_modules/@stripe/stripe-react-native/android/src/main/java/com/reactnativestripesdk/PaymentSheetAppearance.kt:547:37 'fun get(p0: String!): Any?' is deprecated. Deprecated in Java.
w: file:///C:/Progetti/CardsOfMoralDecay/node_modules/@stripe/stripe-react-native/android/src/main/java/com/reactnativestripesdk/PaymentSheetAppearance.kt:566:37 'fun get(p0: String!): Any?' is deprecated. Deprecated in Java.
w: file:///C:/Progetti/CardsOfMoralDecay/node_modules/@stripe/stripe-react-native/android/src/main/java/com/reactnativestripesdk/PaymentSheetAppearance.kt:600:37 'fun get(p0: String!): Any?' is deprecated. Deprecated in Java.
w: file:///C:/Progetti/CardsOfMoralDecay/node_modules/@stripe/stripe-react-native/android/src/main/java/com/reactnativestripesdk/PaymentSheetFragment.kt:130:66 'val drawableResourceId: Int' is deprecated. Please use icon() instead.
w: file:///C:/Progetti/CardsOfMoralDecay/node_modules/@stripe/stripe-react-native/android/src/main/java/com/reactnativestripesdk/PaymentSheetFragment.kt:393:66 'val drawableResourceId: Int' is deprecated. Please use icon() instead.
w: file:///C:/Progetti/CardsOfMoralDecay/node_modules/@stripe/stripe-react-native/android/src/main/java/com/reactnativestripesdk/StripeSdkModule.kt:1339:6 'val currentActivity: Activity?' is deprecated. Deprecated in 0.80.0. Use getReactApplicationContext.getCurrentActivity() instead.
w: file:///C:/Progetti/CardsOfMoralDecay/node_modules/@stripe/stripe-react-native/android/src/main/java/com/reactnativestripesdk/StripeSdkModule.kt:1339:6 This synthetic property is based on the getter function 'fun getCurrentActivity(): Activity?' from Kotlin. In the future, synthetic properties will be available only if the base getter function came from Java. Consider replacing this property access with a 'getCurrentActivity()' function call.
w: file:///C:/Progetti/CardsOfMoralDecay/node_modules/@stripe/stripe-react-native/android/src/main/java/com/reactnativestripesdk/StripeSdkModule.kt:1393:5 'val currentActivity: Activity?' is deprecated. Deprecated in 0.80.0. Use getReactApplicationContext.getCurrentActivity() instead.
w: file:///C:/Progetti/CardsOfMoralDecay/node_modules/@stripe/stripe-react-native/android/src/main/java/com/reactnativestripesdk/StripeSdkModule.kt:1393:5 This synthetic property is based on the getter function 'fun getCurrentActivity(): Activity?' from Kotlin. In the future, synthetic properties will be available only if the base getter function came from Java. Consider replacing this property access with a 'getCurrentActivity()' function call.
w: file:///C:/Progetti/CardsOfMoralDecay/node_modules/@stripe/stripe-react-native/android/src/main/java/com/reactnativestripesdk/StripeSdkModule.kt:1399:9 'val currentActivity: Activity?' is deprecated. Deprecated in 0.80.0. Use getReactApplicationContext.getCurrentActivity() instead.
w: file:///C:/Progetti/CardsOfMoralDecay/node_modules/@stripe/stripe-react-native/android/src/main/java/com/reactnativestripesdk/StripeSdkModule.kt:1399:9 This synthetic property is based on the getter function 'fun getCurrentActivity(): Activity?' from Kotlin. In the future, synthetic properties will be available only if the base getter function came from Java. Consider replacing this property access with a 'getCurrentActivity()' function call.
w: file:///C:/Progetti/CardsOfMoralDecay/node_modules/@stripe/stripe-react-native/android/src/main/java/com/reactnativestripesdk/pushprovisioning/TapAndPayProxy.kt:28:39 Unchecked cast of 'Any!' to 'Task<List<Any>>'.
w: file:///C:/Progetti/CardsOfMoralDecay/node_modules/@stripe/stripe-react-native/android/src/main/java/com/reactnativestripesdk/utils/Mappers.kt:231:5 'when' is exhaustive so 'else' is redundant here.
w: file:///C:/Progetti/CardsOfMoralDecay/node_modules/@stripe/stripe-react-native/android/src/main/java/com/reactnativestripesdk/utils/Mappers.kt:961:62 Unchecked cast of 'ArrayList<Any?>' to 'ArrayList<String>'.
w: file:///C:/Progetti/CardsOfMoralDecay/node_modules/@stripe/stripe-react-native/android/src/main/java/com/reactnativestripesdk/utils/Mappers.kt:962:60 Unchecked cast of 'ArrayList<Any?>' to 'ArrayList<Int>'.
w: file:///C:/Progetti/CardsOfMoralDecay/node_modules/@stripe/stripe-react-native/android/src/main/java/com/reactnativestripesdk/utils/Mappers.kt:971:7 'when' is exhaustive so 'else' is redundant here.
w: file:///C:/Progetti/CardsOfMoralDecay/node_modules/@stripe/stripe-react-native/android/src/main/java/com/reactnativestripesdk/utils/Mappers.kt:1037:52 Unchecked cast of 'Map<*, *>' to 'Map<String, Any?>'.
w: file:///C:/Progetti/CardsOfMoralDecay/node_modules/@stripe/stripe-react-native/android/src/main/java/com/reactnativestripesdk/utils/Mappers.kt:1056:54 Unchecked cast of 'Map<*, *>' to 'Map<String, Any?>'.
w: file:///C:/Progetti/CardsOfMoralDecay/node_modules/@stripe/stripe-react-native/android/src/main/java/com/reactnativestripesdk/utils/Mappers.kt:1072:49 'fun getSerializable(p0: String?): Serializable?' is deprecated. Deprecated in Java.
w: file:///C:/Progetti/CardsOfMoralDecay/node_modules/@stripe/stripe-react-native/android/src/main/java/com/reactnativestripesdk/utils/Mappers.kt:1072:112 Unchecked cast of 'Serializable?' to 'HashMap<String, Any>'.
w: file:///C:/Progetti/CardsOfMoralDecay/node_modules/@stripe/stripe-react-native/android/src/main/java/com/reactnativestripesdk/utils/Mappers.kt:1074:70 Unchecked cast of 'Any?' to 'List<HashMap<String, Any>>'.

> Task :react-native-reanimated:configureCMakeRelWithDebInfo[arm64-v8a]
> Task :react-native-masked-view_masked-view:verifyReleaseResources
> Task :react-native-async-storage_async-storage:verifyReleaseResources
> Task :react-native-screens:buildCMakeRelWithDebInfo[arm64-v8a]
> Task :react-native-svg:verifyReleaseResources
> Task :react-native-svg:assembleRelease
> Task :react-native-reanimated:configureCMakeRelWithDebInfo[armeabi-v7a]
> Task :react-native-async-storage_async-storage:assembleRelease
> Task :expo-modules-core:buildCMakeRelWithDebInfo[arm64-v8a]
> Task :react-native-safe-area-context:verifyReleaseResources
> Task :react-native-safe-area-context:assembleRelease
> Task :react-native-masked-view_masked-view:assembleRelease
> Task :react-native-pager-view:verifyReleaseResources
> Task :react-native-pager-view:assembleRelease
> Task :react-native-reanimated:configureCMakeRelWithDebInfo[x86]
> Task :react-native-worklets:buildCMakeRelWithDebInfo[arm64-v8a][worklets]
> Task :stripe_stripe-react-native:mergeReleaseResources
> Task :react-native-reanimated:configureCMakeRelWithDebInfo[x86_64]
> Task :react-native-reanimated:generateJsonModelRelease
> Task :react-native-reanimated:prefabReleaseConfigurePackage
> Task :react-native-screens:configureCMakeRelWithDebInfo[armeabi-v7a]
> Task :expo-modules-core:configureCMakeRelWithDebInfo[armeabi-v7a]
> Task :app:configureCMakeRelWithDebInfo[arm64-v8a]
> Task :react-native-screens:buildCMakeRelWithDebInfo[armeabi-v7a]
> Task :react-native-screens:configureCMakeRelWithDebInfo[x86]
> Task :stripe_stripe-react-native:compileReleaseJavaWithJavac
> Task :stripe_stripe-react-native:processReleaseJavaRes
> Task :stripe_stripe-react-native:bundleLibCompileToJarRelease
> Task :stripe_stripe-react-native:bundleLibRuntimeToJarRelease
> Task :stripe_stripe-react-native:extractReleaseAnnotations
> Task :stripe_stripe-react-native:mergeReleaseGeneratedProguardFiles
> Task :stripe_stripe-react-native:mergeReleaseConsumerProguardFiles
> Task :stripe_stripe-react-native:mergeReleaseJavaResource
> Task :stripe_stripe-react-native:bundleLibRuntimeToDirRelease
> Task :stripe_stripe-react-native:syncReleaseLibJars
> Task :stripe_stripe-react-native:bundleReleaseAar
> Task :expo-modules-core:buildCMakeRelWithDebInfo[armeabi-v7a]
> Task :app:configureCMakeRelWithDebInfo[armeabi-v7a]
> Task :react-native-worklets:buildCMakeRelWithDebInfo[armeabi-v7a][worklets]
> Task :react-native-screens:buildCMakeRelWithDebInfo[x86]
> Task :stripe_stripe-react-native:verifyReleaseResources
> Task :expo-modules-core:configureCMakeRelWithDebInfo[x86]
> Task :app:configureCMakeRelWithDebInfo[x86]
> Task :react-native-screens:configureCMakeRelWithDebInfo[x86_64]
> Task :app:configureCMakeRelWithDebInfo[x86_64]
> Task :app:generateReleaseResValues
> Task :app:processReleaseGoogleServices
> Task :app:generateReleaseResources
> Task :app:packageReleaseResources
> Task :app:createReleaseCompatibleScreenManifests
> Task :app:parseReleaseLocalResources
> Task :app:extractDeepLinksRelease
> Task :app:javaPreCompileRelease
> Task :app:desugarReleaseFileDependencies
> Task :app:mergeReleaseStartupProfile
> Task :expo-modules-core:buildCMakeRelWithDebInfo[x86]
> Task :react-native-screens:buildCMakeRelWithDebInfo[x86_64]
> Task :app:mergeExtDexRelease
> Task :react-native-worklets:buildCMakeRelWithDebInfo[x86][worklets]
> Task :react-native-screens:mergeReleaseJniLibFolders
> Task :react-native-screens:mergeReleaseNativeLibs
> Task :react-native-screens:copyReleaseJniLibsProjectOnly
> Task :react-native-screens:checkKotlinGradlePluginConfigurationErrors SKIPPED
> Task :react-native-screens:generateReleaseBuildConfig
> Task :react-native-screens:generateReleaseResValues
> Task :react-native-screens:generateReleaseResources
> Task :react-native-screens:packageReleaseResources
> Task :react-native-screens:javaPreCompileRelease
> Task :react-native-screens:extractDeepLinksRelease
> Task :react-native-screens:parseReleaseLocalResources FAILED
> Task :react-native-screens:writeReleaseAarMetadata
> Task :react-native-screens:processReleaseManifest
> Task :stripe_stripe-react-native:verifyReleaseResources FAILED

> Task :expo-modules-core:buildCMakeRelWithDebInfo[x86] FAILED
C/C++: ninja: Entering directory `C:\Progetti\CardsOfMoralDecay\node_modules\expo-modules-core\android\.cxx\RelWithDebInfo\5r5p2f26\x86'
C/C++: cmd.exe /C "cd . && C:\Users\39338\AppData\Local\Android\Sdk\ndk\27.1.12297006\toolchains\llvm\prebuilt\windows-x86_64\bin\clang++.exe --target=i686-none-linux-android24 --sysroot=C:/Users/39338/AppData/Local/Android/Sdk/ndk/27.1.12297006/toolchains/llvm/prebuilt/windows-x86_64/sysroot -fPIC -g -DANDROID -fdata-sections -ffunction-sections -funwind-tables -fstack-protector-strong -no-canonical-prefixes -D__BIONIC_NO_PAGE_SIZE_MACRO -D_FORTIFY_SOURCE=2 -Wformat -Werror=format-security   -DREACT_NATIVE_TARGET_VERSION=81 -O2 -g -DNDEBUG  -Wl,--build-id=sha1 -Wl,--no-rosegment -Wl,--no-undefined-version -Wl,--fatal-warnings -Wl,--no-undefined -Qunused-arguments  -Wl,--gc-sections -shared -Wl,-soname,libexpo-modules-core.so -o ..\..\..\..\build\intermediates\cxx\RelWithDebInfo\5r5p2f26\obj\x86\libexpo-modules-core.so CMakeFiles/expo-modules-core.dir/C_/Progetti/CardsOfMoralDecay/node_modules/expo-modules-core/common/cpp/EventEmitter.cpp.o CMakeFiles/expo-modules-core.dir/C_/Progetti/CardsOfMoralDecay/node_modules/expo-modules-core/common/cpp/JSIUtils.cpp.o CMakeFiles/expo-modules-core.dir/C_/Progetti/CardsOfMoralDecay/node_modules/expo-modules-core/common/cpp/LazyObject.cpp.o CMakeFiles/expo-modules-core.dir/C_/Progetti/CardsOfMoralDecay/node_modules/expo-modules-core/common/cpp/NativeModule.cpp.o CMakeFiles/expo-modules-core.dir/C_/Progetti/CardsOfMoralDecay/node_modules/expo-modules-core/common/cpp/ObjectDeallocator.cpp.o CMakeFiles/expo-modules-core.dir/C_/Progetti/CardsOfMoralDecay/node_modules/expo-modules-core/common/cpp/SharedObject.cpp.o CMakeFiles/expo-modules-core.dir/C_/Progetti/CardsOfMoralDecay/node_modules/expo-modules-core/common/cpp/SharedRef.cpp.o CMakeFiles/expo-modules-core.dir/C_/Progetti/CardsOfMoralDecay/node_modules/expo-modules-core/common/cpp/TypedArray.cpp.o CMakeFiles/expo-modules-core.dir/src/main/cpp/Exceptions.cpp.o CMakeFiles/expo-modules-core.dir/src/main/cpp/ExpoModulesHostObject.cpp.o CMakeFiles/expo-modules-core.dir/src/main/cpp/JNIDeallocator.cpp.o CMakeFiles/expo-modules-core.dir/src/main/cpp/JNIFunctionBody.cpp.o CMakeFiles/expo-modules-core.dir/src/main/cpp/JNIInjector.cpp.o CMakeFiles/expo-modules-core.dir/src/main/cpp/JNIUtils.cpp.o CMakeFiles/expo-modules-core.dir/src/main/cpp/JSIContext.cpp.o CMakeFiles/expo-modules-core.dir/src/main/cpp/JSReferencesCache.cpp.o CMakeFiles/expo-modules-core.dir/src/main/cpp/JSharedObject.cpp.o CMakeFiles/expo-modules-core.dir/src/main/cpp/JavaCallback.cpp.o CMakeFiles/expo-modules-core.dir/src/main/cpp/JavaReferencesCache.cpp.o CMakeFiles/expo-modules-core.dir/src/main/cpp/JavaScriptFunction.cpp.o CMakeFiles/expo-modules-core.dir/src/main/cpp/JavaScriptModuleObject.cpp.o CMakeFiles/expo-modules-core.dir/src/main/cpp/JavaScriptObject.cpp.o CMakeFiles/expo-modules-core.dir/src/main/cpp/JavaScriptRuntime.cpp.o CMakeFiles/expo-modules-core.dir/src/main/cpp/JavaScriptTypedArray.cpp.o CMakeFiles/expo-modules-core.dir/src/main/cpp/JavaScriptValue.cpp.o CMakeFiles/expo-modules-core.dir/src/main/cpp/JavaScriptWeakObject.cpp.o CMakeFiles/expo-modules-core.dir/src/main/cpp/MethodMetadata.cpp.o CMakeFiles/expo-modules-core.dir/src/main/cpp/RuntimeHolder.cpp.o CMakeFiles/expo-modules-core.dir/src/main/cpp/WeakRuntimeHolder.cpp.o CMakeFiles/expo-modules-core.dir/src/main/cpp/types/AnyType.cpp.o CMakeFiles/expo-modules-core.dir/src/main/cpp/types/ExpectedType.cpp.o CMakeFiles/expo-modules-core.dir/src/main/cpp/types/FrontendConverter.cpp.o CMakeFiles/expo-modules-core.dir/src/main/cpp/types/FrontendConverterProvider.cpp.o CMakeFiles/expo-modules-core.dir/src/main/cpp/types/JNIToJSIConverter.cpp.o CMakeFiles/expo-modules-core.dir/src/main/cpp/decorators/JSClassesDecorator.cpp.o CMakeFiles/expo-modules-core.dir/src/main/cpp/decorators/JSConstantsDecorator.cpp.o CMakeFiles/expo-modules-core.dir/src/main/cpp/decorators/JSDecoratorsBridgingObject.cpp.o CMakeFiles/expo-modules-core.dir/src/main/cpp/decorators/JSFunctionsDecorator.cpp.o CMakeFiles/expo-modules-core.dir/src/main/cpp/decorators/JSObjectDecorator.cpp.o CMakeFiles/expo-modules-core.dir/src/main/cpp/decorators/JSPropertiesDecorator.cpp.o  C:/Users/39338/AppData/Local/Android/Sdk/ndk/27.1.12297006/toolchains/llvm/prebuilt/windows-x86_64/sysroot/usr/lib/i686-linux-android/24/liblog.so  C:/Users/39338/.gradle/caches/8.14.3/transforms/1d9b33ce555da17de0d2d1933ef9bfa3/transformed/fbjni-0.7.0/prefab/modules/fbjni/libs/android.x86/libfbjni.so  C:/Users/39338/.gradle/caches/8.14.3/transforms/5361c2961195a7f7b1caefc6911a3fc2/transformed/react-android-0.81.5-release/prefab/modules/jsi/libs/android.x86/libjsi.so  -landroid  src/fabric/libfabric.a  C:/Users/39338/.gradle/caches/8.14.3/transforms/5361c2961195a7f7b1caefc6911a3fc2/transformed/react-android-0.81.5-release/prefab/modules/reactnative/libs/android.x86/libreactnative.so  C:/Users/39338/.gradle/caches/8.14.3/transforms/1d9b33ce555da17de0d2d1933ef9bfa3/transformed/fbjni-0.7.0/prefab/modules/fbjni/libs/android.x86/libfbjni.so  C:/Users/39338/.gradle/caches/8.14.3/transforms/5361c2961195a7f7b1caefc6911a3fc2/transformed/react-android-0.81.5-release/prefab/modules/jsi/libs/android.x86/libjsi.so  C:/Users/39338/.gradle/caches/8.14.3/transforms/5361c2961195a7f7b1caefc6911a3fc2/transformed/react-android-0.81.5-release/prefab/modules/reactnative/libs/android.x86/libreactnative.so  -latomic -lm && cd ."
C/C++: clang++: error: no such file or directory: 'CMakeFiles/expo-modules-core.dir/C_/Progetti/CardsOfMoralDecay/node_modules/expo-modules-core/common/cpp/LazyObject.cpp.o'
C/C++: clang++: error: no such file or directory: 'CMakeFiles/expo-modules-core.dir/C_/Progetti/CardsOfMoralDecay/node_modules/expo-modules-core/common/cpp/NativeModule.cpp.o'
C/C++: clang++: error: no such file or directory: 'CMakeFiles/expo-modules-core.dir/C_/Progetti/CardsOfMoralDecay/node_modules/expo-modules-core/common/cpp/ObjectDeallocator.cpp.o'
C/C++: clang++: error: no such file or directory: 'CMakeFiles/expo-modules-core.dir/C_/Progetti/CardsOfMoralDecay/node_modules/expo-modules-core/common/cpp/SharedObject.cpp.o'
C/C++: clang++: error: no such file or directory: 'CMakeFiles/expo-modules-core.dir/C_/Progetti/CardsOfMoralDecay/node_modules/expo-modules-core/common/cpp/SharedRef.cpp.o'
C/C++: clang++: error: no such file or directory: 'CMakeFiles/expo-modules-core.dir/C_/Progetti/CardsOfMoralDecay/node_modules/expo-modules-core/common/cpp/TypedArray.cpp.o'
C/C++: clang++: error: no such file or directory: 'CMakeFiles/expo-modules-core.dir/src/main/cpp/Exceptions.cpp.o'
C/C++: clang++: error: no such file or directory: 'CMakeFiles/expo-modules-core.dir/src/main/cpp/ExpoModulesHostObject.cpp.o'
C/C++: clang++: error: no such file or directory: 'CMakeFiles/expo-modules-core.dir/src/main/cpp/JNIDeallocator.cpp.o'
C/C++: clang++: error: no such file or directory: 'CMakeFiles/expo-modules-core.dir/src/main/cpp/JNIFunctionBody.cpp.o'
C/C++: clang++: error: no such file or directory: 'CMakeFiles/expo-modules-core.dir/src/main/cpp/JNIInjector.cpp.o'
C/C++: clang++: error: no such file or directory: 'CMakeFiles/expo-modules-core.dir/src/main/cpp/JNIUtils.cpp.o'
C/C++: clang++: error: no such file or directory: 'CMakeFiles/expo-modules-core.dir/src/main/cpp/JSIContext.cpp.o'
C/C++: clang++: error: no such file or directory: 'CMakeFiles/expo-modules-core.dir/src/main/cpp/JSReferencesCache.cpp.o'
C/C++: clang++: error: no such file or directory: 'CMakeFiles/expo-modules-core.dir/src/main/cpp/JSharedObject.cpp.o'
C/C++: clang++: error: no such file or directory: 'CMakeFiles/expo-modules-core.dir/src/main/cpp/JavaReferencesCache.cpp.o'
C/C++: clang++: error: no such file or directory: 'CMakeFiles/expo-modules-core.dir/src/main/cpp/JavaScriptFunction.cpp.o'
C/C++: clang++: error: no such file or directory: 'CMakeFiles/expo-modules-core.dir/src/main/cpp/JavaScriptModuleObject.cpp.o'
C/C++: clang++: error: no such file or directory: 'CMakeFiles/expo-modules-core.dir/src/main/cpp/JavaScriptObject.cpp.o'
C/C++: clang++: error: no such file or directory: 'CMakeFiles/expo-modules-core.dir/src/main/cpp/JavaScriptRuntime.cpp.o'
C/C++: clang++: error: no such file or directory: 'CMakeFiles/expo-modules-core.dir/src/main/cpp/JavaScriptTypedArray.cpp.o'
C/C++: clang++: error: no such file or directory: 'CMakeFiles/expo-modules-core.dir/src/main/cpp/JavaScriptValue.cpp.o'
C/C++: clang++: error: no such file or directory: 'CMakeFiles/expo-modules-core.dir/src/main/cpp/JavaScriptWeakObject.cpp.o'
C/C++: clang++: error: no such file or directory: 'CMakeFiles/expo-modules-core.dir/src/main/cpp/MethodMetadata.cpp.o'
C/C++: clang++: error: no such file or directory: 'CMakeFiles/expo-modules-core.dir/src/main/cpp/RuntimeHolder.cpp.o'
C/C++: clang++: error: no such file or directory: 'CMakeFiles/expo-modules-core.dir/src/main/cpp/WeakRuntimeHolder.cpp.o'
C/C++: clang++: error: no such file or directory: 'CMakeFiles/expo-modules-core.dir/src/main/cpp/types/AnyType.cpp.o'
C/C++: clang++: error: no such file or directory: 'CMakeFiles/expo-modules-core.dir/src/main/cpp/types/ExpectedType.cpp.o'
C/C++: clang++: error: no such file or directory: 'CMakeFiles/expo-modules-core.dir/src/main/cpp/decorators/JSFunctionsDecorator.cpp.o'
C/C++: clang++: error: no such file or directory: 'src/fabric/libfabric.a'
C/C++: ninja: build stopped: subcommand failed.

> Task :react-native-worklets:buildCMakeRelWithDebInfo[x86][worklets]
C/C++: ninja: Entering directory `C:\Progetti\CardsOfMoralDecay\node_modules\react-native-worklets\android\.cxx\RelWithDebInfo\733u276t\x86'
C/C++: cmd.exe /C "cd . && C:\Users\39338\AppData\Local\Android\Sdk\ndk\27.1.12297006\toolchains\llvm\prebuilt\windows-x86_64\bin\clang++.exe --target=i686-none-linux-android24 --sysroot=C:/Users/39338/AppData/Local/Android/Sdk/ndk/27.1.12297006/toolchains/llvm/prebuilt/windows-x86_64/sysroot -fPIC -g -DANDROID -fdata-sections -ffunction-sections -funwind-tables -fstack-protector-strong -no-canonical-prefixes -D__BIONIC_NO_PAGE_SIZE_MACRO -D_FORTIFY_SOURCE=2 -Wformat -Werror=format-security   -DREACT_NATIVE_MINOR_VERSION=81         -DWORKLETS_VERSION=0.5.1         -DWORKLETS_FEATURE_FLAGS="[RUNTIME_TEST_FLAG:false][IOS_DYNAMIC_FRAMERATE_ENABLED:true]" -fno-omit-frame-pointer -fstack-protector-all -DNDEBUG -DJS_RUNTIME_HERMES=1 -O2 -g -DNDEBUG  -Wl,--build-id=sha1 -Wl,--no-rosegment -Wl,--no-undefined-version -Wl,--fatal-warnings -Wl,--no-undefined -Qunused-arguments  -Wl,--gc-sections -shared -Wl,-soname,libworklets.so -o ..\..\..\..\build\intermediates\cxx\RelWithDebInfo\733u276t\obj\x86\libworklets.so CMakeFiles/worklets.dir/abecd0d416a76fc891b7fb3a0ae480c1/Common/cpp/worklets/AnimationFrameQueue/AnimationFrameBatchinator.cpp.o CMakeFiles/worklets.dir/929f3a62a2010d0a140c5b2527c48221/react-native-worklets/Common/cpp/worklets/NativeModules/JSIWorkletsModuleProxy.cpp.o CMakeFiles/worklets.dir/929f3a62a2010d0a140c5b2527c48221/react-native-worklets/Common/cpp/worklets/NativeModules/WorkletsModuleProxy.cpp.o CMakeFiles/worklets.dir/929f3a62a2010d0a140c5b2527c48221/react-native-worklets/Common/cpp/worklets/Registries/EventHandlerRegistry.cpp.o CMakeFiles/worklets.dir/929f3a62a2010d0a140c5b2527c48221/react-native-worklets/Common/cpp/worklets/Registries/WorkletRuntimeRegistry.cpp.o CMakeFiles/worklets.dir/929f3a62a2010d0a140c5b2527c48221/react-native-worklets/Common/cpp/worklets/Resources/SynchronizableUnpacker.cpp.o CMakeFiles/worklets.dir/C_/Progetti/CardsOfMoralDecay/node_modules/react-native-worklets/Common/cpp/worklets/Resources/ValueUnpacker.cpp.o CMakeFiles/worklets.dir/C_/Progetti/CardsOfMoralDecay/node_modules/react-native-worklets/Common/cpp/worklets/RunLoop/AsyncQueueImpl.cpp.o CMakeFiles/worklets.dir/C_/Progetti/CardsOfMoralDecay/node_modules/react-native-worklets/Common/cpp/worklets/RunLoop/EventLoop.cpp.o CMakeFiles/worklets.dir/C_/Progetti/CardsOfMoralDecay/node_modules/react-native-worklets/Common/cpp/worklets/SharedItems/Serializable.cpp.o CMakeFiles/worklets.dir/C_/Progetti/CardsOfMoralDecay/node_modules/react-native-worklets/Common/cpp/worklets/SharedItems/Synchronizable.cpp.o CMakeFiles/worklets.dir/929f3a62a2010d0a140c5b2527c48221/react-native-worklets/Common/cpp/worklets/SharedItems/SynchronizableAccess.cpp.o CMakeFiles/worklets.dir/C_/Progetti/CardsOfMoralDecay/node_modules/react-native-worklets/Common/cpp/worklets/Tools/FeatureFlags.cpp.o CMakeFiles/worklets.dir/C_/Progetti/CardsOfMoralDecay/node_modules/react-native-worklets/Common/cpp/worklets/Tools/JSISerializer.cpp.o CMakeFiles/worklets.dir/C_/Progetti/CardsOfMoralDecay/node_modules/react-native-worklets/Common/cpp/worklets/Tools/JSLogger.cpp.o CMakeFiles/worklets.dir/C_/Progetti/CardsOfMoralDecay/node_modules/react-native-worklets/Common/cpp/worklets/Tools/JSScheduler.cpp.o CMakeFiles/worklets.dir/C_/Progetti/CardsOfMoralDecay/node_modules/react-native-worklets/Common/cpp/worklets/Tools/UIScheduler.cpp.o CMakeFiles/worklets.dir/C_/Progetti/CardsOfMoralDecay/node_modules/react-native-worklets/Common/cpp/worklets/Tools/VersionUtils.cpp.o CMakeFiles/worklets.dir/C_/Progetti/CardsOfMoralDecay/node_modules/react-native-worklets/Common/cpp/worklets/Tools/WorkletEventHandler.cpp.o CMakeFiles/worklets.dir/C_/Progetti/CardsOfMoralDecay/node_modules/react-native-worklets/Common/cpp/worklets/Tools/WorkletsJSIUtils.cpp.o CMakeFiles/worklets.dir/C_/Progetti/CardsOfMoralDecay/node_modules/react-native-worklets/Common/cpp/worklets/Tools/WorkletsVersion.cpp.o CMakeFiles/worklets.dir/abecd0d416a76fc891b7fb3a0ae480c1/Common/cpp/worklets/WorkletRuntime/RNRuntimeWorkletDecorator.cpp.o CMakeFiles/worklets.dir/C_/Progetti/CardsOfMoralDecay/node_modules/react-native-worklets/Common/cpp/worklets/WorkletRuntime/RuntimeData.cpp.o CMakeFiles/worklets.dir/929f3a62a2010d0a140c5b2527c48221/react-native-worklets/Common/cpp/worklets/WorkletRuntime/RuntimeManager.cpp.o CMakeFiles/worklets.dir/929f3a62a2010d0a140c5b2527c48221/react-native-worklets/Common/cpp/worklets/WorkletRuntime/UIRuntimeDecorator.cpp.o CMakeFiles/worklets.dir/929f3a62a2010d0a140c5b2527c48221/react-native-worklets/Common/cpp/worklets/WorkletRuntime/WorkletHermesRuntime.cpp.o CMakeFiles/worklets.dir/929f3a62a2010d0a140c5b2527c48221/react-native-worklets/Common/cpp/worklets/WorkletRuntime/WorkletRuntime.cpp.o CMakeFiles/worklets.dir/abecd0d416a76fc891b7fb3a0ae480c1/Common/cpp/worklets/WorkletRuntime/WorkletRuntimeDecorator.cpp.o CMakeFiles/worklets.dir/src/main/cpp/worklets/android/AndroidUIScheduler.cpp.o CMakeFiles/worklets.dir/src/main/cpp/worklets/android/PlatformLogger.cpp.o CMakeFiles/worklets.dir/src/main/cpp/worklets/android/WorkletsModule.cpp.o CMakeFiles/worklets.dir/src/main/cpp/worklets/android/WorkletsOnLoad.cpp.o  -llog  C:/Users/39338/.gradle/caches/8.14.3/transforms/5361c2961195a7f7b1caefc6911a3fc2/transformed/react-android-0.81.5-release/prefab/modules/jsi/libs/android.x86/libjsi.so  C:/Users/39338/.gradle/caches/8.14.3/transforms/1d9b33ce555da17de0d2d1933ef9bfa3/transformed/fbjni-0.7.0/prefab/modules/fbjni/libs/android.x86/libfbjni.so  C:/Users/39338/.gradle/caches/8.14.3/transforms/5361c2961195a7f7b1caefc6911a3fc2/transformed/react-android-0.81.5-release/prefab/modules/reactnative/libs/android.x86/libreactnative.so  C:/Users/39338/.gradle/caches/8.14.3/transforms/e8989d61f4b78ccb6eae212c9ac00ff1/transformed/hermes-android-0.81.5-release/prefab/modules/libhermes/libs/android.x86/libhermes.so  -latomic -lm && cd ."
C/C++: clang++: error: no such file or directory: 'CMakeFiles/worklets.dir/929f3a62a2010d0a140c5b2527c48221/react-native-worklets/Common/cpp/worklets/Resources/SynchronizableUnpacker.cpp.o'
C/C++: clang++: error: no such file or directory: 'CMakeFiles/worklets.dir/929f3a62a2010d0a140c5b2527c48221/react-native-worklets/Common/cpp/worklets/SharedItems/SynchronizableAccess.cpp.o'
C/C++: ninja: build stopped: subcommand failed.

> Task :react-native-worklets:buildCMakeRelWithDebInfo[x86][worklets] FAILED

[Incubating] Problems report is available at: file:///C:/Progetti/CardsOfMoralDecay/android/build/reports/problems/problems-report.html

FAILURE: Build completed with 4 failures.

1: Task failed with an exception.
-----------
* What went wrong:
Execution failed for task ':react-native-screens:parseReleaseLocalResources'.
> A failure occurred while executing com.android.build.gradle.internal.res.ParseLibraryResourcesTask$ParseResourcesRunnable
   > !directory.isDirectory()

* Try:
> Run with --info or --debug option to get more log output.
> Run with --scan to get full insights.
> Get more help at https://help.gradle.org.

* Exception is:
org.gradle.api.tasks.TaskExecutionException: Execution failed for task ':react-native-screens:parseReleaseLocalResources'.
	at org.gradle.api.internal.tasks.execution.ExecuteActionsTaskExecuter.lambda$executeIfValid$1(ExecuteActionsTaskExecuter.java:130)
	at org.gradle.internal.Try$Failure.ifSuccessfulOrElse(Try.java:293)
	at org.gradle.api.internal.tasks.execution.ExecuteActionsTaskExecuter.executeIfValid(ExecuteActionsTaskExecuter.java:128)
	at org.gradle.api.internal.tasks.execution.ExecuteActionsTaskExecuter.execute(ExecuteActionsTaskExecuter.java:116)
	at org.gradle.api.internal.tasks.execution.ProblemsTaskPathTrackingTaskExecuter.execute(ProblemsTaskPathTrackingTaskExecuter.java:41)
	at org.gradle.api.internal.tasks.execution.FinalizePropertiesTaskExecuter.execute(FinalizePropertiesTaskExecuter.java:46)
	at org.gradle.api.internal.tasks.execution.ResolveTaskExecutionModeExecuter.execute(ResolveTaskExecutionModeExecuter.java:51)
	at org.gradle.api.internal.tasks.execution.SkipTaskWithNoActionsExecuter.execute(SkipTaskWithNoActionsExecuter.java:57)
	at org.gradle.api.internal.tasks.execution.SkipOnlyIfTaskExecuter.execute(SkipOnlyIfTaskExecuter.java:74)
	at org.gradle.api.internal.tasks.execution.CatchExceptionTaskExecuter.execute(CatchExceptionTaskExecuter.java:36)
	at org.gradle.api.internal.tasks.execution.EventFiringTaskExecuter$1.executeTask(EventFiringTaskExecuter.java:77)
	at org.gradle.api.internal.tasks.execution.EventFiringTaskExecuter$1.call(EventFiringTaskExecuter.java:55)
	at org.gradle.api.internal.tasks.execution.EventFiringTaskExecuter$1.call(EventFiringTaskExecuter.java:52)
	at org.gradle.internal.operations.DefaultBuildOperationRunner$CallableBuildOperationWorker.execute(DefaultBuildOperationRunner.java:210)
	at org.gradle.internal.operations.DefaultBuildOperationRunner$CallableBuildOperationWorker.execute(DefaultBuildOperationRunner.java:205)
	at org.gradle.internal.operations.DefaultBuildOperationRunner$2.execute(DefaultBuildOperationRunner.java:67)
	at org.gradle.internal.operations.DefaultBuildOperationRunner$2.execute(DefaultBuildOperationRunner.java:60)
	at org.gradle.internal.operations.DefaultBuildOperationRunner.execute(DefaultBuildOperationRunner.java:167)
	at org.gradle.internal.operations.DefaultBuildOperationRunner.execute(DefaultBuildOperationRunner.java:60)
	at org.gradle.internal.operations.DefaultBuildOperationRunner.call(DefaultBuildOperationRunner.java:54)
	at org.gradle.api.internal.tasks.execution.EventFiringTaskExecuter.execute(EventFiringTaskExecuter.java:52)
	at org.gradle.execution.plan.LocalTaskNodeExecutor.execute(LocalTaskNodeExecutor.java:42)
	at org.gradle.execution.taskgraph.DefaultTaskExecutionGraph$InvokeNodeExecutorsAction.execute(DefaultTaskExecutionGraph.java:331)
	at org.gradle.execution.taskgraph.DefaultTaskExecutionGraph$InvokeNodeExecutorsAction.execute(DefaultTaskExecutionGraph.java:318)
	at org.gradle.execution.taskgraph.DefaultTaskExecutionGraph$BuildOperationAwareExecutionAction.lambda$execute$0(DefaultTaskExecutionGraph.java:314)
	at org.gradle.internal.operations.CurrentBuildOperationRef.with(CurrentBuildOperationRef.java:85)
	at org.gradle.execution.taskgraph.DefaultTaskExecutionGraph$BuildOperationAwareExecutionAction.execute(DefaultTaskExecutionGraph.java:314)
	at org.gradle.execution.taskgraph.DefaultTaskExecutionGraph$BuildOperationAwareExecutionAction.execute(DefaultTaskExecutionGraph.java:303)
	at org.gradle.execution.plan.DefaultPlanExecutor$ExecutorWorker.execute(DefaultPlanExecutor.java:459)
	at org.gradle.execution.plan.DefaultPlanExecutor$ExecutorWorker.run(DefaultPlanExecutor.java:376)
	at org.gradle.internal.concurrent.ExecutorPolicy$CatchAndRecordFailures.onExecute(ExecutorPolicy.java:64)
	at org.gradle.internal.concurrent.AbstractManagedExecutor$1.run(AbstractManagedExecutor.java:48)
Caused by: org.gradle.workers.internal.DefaultWorkerExecutor$WorkExecutionException: A failure occurred while executing com.android.build.gradle.internal.res.ParseLibraryResourcesTask$ParseResourcesRunnable
	at org.gradle.workers.internal.DefaultWorkerExecutor$WorkItemExecution.waitForCompletion(DefaultWorkerExecutor.java:287)
	at org.gradle.internal.work.DefaultAsyncWorkTracker.lambda$waitForItemsAndGatherFailures$2(DefaultAsyncWorkTracker.java:130)
	at org.gradle.internal.Factories$1.create(Factories.java:31)
	at org.gradle.internal.work.DefaultWorkerLeaseService.withoutLocks(DefaultWorkerLeaseService.java:335)
	at org.gradle.internal.work.DefaultWorkerLeaseService.withoutLocks(DefaultWorkerLeaseService.java:318)
	at org.gradle.internal.work.DefaultWorkerLeaseService.withoutLock(DefaultWorkerLeaseService.java:323)
	at org.gradle.internal.work.DefaultAsyncWorkTracker.waitForItemsAndGatherFailures(DefaultAsyncWorkTracker.java:126)
	at org.gradle.internal.work.DefaultAsyncWorkTracker.waitForItemsAndGatherFailures(DefaultAsyncWorkTracker.java:92)
	at org.gradle.internal.work.DefaultAsyncWorkTracker.waitForAll(DefaultAsyncWorkTracker.java:78)
	at org.gradle.internal.work.DefaultAsyncWorkTracker.waitForCompletion(DefaultAsyncWorkTracker.java:66)
	at org.gradle.api.internal.tasks.execution.TaskExecution$3.run(TaskExecution.java:252)
	at org.gradle.internal.operations.DefaultBuildOperationRunner$1.execute(DefaultBuildOperationRunner.java:30)
	at org.gradle.internal.operations.DefaultBuildOperationRunner$1.execute(DefaultBuildOperationRunner.java:27)
	at org.gradle.internal.operations.DefaultBuildOperationRunner$2.execute(DefaultBuildOperationRunner.java:67)
	at org.gradle.internal.operations.DefaultBuildOperationRunner$2.execute(DefaultBuildOperationRunner.java:60)
	at org.gradle.internal.operations.DefaultBuildOperationRunner.execute(DefaultBuildOperationRunner.java:167)
	at org.gradle.internal.operations.DefaultBuildOperationRunner.execute(DefaultBuildOperationRunner.java:60)
	at org.gradle.internal.operations.DefaultBuildOperationRunner.run(DefaultBuildOperationRunner.java:48)
	at org.gradle.api.internal.tasks.execution.TaskExecution.executeAction(TaskExecution.java:229)
	at org.gradle.api.internal.tasks.execution.TaskExecution.executeActions(TaskExecution.java:212)
	at org.gradle.api.internal.tasks.execution.TaskExecution.executeWithPreviousOutputFiles(TaskExecution.java:195)
	at org.gradle.api.internal.tasks.execution.TaskExecution.execute(TaskExecution.java:162)
	at org.gradle.internal.execution.steps.ExecuteStep.executeInternal(ExecuteStep.java:105)
	at org.gradle.internal.execution.steps.ExecuteStep.access$000(ExecuteStep.java:44)
	at org.gradle.internal.execution.steps.ExecuteStep$1.call(ExecuteStep.java:59)
	at org.gradle.internal.execution.steps.ExecuteStep$1.call(ExecuteStep.java:56)
	at org.gradle.internal.operations.DefaultBuildOperationRunner$CallableBuildOperationWorker.execute(DefaultBuildOperationRunner.java:210)
	at org.gradle.internal.operations.DefaultBuildOperationRunner$CallableBuildOperationWorker.execute(DefaultBuildOperationRunner.java:205)
	at org.gradle.internal.operations.DefaultBuildOperationRunner$2.execute(DefaultBuildOperationRunner.java:67)
	at org.gradle.internal.operations.DefaultBuildOperationRunner$2.execute(DefaultBuildOperationRunner.java:60)
	at org.gradle.internal.operations.DefaultBuildOperationRunner.execute(DefaultBuildOperationRunner.java:167)
	at org.gradle.internal.operations.DefaultBuildOperationRunner.execute(DefaultBuildOperationRunner.java:60)
	at org.gradle.internal.operations.DefaultBuildOperationRunner.call(DefaultBuildOperationRunner.java:54)
	at org.gradle.internal.execution.steps.ExecuteStep.execute(ExecuteStep.java:56)
	at org.gradle.internal.execution.steps.ExecuteStep.execute(ExecuteStep.java:44)
	at org.gradle.internal.execution.steps.CancelExecutionStep.execute(CancelExecutionStep.java:42)
	at org.gradle.internal.execution.steps.TimeoutStep.executeWithoutTimeout(TimeoutStep.java:75)
	at org.gradle.internal.execution.steps.TimeoutStep.execute(TimeoutStep.java:55)
	at org.gradle.internal.execution.steps.PreCreateOutputParentsStep.execute(PreCreateOutputParentsStep.java:50)
	at org.gradle.internal.execution.steps.PreCreateOutputParentsStep.execute(PreCreateOutputParentsStep.java:28)
	at org.gradle.internal.execution.steps.RemovePreviousOutputsStep.execute(RemovePreviousOutputsStep.java:67)
	at org.gradle.internal.execution.steps.RemovePreviousOutputsStep.execute(RemovePreviousOutputsStep.java:37)
	at org.gradle.internal.execution.steps.BroadcastChangingOutputsStep.execute(BroadcastChangingOutputsStep.java:61)
	at org.gradle.internal.execution.steps.BroadcastChangingOutputsStep.execute(BroadcastChangingOutputsStep.java:26)
	at org.gradle.internal.execution.steps.CaptureOutputsAfterExecutionStep.execute(CaptureOutputsAfterExecutionStep.java:69)
	at org.gradle.internal.execution.steps.CaptureOutputsAfterExecutionStep.execute(CaptureOutputsAfterExecutionStep.java:46)
	at org.gradle.internal.execution.steps.ResolveInputChangesStep.execute(ResolveInputChangesStep.java:40)
	at org.gradle.internal.execution.steps.ResolveInputChangesStep.execute(ResolveInputChangesStep.java:29)
	at org.gradle.internal.execution.steps.BuildCacheStep.executeWithoutCache(BuildCacheStep.java:189)
	at org.gradle.internal.execution.steps.BuildCacheStep.lambda$execute$1(BuildCacheStep.java:75)
	at org.gradle.internal.Either$Right.fold(Either.java:175)
	at org.gradle.internal.execution.caching.CachingState.fold(CachingState.java:62)
	at org.gradle.internal.execution.steps.BuildCacheStep.execute(BuildCacheStep.java:73)
	at org.gradle.internal.execution.steps.BuildCacheStep.execute(BuildCacheStep.java:48)
	at org.gradle.internal.execution.steps.StoreExecutionStateStep.execute(StoreExecutionStateStep.java:46)
	at org.gradle.internal.execution.steps.StoreExecutionStateStep.execute(StoreExecutionStateStep.java:35)
	at org.gradle.internal.execution.steps.SkipUpToDateStep.executeBecause(SkipUpToDateStep.java:75)
	at org.gradle.internal.execution.steps.SkipUpToDateStep.lambda$execute$2(SkipUpToDateStep.java:53)
	at org.gradle.internal.execution.steps.SkipUpToDateStep.execute(SkipUpToDateStep.java:53)
	at org.gradle.internal.execution.steps.SkipUpToDateStep.execute(SkipUpToDateStep.java:35)
	at org.gradle.internal.execution.steps.legacy.MarkSnapshottingInputsFinishedStep.execute(MarkSnapshottingInputsFinishedStep.java:37)
	at org.gradle.internal.execution.steps.legacy.MarkSnapshottingInputsFinishedStep.execute(MarkSnapshottingInputsFinishedStep.java:27)
	at org.gradle.internal.execution.steps.ResolveIncrementalCachingStateStep.executeDelegate(ResolveIncrementalCachingStateStep.java:49)
	at org.gradle.internal.execution.steps.ResolveIncrementalCachingStateStep.executeDelegate(ResolveIncrementalCachingStateStep.java:27)
	at org.gradle.internal.execution.steps.AbstractResolveCachingStateStep.execute(AbstractResolveCachingStateStep.java:71)
	at org.gradle.internal.execution.steps.AbstractResolveCachingStateStep.execute(AbstractResolveCachingStateStep.java:39)
	at org.gradle.internal.execution.steps.ResolveChangesStep.execute(ResolveChangesStep.java:65)
	at org.gradle.internal.execution.steps.ResolveChangesStep.execute(ResolveChangesStep.java:36)
	at org.gradle.internal.execution.steps.ValidateStep.execute(ValidateStep.java:107)
	at org.gradle.internal.execution.steps.ValidateStep.execute(ValidateStep.java:56)
	at org.gradle.internal.execution.steps.AbstractCaptureStateBeforeExecutionStep.execute(AbstractCaptureStateBeforeExecutionStep.java:64)
	at org.gradle.internal.execution.steps.AbstractCaptureStateBeforeExecutionStep.execute(AbstractCaptureStateBeforeExecutionStep.java:43)
	at org.gradle.internal.execution.steps.AbstractSkipEmptyWorkStep.executeWithNonEmptySources(AbstractSkipEmptyWorkStep.java:125)
	at org.gradle.internal.execution.steps.AbstractSkipEmptyWorkStep.execute(AbstractSkipEmptyWorkStep.java:56)
	at org.gradle.internal.execution.steps.AbstractSkipEmptyWorkStep.execute(AbstractSkipEmptyWorkStep.java:36)
	at org.gradle.internal.execution.steps.legacy.MarkSnapshottingInputsStartedStep.execute(MarkSnapshottingInputsStartedStep.java:38)
	at org.gradle.internal.execution.steps.LoadPreviousExecutionStateStep.execute(LoadPreviousExecutionStateStep.java:36)
	at org.gradle.internal.execution.steps.LoadPreviousExecutionStateStep.execute(LoadPreviousExecutionStateStep.java:23)
	at org.gradle.internal.execution.steps.HandleStaleOutputsStep.execute(HandleStaleOutputsStep.java:75)
	at org.gradle.internal.execution.steps.HandleStaleOutputsStep.execute(HandleStaleOutputsStep.java:41)
	at org.gradle.internal.execution.steps.AssignMutableWorkspaceStep.lambda$execute$0(AssignMutableWorkspaceStep.java:35)
	at org.gradle.api.internal.tasks.execution.TaskExecution$4.withWorkspace(TaskExecution.java:289)
	at org.gradle.internal.execution.steps.AssignMutableWorkspaceStep.execute(AssignMutableWorkspaceStep.java:31)
	at org.gradle.internal.execution.steps.AssignMutableWorkspaceStep.execute(AssignMutableWorkspaceStep.java:22)
	at org.gradle.internal.execution.steps.ChoosePipelineStep.execute(ChoosePipelineStep.java:40)
	at org.gradle.internal.execution.steps.ChoosePipelineStep.execute(ChoosePipelineStep.java:23)
	at org.gradle.internal.execution.steps.ExecuteWorkBuildOperationFiringStep.lambda$execute$2(ExecuteWorkBuildOperationFiringStep.java:67)
	at org.gradle.internal.execution.steps.ExecuteWorkBuildOperationFiringStep.execute(ExecuteWorkBuildOperationFiringStep.java:67)
	at org.gradle.internal.execution.steps.ExecuteWorkBuildOperationFiringStep.execute(ExecuteWorkBuildOperationFiringStep.java:39)
	at org.gradle.internal.execution.steps.IdentityCacheStep.execute(IdentityCacheStep.java:46)
	at org.gradle.internal.execution.steps.IdentityCacheStep.execute(IdentityCacheStep.java:34)
	at org.gradle.internal.execution.steps.IdentifyStep.execute(IdentifyStep.java:48)
	at org.gradle.internal.execution.steps.IdentifyStep.execute(IdentifyStep.java:35)
	at org.gradle.internal.execution.impl.DefaultExecutionEngine$1.execute(DefaultExecutionEngine.java:64)
	at org.gradle.api.internal.tasks.execution.ExecuteActionsTaskExecuter.executeIfValid(ExecuteActionsTaskExecuter.java:127)
	at org.gradle.api.internal.tasks.execution.ExecuteActionsTaskExecuter.execute(ExecuteActionsTaskExecuter.java:116)
	at org.gradle.api.internal.tasks.execution.ProblemsTaskPathTrackingTaskExecuter.execute(ProblemsTaskPathTrackingTaskExecuter.java:41)
	at org.gradle.api.internal.tasks.execution.FinalizePropertiesTaskExecuter.execute(FinalizePropertiesTaskExecuter.java:46)
	at org.gradle.api.internal.tasks.execution.ResolveTaskExecutionModeExecuter.execute(ResolveTaskExecutionModeExecuter.java:51)
	at org.gradle.api.internal.tasks.execution.SkipTaskWithNoActionsExecuter.execute(SkipTaskWithNoActionsExecuter.java:57)
	at org.gradle.api.internal.tasks.execution.SkipOnlyIfTaskExecuter.execute(SkipOnlyIfTaskExecuter.java:74)
	at org.gradle.api.internal.tasks.execution.CatchExceptionTaskExecuter.execute(CatchExceptionTaskExecuter.java:36)
	at org.gradle.api.internal.tasks.execution.EventFiringTaskExecuter$1.executeTask(EventFiringTaskExecuter.java:77)
	at org.gradle.api.internal.tasks.execution.EventFiringTaskExecuter$1.call(EventFiringTaskExecuter.java:55)
	at org.gradle.api.internal.tasks.execution.EventFiringTaskExecuter$1.call(EventFiringTaskExecuter.java:52)
	at org.gradle.internal.operations.DefaultBuildOperationRunner$CallableBuildOperationWorker.execute(DefaultBuildOperationRunner.java:210)
	at org.gradle.internal.operations.DefaultBuildOperationRunner$CallableBuildOperationWorker.execute(DefaultBuildOperationRunner.java:205)
	at org.gradle.internal.operations.DefaultBuildOperationRunner$2.execute(DefaultBuildOperationRunner.java:67)
	at org.gradle.internal.operations.DefaultBuildOperationRunner$2.execute(DefaultBuildOperationRunner.java:60)
	at org.gradle.internal.operations.DefaultBuildOperationRunner.execute(DefaultBuildOperationRunner.java:167)
	at org.gradle.internal.operations.DefaultBuildOperationRunner.execute(DefaultBuildOperationRunner.java:60)
	at org.gradle.internal.operations.DefaultBuildOperationRunner.call(DefaultBuildOperationRunner.java:54)
	at org.gradle.api.internal.tasks.execution.EventFiringTaskExecuter.execute(EventFiringTaskExecuter.java:52)
	at org.gradle.execution.plan.LocalTaskNodeExecutor.execute(LocalTaskNodeExecutor.java:42)
	at org.gradle.execution.taskgraph.DefaultTaskExecutionGraph$InvokeNodeExecutorsAction.execute(DefaultTaskExecutionGraph.java:331)
	at org.gradle.execution.taskgraph.DefaultTaskExecutionGraph$InvokeNodeExecutorsAction.execute(DefaultTaskExecutionGraph.java:318)
	at org.gradle.execution.taskgraph.DefaultTaskExecutionGraph$BuildOperationAwareExecutionAction.lambda$execute$0(DefaultTaskExecutionGraph.java:314)
	at org.gradle.internal.operations.CurrentBuildOperationRef.with(CurrentBuildOperationRef.java:85)
	at org.gradle.execution.taskgraph.DefaultTaskExecutionGraph$BuildOperationAwareExecutionAction.execute(DefaultTaskExecutionGraph.java:314)
	at org.gradle.execution.taskgraph.DefaultTaskExecutionGraph$BuildOperationAwareExecutionAction.execute(DefaultTaskExecutionGraph.java:303)
	at org.gradle.execution.plan.DefaultPlanExecutor$ExecutorWorker.execute(DefaultPlanExecutor.java:459)
	at org.gradle.execution.plan.DefaultPlanExecutor$ExecutorWorker.run(DefaultPlanExecutor.java:376)
	at org.gradle.internal.concurrent.ExecutorPolicy$CatchAndRecordFailures.onExecute(ExecutorPolicy.java:64)
	at org.gradle.internal.concurrent.AbstractManagedExecutor$1.run(AbstractManagedExecutor.java:48)
Caused by: java.lang.IllegalArgumentException: !directory.isDirectory()
	at com.google.common.base.Preconditions.checkArgument(Preconditions.java:167)
	at com.android.ide.common.symbols.ResourceDirectoryParser.parseResourceSourceSetDirectory(ResourceDirectoryParser.kt:84)
	at com.android.build.gradle.internal.res.ParseLibraryResourcesTaskKt.doFullTaskAction(ParseLibraryResourcesTask.kt:228)
	at com.android.build.gradle.internal.res.ParseLibraryResourcesTask$ParseResourcesRunnable.run(ParseLibraryResourcesTask.kt:147)
	at com.android.build.gradle.internal.profile.ProfileAwareWorkAction.execute(ProfileAwareWorkAction.kt:74)
	at org.gradle.workers.internal.DefaultWorkerServer.execute(DefaultWorkerServer.java:63)
	at org.gradle.workers.internal.NoIsolationWorkerFactory$1$1.create(NoIsolationWorkerFactory.java:66)
	at org.gradle.workers.internal.NoIsolationWorkerFactory$1$1.create(NoIsolationWorkerFactory.java:62)
	at org.gradle.internal.classloader.ClassLoaderUtils.executeInClassloader(ClassLoaderUtils.java:100)
	at org.gradle.workers.internal.NoIsolationWorkerFactory$1.lambda$execute$0(NoIsolationWorkerFactory.java:62)
	at org.gradle.workers.internal.AbstractWorker$1.call(AbstractWorker.java:44)
	at org.gradle.workers.internal.AbstractWorker$1.call(AbstractWorker.java:41)
	at org.gradle.internal.operations.DefaultBuildOperationRunner$CallableBuildOperationWorker.execute(DefaultBuildOperationRunner.java:210)
	at org.gradle.internal.operations.DefaultBuildOperationRunner$CallableBuildOperationWorker.execute(DefaultBuildOperationRunner.java:205)
	at org.gradle.internal.operations.DefaultBuildOperationRunner$2.execute(DefaultBuildOperationRunner.java:67)
	at org.gradle.internal.operations.DefaultBuildOperationRunner$2.execute(DefaultBuildOperationRunner.java:60)
	at org.gradle.internal.operations.DefaultBuildOperationRunner.execute(DefaultBuildOperationRunner.java:167)
	at org.gradle.internal.operations.DefaultBuildOperationRunner.execute(DefaultBuildOperationRunner.java:60)
	at org.gradle.internal.operations.DefaultBuildOperationRunner.call(DefaultBuildOperationRunner.java:54)
	at org.gradle.workers.internal.AbstractWorker.executeWrappedInBuildOperation(AbstractWorker.java:41)
	at org.gradle.workers.internal.NoIsolationWorkerFactory$1.execute(NoIsolationWorkerFactory.java:59)
	at org.gradle.workers.internal.DefaultWorkerExecutor.lambda$submitWork$0(DefaultWorkerExecutor.java:174)
	at org.gradle.internal.work.DefaultConditionalExecutionQueue$ExecutionRunner.runExecution(DefaultConditionalExecutionQueue.java:194)
	at org.gradle.internal.work.DefaultConditionalExecutionQueue$ExecutionRunner.access$700(DefaultConditionalExecutionQueue.java:127)
	at org.gradle.internal.work.DefaultConditionalExecutionQueue$ExecutionRunner$1.run(DefaultConditionalExecutionQueue.java:169)
	at org.gradle.internal.Factories$1.create(Factories.java:31)
	at org.gradle.internal.work.DefaultWorkerLeaseService.withLocks(DefaultWorkerLeaseService.java:263)
	at org.gradle.internal.work.DefaultWorkerLeaseService.runAsWorkerThread(DefaultWorkerLeaseService.java:127)
	at org.gradle.internal.work.DefaultWorkerLeaseService.runAsWorkerThread(DefaultWorkerLeaseService.java:132)
	at org.gradle.internal.work.DefaultConditionalExecutionQueue$ExecutionRunner.runBatch(DefaultConditionalExecutionQueue.java:164)
	at org.gradle.internal.work.DefaultConditionalExecutionQueue$ExecutionRunner.run(DefaultConditionalExecutionQueue.java:133)
	... 2 more

==============================================================================

2: Task failed with an exception.
-----------
* What went wrong:
Execution failed for task ':stripe_stripe-react-native:verifyReleaseResources'.
> A failure occurred while executing com.android.build.gradle.tasks.VerifyLibraryResourcesTask$Action
   > AAPT2 aapt2-8.11.0-12782657-windows Daemon #0: Unexpected error during link, attempting to stop daemon.
     This should not happen under normal circumstances, please file an issue if it does.

* Try:
> Run with --info or --debug option to get more log output.
> Run with --scan to get full insights.
> Get more help at https://help.gradle.org.

* Exception is:
org.gradle.api.tasks.TaskExecutionException: Execution failed for task ':stripe_stripe-react-native:verifyReleaseResources'.
	at org.gradle.api.internal.tasks.execution.ExecuteActionsTaskExecuter.lambda$executeIfValid$1(ExecuteActionsTaskExecuter.java:130)
	at org.gradle.internal.Try$Failure.ifSuccessfulOrElse(Try.java:293)
	at org.gradle.api.internal.tasks.execution.ExecuteActionsTaskExecuter.executeIfValid(ExecuteActionsTaskExecuter.java:128)
	at org.gradle.api.internal.tasks.execution.ExecuteActionsTaskExecuter.execute(ExecuteActionsTaskExecuter.java:116)
	at org.gradle.api.internal.tasks.execution.ProblemsTaskPathTrackingTaskExecuter.execute(ProblemsTaskPathTrackingTaskExecuter.java:41)
	at org.gradle.api.internal.tasks.execution.FinalizePropertiesTaskExecuter.execute(FinalizePropertiesTaskExecuter.java:46)
	at org.gradle.api.internal.tasks.execution.ResolveTaskExecutionModeExecuter.execute(ResolveTaskExecutionModeExecuter.java:51)
	at org.gradle.api.internal.tasks.execution.SkipTaskWithNoActionsExecuter.execute(SkipTaskWithNoActionsExecuter.java:57)
	at org.gradle.api.internal.tasks.execution.SkipOnlyIfTaskExecuter.execute(SkipOnlyIfTaskExecuter.java:74)
	at org.gradle.api.internal.tasks.execution.CatchExceptionTaskExecuter.execute(CatchExceptionTaskExecuter.java:36)
	at org.gradle.api.internal.tasks.execution.EventFiringTaskExecuter$1.executeTask(EventFiringTaskExecuter.java:77)
	at org.gradle.api.internal.tasks.execution.EventFiringTaskExecuter$1.call(EventFiringTaskExecuter.java:55)
	at org.gradle.api.internal.tasks.execution.EventFiringTaskExecuter$1.call(EventFiringTaskExecuter.java:52)
	at org.gradle.internal.operations.DefaultBuildOperationRunner$CallableBuildOperationWorker.execute(DefaultBuildOperationRunner.java:210)
	at org.gradle.internal.operations.DefaultBuildOperationRunner$CallableBuildOperationWorker.execute(DefaultBuildOperationRunner.java:205)
	at org.gradle.internal.operations.DefaultBuildOperationRunner$2.execute(DefaultBuildOperationRunner.java:67)
	at org.gradle.internal.operations.DefaultBuildOperationRunner$2.execute(DefaultBuildOperationRunner.java:60)
	at org.gradle.internal.operations.DefaultBuildOperationRunner.execute(DefaultBuildOperationRunner.java:167)
	at org.gradle.internal.operations.DefaultBuildOperationRunner.execute(DefaultBuildOperationRunner.java:60)
	at org.gradle.internal.operations.DefaultBuildOperationRunner.call(DefaultBuildOperationRunner.java:54)
	at org.gradle.api.internal.tasks.execution.EventFiringTaskExecuter.execute(EventFiringTaskExecuter.java:52)
	at org.gradle.execution.plan.LocalTaskNodeExecutor.execute(LocalTaskNodeExecutor.java:42)
	at org.gradle.execution.taskgraph.DefaultTaskExecutionGraph$InvokeNodeExecutorsAction.execute(DefaultTaskExecutionGraph.java:331)
	at org.gradle.execution.taskgraph.DefaultTaskExecutionGraph$InvokeNodeExecutorsAction.execute(DefaultTaskExecutionGraph.java:318)
	at org.gradle.execution.taskgraph.DefaultTaskExecutionGraph$BuildOperationAwareExecutionAction.lambda$execute$0(DefaultTaskExecutionGraph.java:314)
	at org.gradle.internal.operations.CurrentBuildOperationRef.with(CurrentBuildOperationRef.java:85)
	at org.gradle.execution.taskgraph.DefaultTaskExecutionGraph$BuildOperationAwareExecutionAction.execute(DefaultTaskExecutionGraph.java:314)
	at org.gradle.execution.taskgraph.DefaultTaskExecutionGraph$BuildOperationAwareExecutionAction.execute(DefaultTaskExecutionGraph.java:303)
	at org.gradle.execution.plan.DefaultPlanExecutor$ExecutorWorker.execute(DefaultPlanExecutor.java:459)
	at org.gradle.execution.plan.DefaultPlanExecutor$ExecutorWorker.run(DefaultPlanExecutor.java:376)
	at org.gradle.internal.concurrent.ExecutorPolicy$CatchAndRecordFailures.onExecute(ExecutorPolicy.java:64)
	at org.gradle.internal.concurrent.AbstractManagedExecutor$1.run(AbstractManagedExecutor.java:48)
	at java.base/java.util.concurrent.ThreadPoolExecutor.runWorker(ThreadPoolExecutor.java:1136)
	at java.base/java.util.concurrent.ThreadPoolExecutor$Worker.run(ThreadPoolExecutor.java:635)
	at java.base/java.lang.Thread.run(Thread.java:840)
Caused by: org.gradle.workers.internal.DefaultWorkerExecutor$WorkExecutionException: A failure occurred while executing com.android.build.gradle.tasks.VerifyLibraryResourcesTask$Action
	at org.gradle.workers.internal.DefaultWorkerExecutor$WorkItemExecution.waitForCompletion(DefaultWorkerExecutor.java:287)
	at org.gradle.internal.work.DefaultAsyncWorkTracker.lambda$waitForItemsAndGatherFailures$2(DefaultAsyncWorkTracker.java:130)
	at org.gradle.internal.Factories$1.create(Factories.java:31)
	at org.gradle.internal.work.DefaultWorkerLeaseService.withoutLocks(DefaultWorkerLeaseService.java:335)
	at org.gradle.internal.work.DefaultWorkerLeaseService.withoutLocks(DefaultWorkerLeaseService.java:318)
	at org.gradle.internal.work.DefaultWorkerLeaseService.withoutLock(DefaultWorkerLeaseService.java:323)
	at org.gradle.internal.work.DefaultAsyncWorkTracker.waitForItemsAndGatherFailures(DefaultAsyncWorkTracker.java:126)
	at org.gradle.internal.work.DefaultAsyncWorkTracker.waitForItemsAndGatherFailures(DefaultAsyncWorkTracker.java:92)
	at org.gradle.internal.work.DefaultAsyncWorkTracker.waitForAll(DefaultAsyncWorkTracker.java:78)
	at org.gradle.internal.work.DefaultAsyncWorkTracker.waitForCompletion(DefaultAsyncWorkTracker.java:66)
	at org.gradle.api.internal.tasks.execution.TaskExecution$3.run(TaskExecution.java:252)
	at org.gradle.internal.operations.DefaultBuildOperationRunner$1.execute(DefaultBuildOperationRunner.java:30)
	at org.gradle.internal.operations.DefaultBuildOperationRunner$1.execute(DefaultBuildOperationRunner.java:27)
	at org.gradle.internal.operations.DefaultBuildOperationRunner$2.execute(DefaultBuildOperationRunner.java:67)
	at org.gradle.internal.operations.DefaultBuildOperationRunner$2.execute(DefaultBuildOperationRunner.java:60)
	at org.gradle.internal.operations.DefaultBuildOperationRunner.execute(DefaultBuildOperationRunner.java:167)
	at org.gradle.internal.operations.DefaultBuildOperationRunner.execute(DefaultBuildOperationRunner.java:60)
	at org.gradle.internal.operations.DefaultBuildOperationRunner.run(DefaultBuildOperationRunner.java:48)
	at org.gradle.api.internal.tasks.execution.TaskExecution.executeAction(TaskExecution.java:229)
	at org.gradle.api.internal.tasks.execution.TaskExecution.executeActions(TaskExecution.java:212)
	at org.gradle.api.internal.tasks.execution.TaskExecution.executeWithPreviousOutputFiles(TaskExecution.java:195)
	at org.gradle.api.internal.tasks.execution.TaskExecution.execute(TaskExecution.java:162)
	at org.gradle.internal.execution.steps.ExecuteStep.executeInternal(ExecuteStep.java:105)
	at org.gradle.internal.execution.steps.ExecuteStep.access$000(ExecuteStep.java:44)
	at org.gradle.internal.execution.steps.ExecuteStep$1.call(ExecuteStep.java:59)
	at org.gradle.internal.execution.steps.ExecuteStep$1.call(ExecuteStep.java:56)
	at org.gradle.internal.operations.DefaultBuildOperationRunner$CallableBuildOperationWorker.execute(DefaultBuildOperationRunner.java:210)
	at org.gradle.internal.operations.DefaultBuildOperationRunner$CallableBuildOperationWorker.execute(DefaultBuildOperationRunner.java:205)
	at org.gradle.internal.operations.DefaultBuildOperationRunner$2.execute(DefaultBuildOperationRunner.java:67)
	at org.gradle.internal.operations.DefaultBuildOperationRunner$2.execute(DefaultBuildOperationRunner.java:60)
	at org.gradle.internal.operations.DefaultBuildOperationRunner.execute(DefaultBuildOperationRunner.java:167)
	at org.gradle.internal.operations.DefaultBuildOperationRunner.execute(DefaultBuildOperationRunner.java:60)
	at org.gradle.internal.operations.DefaultBuildOperationRunner.call(DefaultBuildOperationRunner.java:54)
	at org.gradle.internal.execution.steps.ExecuteStep.execute(ExecuteStep.java:56)
	at org.gradle.internal.execution.steps.ExecuteStep.execute(ExecuteStep.java:44)
	at org.gradle.internal.execution.steps.CancelExecutionStep.execute(CancelExecutionStep.java:42)
	at org.gradle.internal.execution.steps.TimeoutStep.executeWithoutTimeout(TimeoutStep.java:75)
	at org.gradle.internal.execution.steps.TimeoutStep.execute(TimeoutStep.java:55)
	at org.gradle.internal.execution.steps.PreCreateOutputParentsStep.execute(PreCreateOutputParentsStep.java:50)
	at org.gradle.internal.execution.steps.PreCreateOutputParentsStep.execute(PreCreateOutputParentsStep.java:28)
	at org.gradle.internal.execution.steps.RemovePreviousOutputsStep.execute(RemovePreviousOutputsStep.java:67)
	at org.gradle.internal.execution.steps.RemovePreviousOutputsStep.execute(RemovePreviousOutputsStep.java:37)
	at org.gradle.internal.execution.steps.BroadcastChangingOutputsStep.execute(BroadcastChangingOutputsStep.java:61)
	at org.gradle.internal.execution.steps.BroadcastChangingOutputsStep.execute(BroadcastChangingOutputsStep.java:26)
	at org.gradle.internal.execution.steps.CaptureOutputsAfterExecutionStep.execute(CaptureOutputsAfterExecutionStep.java:69)
	at org.gradle.internal.execution.steps.CaptureOutputsAfterExecutionStep.execute(CaptureOutputsAfterExecutionStep.java:46)
	at org.gradle.internal.execution.steps.ResolveInputChangesStep.execute(ResolveInputChangesStep.java:40)
	at org.gradle.internal.execution.steps.ResolveInputChangesStep.execute(ResolveInputChangesStep.java:29)
	at org.gradle.internal.execution.steps.BuildCacheStep.executeWithoutCache(BuildCacheStep.java:189)
	at org.gradle.internal.execution.steps.BuildCacheStep.lambda$execute$1(BuildCacheStep.java:75)
	at org.gradle.internal.Either$Right.fold(Either.java:175)
	at org.gradle.internal.execution.caching.CachingState.fold(CachingState.java:62)
	at org.gradle.internal.execution.steps.BuildCacheStep.execute(BuildCacheStep.java:73)
	at org.gradle.internal.execution.steps.BuildCacheStep.execute(BuildCacheStep.java:48)
	at org.gradle.internal.execution.steps.StoreExecutionStateStep.execute(StoreExecutionStateStep.java:46)
	at org.gradle.internal.execution.steps.StoreExecutionStateStep.execute(StoreExecutionStateStep.java:35)
	at org.gradle.internal.execution.steps.SkipUpToDateStep.executeBecause(SkipUpToDateStep.java:75)
	at org.gradle.internal.execution.steps.SkipUpToDateStep.lambda$execute$2(SkipUpToDateStep.java:53)
	at java.base/java.util.Optional.orElseGet(Optional.java:364)
	at org.gradle.internal.execution.steps.SkipUpToDateStep.execute(SkipUpToDateStep.java:53)
	at org.gradle.internal.execution.steps.SkipUpToDateStep.execute(SkipUpToDateStep.java:35)
	at org.gradle.internal.execution.steps.legacy.MarkSnapshottingInputsFinishedStep.execute(MarkSnapshottingInputsFinishedStep.java:37)
	at org.gradle.internal.execution.steps.legacy.MarkSnapshottingInputsFinishedStep.execute(MarkSnapshottingInputsFinishedStep.java:27)
	at org.gradle.internal.execution.steps.ResolveIncrementalCachingStateStep.executeDelegate(ResolveIncrementalCachingStateStep.java:49)
	at org.gradle.internal.execution.steps.ResolveIncrementalCachingStateStep.executeDelegate(ResolveIncrementalCachingStateStep.java:27)
	at org.gradle.internal.execution.steps.AbstractResolveCachingStateStep.execute(AbstractResolveCachingStateStep.java:71)
	at org.gradle.internal.execution.steps.AbstractResolveCachingStateStep.execute(AbstractResolveCachingStateStep.java:39)
	at org.gradle.internal.execution.steps.ResolveChangesStep.execute(ResolveChangesStep.java:65)
	at org.gradle.internal.execution.steps.ResolveChangesStep.execute(ResolveChangesStep.java:36)
	at org.gradle.internal.execution.steps.ValidateStep.execute(ValidateStep.java:107)
	at org.gradle.internal.execution.steps.ValidateStep.execute(ValidateStep.java:56)
	at org.gradle.internal.execution.steps.AbstractCaptureStateBeforeExecutionStep.execute(AbstractCaptureStateBeforeExecutionStep.java:64)
	at org.gradle.internal.execution.steps.AbstractCaptureStateBeforeExecutionStep.execute(AbstractCaptureStateBeforeExecutionStep.java:43)
	at org.gradle.internal.execution.steps.AbstractSkipEmptyWorkStep.executeWithNonEmptySources(AbstractSkipEmptyWorkStep.java:125)
	at org.gradle.internal.execution.steps.AbstractSkipEmptyWorkStep.execute(AbstractSkipEmptyWorkStep.java:56)
	at org.gradle.internal.execution.steps.AbstractSkipEmptyWorkStep.execute(AbstractSkipEmptyWorkStep.java:36)
	at org.gradle.internal.execution.steps.legacy.MarkSnapshottingInputsStartedStep.execute(MarkSnapshottingInputsStartedStep.java:38)
	at org.gradle.internal.execution.steps.LoadPreviousExecutionStateStep.execute(LoadPreviousExecutionStateStep.java:36)
	at org.gradle.internal.execution.steps.LoadPreviousExecutionStateStep.execute(LoadPreviousExecutionStateStep.java:23)
	at org.gradle.internal.execution.steps.HandleStaleOutputsStep.execute(HandleStaleOutputsStep.java:75)
	at org.gradle.internal.execution.steps.HandleStaleOutputsStep.execute(HandleStaleOutputsStep.java:41)
	at org.gradle.internal.execution.steps.AssignMutableWorkspaceStep.lambda$execute$0(AssignMutableWorkspaceStep.java:35)
	at org.gradle.api.internal.tasks.execution.TaskExecution$4.withWorkspace(TaskExecution.java:289)
	at org.gradle.internal.execution.steps.AssignMutableWorkspaceStep.execute(AssignMutableWorkspaceStep.java:31)
	at org.gradle.internal.execution.steps.AssignMutableWorkspaceStep.execute(AssignMutableWorkspaceStep.java:22)
	at org.gradle.internal.execution.steps.ChoosePipelineStep.execute(ChoosePipelineStep.java:40)
	at org.gradle.internal.execution.steps.ChoosePipelineStep.execute(ChoosePipelineStep.java:23)
	at org.gradle.internal.execution.steps.ExecuteWorkBuildOperationFiringStep.lambda$execute$2(ExecuteWorkBuildOperationFiringStep.java:67)
	at java.base/java.util.Optional.orElseGet(Optional.java:364)
	at org.gradle.internal.execution.steps.ExecuteWorkBuildOperationFiringStep.execute(ExecuteWorkBuildOperationFiringStep.java:67)
	at org.gradle.internal.execution.steps.ExecuteWorkBuildOperationFiringStep.execute(ExecuteWorkBuildOperationFiringStep.java:39)
	at org.gradle.internal.execution.steps.IdentityCacheStep.execute(IdentityCacheStep.java:46)
	at org.gradle.internal.execution.steps.IdentityCacheStep.execute(IdentityCacheStep.java:34)
	at org.gradle.internal.execution.steps.IdentifyStep.execute(IdentifyStep.java:48)
	at org.gradle.internal.execution.steps.IdentifyStep.execute(IdentifyStep.java:35)
	at org.gradle.internal.execution.impl.DefaultExecutionEngine$1.execute(DefaultExecutionEngine.java:64)
	at org.gradle.api.internal.tasks.execution.ExecuteActionsTaskExecuter.executeIfValid(ExecuteActionsTaskExecuter.java:127)
	at org.gradle.api.internal.tasks.execution.ExecuteActionsTaskExecuter.execute(ExecuteActionsTaskExecuter.java:116)
	at org.gradle.api.internal.tasks.execution.ProblemsTaskPathTrackingTaskExecuter.execute(ProblemsTaskPathTrackingTaskExecuter.java:41)
	at org.gradle.api.internal.tasks.execution.FinalizePropertiesTaskExecuter.execute(FinalizePropertiesTaskExecuter.java:46)
	at org.gradle.api.internal.tasks.execution.ResolveTaskExecutionModeExecuter.execute(ResolveTaskExecutionModeExecuter.java:51)
	at org.gradle.api.internal.tasks.execution.SkipTaskWithNoActionsExecuter.execute(SkipTaskWithNoActionsExecuter.java:57)
	at org.gradle.api.internal.tasks.execution.SkipOnlyIfTaskExecuter.execute(SkipOnlyIfTaskExecuter.java:74)
	at org.gradle.api.internal.tasks.execution.CatchExceptionTaskExecuter.execute(CatchExceptionTaskExecuter.java:36)
	at org.gradle.api.internal.tasks.execution.EventFiringTaskExecuter$1.executeTask(EventFiringTaskExecuter.java:77)
	at org.gradle.api.internal.tasks.execution.EventFiringTaskExecuter$1.call(EventFiringTaskExecuter.java:55)
	at org.gradle.api.internal.tasks.execution.EventFiringTaskExecuter$1.call(EventFiringTaskExecuter.java:52)
	at org.gradle.internal.operations.DefaultBuildOperationRunner$CallableBuildOperationWorker.execute(DefaultBuildOperationRunner.java:210)
	at org.gradle.internal.operations.DefaultBuildOperationRunner$CallableBuildOperationWorker.execute(DefaultBuildOperationRunner.java:205)
	at org.gradle.internal.operations.DefaultBuildOperationRunner$2.execute(DefaultBuildOperationRunner.java:67)
	at org.gradle.internal.operations.DefaultBuildOperationRunner$2.execute(DefaultBuildOperationRunner.java:60)
	at org.gradle.internal.operations.DefaultBuildOperationRunner.execute(DefaultBuildOperationRunner.java:167)
	at org.gradle.internal.operations.DefaultBuildOperationRunner.execute(DefaultBuildOperationRunner.java:60)
	at org.gradle.internal.operations.DefaultBuildOperationRunner.call(DefaultBuildOperationRunner.java:54)
	at org.gradle.api.internal.tasks.execution.EventFiringTaskExecuter.execute(EventFiringTaskExecuter.java:52)
	at org.gradle.execution.plan.LocalTaskNodeExecutor.execute(LocalTaskNodeExecutor.java:42)
	at org.gradle.execution.taskgraph.DefaultTaskExecutionGraph$InvokeNodeExecutorsAction.execute(DefaultTaskExecutionGraph.java:331)
	at org.gradle.execution.taskgraph.DefaultTaskExecutionGraph$InvokeNodeExecutorsAction.execute(DefaultTaskExecutionGraph.java:318)
	at org.gradle.execution.taskgraph.DefaultTaskExecutionGraph$BuildOperationAwareExecutionAction.lambda$execute$0(DefaultTaskExecutionGraph.java:314)
	at org.gradle.internal.operations.CurrentBuildOperationRef.with(CurrentBuildOperationRef.java:85)
	at org.gradle.execution.taskgraph.DefaultTaskExecutionGraph$BuildOperationAwareExecutionAction.execute(DefaultTaskExecutionGraph.java:314)
	at org.gradle.execution.taskgraph.DefaultTaskExecutionGraph$BuildOperationAwareExecutionAction.execute(DefaultTaskExecutionGraph.java:303)
	at org.gradle.execution.plan.DefaultPlanExecutor$ExecutorWorker.execute(DefaultPlanExecutor.java:459)
	at org.gradle.execution.plan.DefaultPlanExecutor$ExecutorWorker.run(DefaultPlanExecutor.java:376)
	at org.gradle.internal.concurrent.ExecutorPolicy$CatchAndRecordFailures.onExecute(ExecutorPolicy.java:64)
	at org.gradle.internal.concurrent.AbstractManagedExecutor$1.run(AbstractManagedExecutor.java:48)
	at java.base/java.util.concurrent.ThreadPoolExecutor.runWorker(ThreadPoolExecutor.java:1136)
	at java.base/java.util.concurrent.ThreadPoolExecutor$Worker.run(ThreadPoolExecutor.java:635)
	at java.base/java.lang.Thread.run(Thread.java:840)
Caused by: com.android.builder.internal.aapt.v2.Aapt2InternalException: AAPT2 aapt2-8.11.0-12782657-windows Daemon #0: Unexpected error during link, attempting to stop daemon.
This should not happen under normal circumstances, please file an issue if it does.
	at com.android.builder.internal.aapt.v2.Aapt2Daemon.handleError(Aapt2Daemon.kt:193)
	at com.android.builder.internal.aapt.v2.Aapt2Daemon.handleError$default(Aapt2Daemon.kt:190)
	at com.android.builder.internal.aapt.v2.Aapt2Daemon.link(Aapt2Daemon.kt:131)
	at com.android.builder.internal.aapt.v2.Aapt2DaemonManager$LeasedAaptDaemon.link(Aapt2DaemonManager.kt:176)
	at com.android.builder.internal.aapt.v2.Aapt2DaemonManager$leasingAapt2Daemon$1.link(Aapt2DaemonManager.kt:199)
	at com.android.build.gradle.internal.services.PartialInProcessResourceProcessor.link(PartialInProcessResourceProcessor.kt:51)
	at com.android.build.gradle.internal.res.Aapt2ProcessResourcesRunnableKt.processResources(Aapt2ProcessResourcesRunnable.kt:74)
	at com.android.build.gradle.internal.res.Aapt2ProcessResourcesRunnableKt.processResources$default(Aapt2ProcessResourcesRunnable.kt:63)
	at com.android.build.gradle.tasks.VerifyLibraryResourcesTask$Action.run(VerifyLibraryResourcesTask.kt:193)
	at com.android.build.gradle.internal.profile.ProfileAwareWorkAction.execute(ProfileAwareWorkAction.kt:74)
	at org.gradle.workers.internal.DefaultWorkerServer.execute(DefaultWorkerServer.java:63)
	at org.gradle.workers.internal.NoIsolationWorkerFactory$1$1.create(NoIsolationWorkerFactory.java:66)
	at org.gradle.workers.internal.NoIsolationWorkerFactory$1$1.create(NoIsolationWorkerFactory.java:62)
	at org.gradle.internal.classloader.ClassLoaderUtils.executeInClassloader(ClassLoaderUtils.java:100)
	at org.gradle.workers.internal.NoIsolationWorkerFactory$1.lambda$execute$0(NoIsolationWorkerFactory.java:62)
	at org.gradle.workers.internal.AbstractWorker$1.call(AbstractWorker.java:44)
	at org.gradle.workers.internal.AbstractWorker$1.call(AbstractWorker.java:41)
	at org.gradle.internal.operations.DefaultBuildOperationRunner$CallableBuildOperationWorker.execute(DefaultBuildOperationRunner.java:210)
	at org.gradle.internal.operations.DefaultBuildOperationRunner$CallableBuildOperationWorker.execute(DefaultBuildOperationRunner.java:205)
	at org.gradle.internal.operations.DefaultBuildOperationRunner$2.execute(DefaultBuildOperationRunner.java:67)
	at org.gradle.internal.operations.DefaultBuildOperationRunner$2.execute(DefaultBuildOperationRunner.java:60)
	at org.gradle.internal.operations.DefaultBuildOperationRunner.execute(DefaultBuildOperationRunner.java:167)
	at org.gradle.internal.operations.DefaultBuildOperationRunner.execute(DefaultBuildOperationRunner.java:60)
	at org.gradle.internal.operations.DefaultBuildOperationRunner.call(DefaultBuildOperationRunner.java:54)
	at org.gradle.workers.internal.AbstractWorker.executeWrappedInBuildOperation(AbstractWorker.java:41)
	at org.gradle.workers.internal.NoIsolationWorkerFactory$1.execute(NoIsolationWorkerFactory.java:59)
	at org.gradle.workers.internal.DefaultWorkerExecutor.lambda$submitWork$0(DefaultWorkerExecutor.java:174)
	at java.base/java.util.concurrent.FutureTask.run(FutureTask.java:264)
	at org.gradle.internal.work.DefaultConditionalExecutionQueue$ExecutionRunner.runExecution(DefaultConditionalExecutionQueue.java:194)
	at org.gradle.internal.work.DefaultConditionalExecutionQueue$ExecutionRunner.access$700(DefaultConditionalExecutionQueue.java:127)
	at org.gradle.internal.work.DefaultConditionalExecutionQueue$ExecutionRunner$1.run(DefaultConditionalExecutionQueue.java:169)
	at org.gradle.internal.Factories$1.create(Factories.java:31)
	at org.gradle.internal.work.DefaultWorkerLeaseService.withLocks(DefaultWorkerLeaseService.java:263)
	at org.gradle.internal.work.DefaultWorkerLeaseService.runAsWorkerThread(DefaultWorkerLeaseService.java:127)
	at org.gradle.internal.work.DefaultWorkerLeaseService.runAsWorkerThread(DefaultWorkerLeaseService.java:132)
	at org.gradle.internal.work.DefaultConditionalExecutionQueue$ExecutionRunner.runBatch(DefaultConditionalExecutionQueue.java:164)
	at org.gradle.internal.work.DefaultConditionalExecutionQueue$ExecutionRunner.run(DefaultConditionalExecutionQueue.java:133)
	at java.base/java.util.concurrent.Executors$RunnableAdapter.call(Executors.java:539)
	at java.base/java.util.concurrent.FutureTask.run(FutureTask.java:264)
	... 5 more
Caused by: java.lang.NullPointerException
	at com.android.builder.internal.aapt.v2.AaptV2CommandBuilder.makeLinkCommand(AaptV2CommandBuilder.kt:152)
	at com.android.builder.internal.aapt.v2.Aapt2DaemonImpl.doLink(Aapt2DaemonImpl.kt:187)
	at com.android.builder.internal.aapt.v2.Aapt2Daemon.link(Aapt2Daemon.kt:124)
	... 41 more

==============================================================================

3: Task failed with an exception.
-----------
* What went wrong:
Execution failed for task ':expo-modules-core:buildCMakeRelWithDebInfo[x86]'.
> com.android.ide.common.process.ProcessException: ninja: Entering directory `C:\Progetti\CardsOfMoralDecay\node_modules\expo-modules-core\android\.cxx\RelWithDebInfo\5r5p2f26\x86'
  [1/49] Building CXX object src/fabric/CMakeFiles/fabric.dir/cmake_pch.hxx.pch
  [2/49] Building CXX object CMakeFiles/expo-modules-core.dir/cmake_pch.hxx.pch
  [3/49] Building CXX object CMakeFiles/expo-modules-core.dir/C_/Progetti/CardsOfMoralDecay/node_modules/expo-modules-core/common/cpp/ObjectDeallocator.cpp.o
  [4/49] Building CXX object src/fabric/CMakeFiles/fabric.dir/C_/Progetti/CardsOfMoralDecay/node_modules/expo-modules-core/common/cpp/fabric/ExpoViewEventEmitter.cpp.o
  [5/49] Building CXX object CMakeFiles/expo-modules-core.dir/C_/Progetti/CardsOfMoralDecay/node_modules/expo-modules-core/common/cpp/SharedRef.cpp.o
  [6/49] Building CXX object CMakeFiles/expo-modules-core.dir/C_/Progetti/CardsOfMoralDecay/node_modules/expo-modules-core/common/cpp/NativeModule.cpp.o
  [7/49] Building CXX object CMakeFiles/expo-modules-core.dir/C_/Progetti/CardsOfMoralDecay/node_modules/expo-modules-core/common/cpp/LazyObject.cpp.o
  [8/49] Building CXX object CMakeFiles/expo-modules-core.dir/src/main/cpp/JNIDeallocator.cpp.o
  [9/49] Building CXX object CMakeFiles/expo-modules-core.dir/C_/Progetti/CardsOfMoralDecay/node_modules/expo-modules-core/common/cpp/TypedArray.cpp.o
  [10/49] Building CXX object CMakeFiles/expo-modules-core.dir/C_/Progetti/CardsOfMoralDecay/node_modules/expo-modules-core/common/cpp/SharedObject.cpp.o
  [11/49] Building CXX object CMakeFiles/expo-modules-core.dir/src/main/cpp/Exceptions.cpp.o
  [12/49] Building CXX object src/fabric/CMakeFiles/fabric.dir/C_/Progetti/CardsOfMoralDecay/node_modules/expo-modules-core/common/cpp/fabric/ExpoViewShadowNode.cpp.o
  [13/49] Building CXX object CMakeFiles/expo-modules-core.dir/src/main/cpp/JNIFunctionBody.cpp.o
  [14/49] Building CXX object CMakeFiles/expo-modules-core.dir/src/main/cpp/ExpoModulesHostObject.cpp.o
  [15/49] Building CXX object CMakeFiles/expo-modules-core.dir/src/main/cpp/JSharedObject.cpp.o
  [16/49] Building CXX object src/fabric/CMakeFiles/fabric.dir/C_/Progetti/CardsOfMoralDecay/node_modules/expo-modules-core/common/cpp/fabric/ExpoViewProps.cpp.o
  [17/49] Building CXX object CMakeFiles/expo-modules-core.dir/src/main/cpp/JNIInjector.cpp.o
  [18/49] Building CXX object src/fabric/CMakeFiles/fabric.dir/FabricComponentsRegistry.cpp.o
  [19/49] Building CXX object CMakeFiles/expo-modules-core.dir/src/main/cpp/JavaReferencesCache.cpp.o
  [20/49] Building CXX object CMakeFiles/expo-modules-core.dir/src/main/cpp/JSReferencesCache.cpp.o
  [21/49] Building CXX object src/fabric/CMakeFiles/fabric.dir/C_/Progetti/CardsOfMoralDecay/node_modules/expo-modules-core/common/cpp/fabric/ExpoViewComponentDescriptor.cpp.o
  [22/49] Building CXX object CMakeFiles/expo-modules-core.dir/src/main/cpp/JavaScriptModuleObject.cpp.o
  [23/49] Building CXX object CMakeFiles/expo-modules-core.dir/src/main/cpp/JavaScriptFunction.cpp.o
  [24/49] Building CXX object CMakeFiles/expo-modules-core.dir/src/main/cpp/WeakRuntimeHolder.cpp.o
  [25/49] Building CXX object CMakeFiles/expo-modules-core.dir/src/main/cpp/JavaScriptWeakObject.cpp.o
  [26/49] Building CXX object CMakeFiles/expo-modules-core.dir/src/main/cpp/JSIContext.cpp.o
  [27/49] Building CXX object CMakeFiles/expo-modules-core.dir/src/main/cpp/JavaScriptRuntime.cpp.o
  [28/49] Building CXX object CMakeFiles/expo-modules-core.dir/src/main/cpp/JavaScriptTypedArray.cpp.o
  [29/49] Building CXX object CMakeFiles/expo-modules-core.dir/src/main/cpp/JNIUtils.cpp.o
  [30/49] Building CXX object CMakeFiles/expo-modules-core.dir/src/main/cpp/RuntimeHolder.cpp.o
  [31/49] Building CXX object CMakeFiles/expo-modules-core.dir/src/main/cpp/JavaScriptObject.cpp.o
  [32/49] Building CXX object CMakeFiles/expo-modules-core.dir/src/main/cpp/JavaScriptValue.cpp.o
  [33/49] Building CXX object CMakeFiles/expo-modules-core.dir/src/main/cpp/types/AnyType.cpp.o
  [34/49] Building CXX object CMakeFiles/expo-modules-core.dir/src/main/cpp/types/ExpectedType.cpp.o
  [35/49] Linking CXX static library src\fabric\libfabric.a
  [36/49] Building CXX object CMakeFiles/expo-modules-core.dir/src/main/cpp/decorators/JSFunctionsDecorator.cpp.o
  [37/49] Building CXX object CMakeFiles/expo-modules-core.dir/src/main/cpp/MethodMetadata.cpp.o
  [38/49] Building CXX object CMakeFiles/expo-modules-core.dir/src/main/cpp/decorators/JSObjectDecorator.cpp.o
  [39/49] Building CXX object CMakeFiles/expo-modules-core.dir/src/main/cpp/types/FrontendConverter.cpp.o
  [40/49] Building CXX object CMakeFiles/expo-modules-core.dir/src/main/cpp/decorators/JSDecoratorsBridgingObject.cpp.o
  [41/49] Building CXX object CMakeFiles/expo-modules-core.dir/src/main/cpp/types/FrontendConverterProvider.cpp.o
  [42/49] Building CXX object CMakeFiles/expo-modules-core.dir/C_/Progetti/CardsOfMoralDecay/node_modules/expo-modules-core/common/cpp/JSIUtils.cpp.o
  [43/49] Building CXX object CMakeFiles/expo-modules-core.dir/src/main/cpp/decorators/JSPropertiesDecorator.cpp.o
  [44/49] Building CXX object CMakeFiles/expo-modules-core.dir/src/main/cpp/JavaCallback.cpp.o
  [45/49] Building CXX object CMakeFiles/expo-modules-core.dir/src/main/cpp/decorators/JSClassesDecorator.cpp.o
  [46/49] Building CXX object CMakeFiles/expo-modules-core.dir/src/main/cpp/types/JNIToJSIConverter.cpp.o
  [47/49] Building CXX object CMakeFiles/expo-modules-core.dir/C_/Progetti/CardsOfMoralDecay/node_modules/expo-modules-core/common/cpp/EventEmitter.cpp.o
  [48/49] Building CXX object CMakeFiles/expo-modules-core.dir/src/main/cpp/decorators/JSConstantsDecorator.cpp.o
  [49/49] Linking CXX shared library ..\..\..\..\build\intermediates\cxx\RelWithDebInfo\5r5p2f26\obj\x86\libexpo-modules-core.so
  FAILED: ../../../../build/intermediates/cxx/RelWithDebInfo/5r5p2f26/obj/x86/libexpo-modules-core.so 
  cmd.exe /C "cd . && C:\Users\39338\AppData\Local\Android\Sdk\ndk\27.1.12297006\toolchains\llvm\prebuilt\windows-x86_64\bin\clang++.exe --target=i686-none-linux-android24 --sysroot=C:/Users/39338/AppData/Local/Android/Sdk/ndk/27.1.12297006/toolchains/llvm/prebuilt/windows-x86_64/sysroot -fPIC -g -DANDROID -fdata-sections -ffunction-sections -funwind-tables -fstack-protector-strong -no-canonical-prefixes -D__BIONIC_NO_PAGE_SIZE_MACRO -D_FORTIFY_SOURCE=2 -Wformat -Werror=format-security   -DREACT_NATIVE_TARGET_VERSION=81 -O2 -g -DNDEBUG  -Wl,--build-id=sha1 -Wl,--no-rosegment -Wl,--no-undefined-version -Wl,--fatal-warnings -Wl,--no-undefined -Qunused-arguments  -Wl,--gc-sections -shared -Wl,-soname,libexpo-modules-core.so -o ..\..\..\..\build\intermediates\cxx\RelWithDebInfo\5r5p2f26\obj\x86\libexpo-modules-core.so CMakeFiles/expo-modules-core.dir/C_/Progetti/CardsOfMoralDecay/node_modules/expo-modules-core/common/cpp/EventEmitter.cpp.o CMakeFiles/expo-modules-core.dir/C_/Progetti/CardsOfMoralDecay/node_modules/expo-modules-core/common/cpp/JSIUtils.cpp.o CMakeFiles/expo-modules-core.dir/C_/Progetti/CardsOfMoralDecay/node_modules/expo-modules-core/common/cpp/LazyObject.cpp.o CMakeFiles/expo-modules-core.dir/C_/Progetti/CardsOfMoralDecay/node_modules/expo-modules-core/common/cpp/NativeModule.cpp.o CMakeFiles/expo-modules-core.dir/C_/Progetti/CardsOfMoralDecay/node_modules/expo-modules-core/common/cpp/ObjectDeallocator.cpp.o CMakeFiles/expo-modules-core.dir/C_/Progetti/CardsOfMoralDecay/node_modules/expo-modules-core/common/cpp/SharedObject.cpp.o CMakeFiles/expo-modules-core.dir/C_/Progetti/CardsOfMoralDecay/node_modules/expo-modules-core/common/cpp/SharedRef.cpp.o CMakeFiles/expo-modules-core.dir/C_/Progetti/CardsOfMoralDecay/node_modules/expo-modules-core/common/cpp/TypedArray.cpp.o CMakeFiles/expo-modules-core.dir/src/main/cpp/Exceptions.cpp.o CMakeFiles/expo-modules-core.dir/src/main/cpp/ExpoModulesHostObject.cpp.o CMakeFiles/expo-modules-core.dir/src/main/cpp/JNIDeallocator.cpp.o CMakeFiles/expo-modules-core.dir/src/main/cpp/JNIFunctionBody.cpp.o CMakeFiles/expo-modules-core.dir/src/main/cpp/JNIInjector.cpp.o CMakeFiles/expo-modules-core.dir/src/main/cpp/JNIUtils.cpp.o CMakeFiles/expo-modules-core.dir/src/main/cpp/JSIContext.cpp.o CMakeFiles/expo-modules-core.dir/src/main/cpp/JSReferencesCache.cpp.o CMakeFiles/expo-modules-core.dir/src/main/cpp/JSharedObject.cpp.o CMakeFiles/expo-modules-core.dir/src/main/cpp/JavaCallback.cpp.o CMakeFiles/expo-modules-core.dir/src/main/cpp/JavaReferencesCache.cpp.o CMakeFiles/expo-modules-core.dir/src/main/cpp/JavaScriptFunction.cpp.o CMakeFiles/expo-modules-core.dir/src/main/cpp/JavaScriptModuleObject.cpp.o CMakeFiles/expo-modules-core.dir/src/main/cpp/JavaScriptObject.cpp.o CMakeFiles/expo-modules-core.dir/src/main/cpp/JavaScriptRuntime.cpp.o CMakeFiles/expo-modules-core.dir/src/main/cpp/JavaScriptTypedArray.cpp.o CMakeFiles/expo-modules-core.dir/src/main/cpp/JavaScriptValue.cpp.o CMakeFiles/expo-modules-core.dir/src/main/cpp/JavaScriptWeakObject.cpp.o CMakeFiles/expo-modules-core.dir/src/main/cpp/MethodMetadata.cpp.o CMakeFiles/expo-modules-core.dir/src/main/cpp/RuntimeHolder.cpp.o CMakeFiles/expo-modules-core.dir/src/main/cpp/WeakRuntimeHolder.cpp.o CMakeFiles/expo-modules-core.dir/src/main/cpp/types/AnyType.cpp.o CMakeFiles/expo-modules-core.dir/src/main/cpp/types/ExpectedType.cpp.o CMakeFiles/expo-modules-core.dir/src/main/cpp/types/FrontendConverter.cpp.o CMakeFiles/expo-modules-core.dir/src/main/cpp/types/FrontendConverterProvider.cpp.o CMakeFiles/expo-modules-core.dir/src/main/cpp/types/JNIToJSIConverter.cpp.o CMakeFiles/expo-modules-core.dir/src/main/cpp/decorators/JSClassesDecorator.cpp.o CMakeFiles/expo-modules-core.dir/src/main/cpp/decorators/JSConstantsDecorator.cpp.o CMakeFiles/expo-modules-core.dir/src/main/cpp/decorators/JSDecoratorsBridgingObject.cpp.o CMakeFiles/expo-modules-core.dir/src/main/cpp/decorators/JSFunctionsDecorator.cpp.o CMakeFiles/expo-modules-core.dir/src/main/cpp/decorators/JSObjectDecorator.cpp.o CMakeFiles/expo-modules-core.dir/src/main/cpp/decorators/JSPropertiesDecorator.cpp.o  C:/Users/39338/AppData/Local/Android/Sdk/ndk/27.1.12297006/toolchains/llvm/prebuilt/windows-x86_64/sysroot/usr/lib/i686-linux-android/24/liblog.so  C:/Users/39338/.gradle/caches/8.14.3/transforms/1d9b33ce555da17de0d2d1933ef9bfa3/transformed/fbjni-0.7.0/prefab/modules/fbjni/libs/android.x86/libfbjni.so  C:/Users/39338/.gradle/caches/8.14.3/transforms/5361c2961195a7f7b1caefc6911a3fc2/transformed/react-android-0.81.5-release/prefab/modules/jsi/libs/android.x86/libjsi.so  -landroid  src/fabric/libfabric.a  C:/Users/39338/.gradle/caches/8.14.3/transforms/5361c2961195a7f7b1caefc6911a3fc2/transformed/react-android-0.81.5-release/prefab/modules/reactnative/libs/android.x86/libreactnative.so  C:/Users/39338/.gradle/caches/8.14.3/transforms/1d9b33ce555da17de0d2d1933ef9bfa3/transformed/fbjni-0.7.0/prefab/modules/fbjni/libs/android.x86/libfbjni.so  C:/Users/39338/.gradle/caches/8.14.3/transforms/5361c2961195a7f7b1caefc6911a3fc2/transformed/react-android-0.81.5-release/prefab/modules/jsi/libs/android.x86/libjsi.so  C:/Users/39338/.gradle/caches/8.14.3/transforms/5361c2961195a7f7b1caefc6911a3fc2/transformed/react-android-0.81.5-release/prefab/modules/reactnative/libs/android.x86/libreactnative.so  -latomic -lm && cd ."
  clang++: error: no such file or directory: 'CMakeFiles/expo-modules-core.dir/C_/Progetti/CardsOfMoralDecay/node_modules/expo-modules-core/common/cpp/LazyObject.cpp.o'
  clang++: error: no such file or directory: 'CMakeFiles/expo-modules-core.dir/C_/Progetti/CardsOfMoralDecay/node_modules/expo-modules-core/common/cpp/NativeModule.cpp.o'
  clang++: error: no such file or directory: 'CMakeFiles/expo-modules-core.dir/C_/Progetti/CardsOfMoralDecay/node_modules/expo-modules-core/common/cpp/ObjectDeallocator.cpp.o'
  clang++: error: no such file or directory: 'CMakeFiles/expo-modules-core.dir/C_/Progetti/CardsOfMoralDecay/node_modules/expo-modules-core/common/cpp/SharedObject.cpp.o'
  clang++: error: no such file or directory: 'CMakeFiles/expo-modules-core.dir/C_/Progetti/CardsOfMoralDecay/node_modules/expo-modules-core/common/cpp/SharedRef.cpp.o'
  clang++: error: no such file or directory: 'CMakeFiles/expo-modules-core.dir/C_/Progetti/CardsOfMoralDecay/node_modules/expo-modules-core/common/cpp/TypedArray.cpp.o'
  clang++: error: no such file or directory: 'CMakeFiles/expo-modules-core.dir/src/main/cpp/Exceptions.cpp.o'
  clang++: error: no such file or directory: 'CMakeFiles/expo-modules-core.dir/src/main/cpp/ExpoModulesHostObject.cpp.o'
  clang++: error: no such file or directory: 'CMakeFiles/expo-modules-core.dir/src/main/cpp/JNIDeallocator.cpp.o'
  clang++: error: no such file or directory: 'CMakeFiles/expo-modules-core.dir/src/main/cpp/JNIFunctionBody.cpp.o'
  clang++: error: no such file or directory: 'CMakeFiles/expo-modules-core.dir/src/main/cpp/JNIInjector.cpp.o'
  clang++: error: no such file or directory: 'CMakeFiles/expo-modules-core.dir/src/main/cpp/JNIUtils.cpp.o'
  clang++: error: no such file or directory: 'CMakeFiles/expo-modules-core.dir/src/main/cpp/JSIContext.cpp.o'
  clang++: error: no such file or directory: 'CMakeFiles/expo-modules-core.dir/src/main/cpp/JSReferencesCache.cpp.o'
  clang++: error: no such file or directory: 'CMakeFiles/expo-modules-core.dir/src/main/cpp/JSharedObject.cpp.o'
  clang++: error: no such file or directory: 'CMakeFiles/expo-modules-core.dir/src/main/cpp/JavaReferencesCache.cpp.o'
  clang++: error: no such file or directory: 'CMakeFiles/expo-modules-core.dir/src/main/cpp/JavaScriptFunction.cpp.o'
  clang++: error: no such file or directory: 'CMakeFiles/expo-modules-core.dir/src/main/cpp/JavaScriptModuleObject.cpp.o'
  clang++: error: no such file or directory: 'CMakeFiles/expo-modules-core.dir/src/main/cpp/JavaScriptObject.cpp.o'
  clang++: error: no such file or directory: 'CMakeFiles/expo-modules-core.dir/src/main/cpp/JavaScriptRuntime.cpp.o'
  clang++: error: no such file or directory: 'CMakeFiles/expo-modules-core.dir/src/main/cpp/JavaScriptTypedArray.cpp.o'
  clang++: error: no such file or directory: 'CMakeFiles/expo-modules-core.dir/src/main/cpp/JavaScriptValue.cpp.o'
  clang++: error: no such file or directory: 'CMakeFiles/expo-modules-core.dir/src/main/cpp/JavaScriptWeakObject.cpp.o'
  clang++: error: no such file or directory: 'CMakeFiles/expo-modules-core.dir/src/main/cpp/MethodMetadata.cpp.o'
  clang++: error: no such file or directory: 'CMakeFiles/expo-modules-core.dir/src/main/cpp/RuntimeHolder.cpp.o'
  clang++: error: no such file or directory: 'CMakeFiles/expo-modules-core.dir/src/main/cpp/WeakRuntimeHolder.cpp.o'
  clang++: error: no such file or directory: 'CMakeFiles/expo-modules-core.dir/src/main/cpp/types/AnyType.cpp.o'
  clang++: error: no such file or directory: 'CMakeFiles/expo-modules-core.dir/src/main/cpp/types/ExpectedType.cpp.o'
  clang++: error: no such file or directory: 'CMakeFiles/expo-modules-core.dir/src/main/cpp/decorators/JSFunctionsDecorator.cpp.o'
  clang++: error: no such file or directory: 'src/fabric/libfabric.a'
  ninja: build stopped: subcommand failed.
  
  C++ build system [build] failed while executing:
      @echo off
      "C:\\Users\\39338\\AppData\\Local\\Android\\Sdk\\cmake\\3.22.1\\bin\\ninja.exe" ^
        -C ^
        "C:\\Progetti\\CardsOfMoralDecay\\node_modules\\expo-modules-core\\android\\.cxx\\RelWithDebInfo\\5r5p2f26\\x86" ^
        expo-modules-core
    from C:\Progetti\CardsOfMoralDecay\node_modules\expo-modules-core\android

* Try:
> Run with --info or --debug option to get more log output.
> Run with --scan to get full insights.
> Get more help at https://help.gradle.org.

* Exception is:
org.gradle.api.tasks.TaskExecutionException: Execution failed for task ':expo-modules-core:buildCMakeRelWithDebInfo[x86]'.
	at org.gradle.api.internal.tasks.execution.ExecuteActionsTaskExecuter.lambda$executeIfValid$1(ExecuteActionsTaskExecuter.java:130)
	at org.gradle.internal.Try$Failure.ifSuccessfulOrElse(Try.java:293)
	at org.gradle.api.internal.tasks.execution.ExecuteActionsTaskExecuter.executeIfValid(ExecuteActionsTaskExecuter.java:128)
	at org.gradle.api.internal.tasks.execution.ExecuteActionsTaskExecuter.execute(ExecuteActionsTaskExecuter.java:116)
	at org.gradle.api.internal.tasks.execution.ProblemsTaskPathTrackingTaskExecuter.execute(ProblemsTaskPathTrackingTaskExecuter.java:41)
	at org.gradle.api.internal.tasks.execution.FinalizePropertiesTaskExecuter.execute(FinalizePropertiesTaskExecuter.java:46)
	at org.gradle.api.internal.tasks.execution.ResolveTaskExecutionModeExecuter.execute(ResolveTaskExecutionModeExecuter.java:51)
	at org.gradle.api.internal.tasks.execution.SkipTaskWithNoActionsExecuter.execute(SkipTaskWithNoActionsExecuter.java:57)
	at org.gradle.api.internal.tasks.execution.SkipOnlyIfTaskExecuter.execute(SkipOnlyIfTaskExecuter.java:74)
	at org.gradle.api.internal.tasks.execution.CatchExceptionTaskExecuter.execute(CatchExceptionTaskExecuter.java:36)
	at org.gradle.api.internal.tasks.execution.EventFiringTaskExecuter$1.executeTask(EventFiringTaskExecuter.java:77)
	at org.gradle.api.internal.tasks.execution.EventFiringTaskExecuter$1.call(EventFiringTaskExecuter.java:55)
	at org.gradle.api.internal.tasks.execution.EventFiringTaskExecuter$1.call(EventFiringTaskExecuter.java:52)
	at org.gradle.internal.operations.DefaultBuildOperationRunner$CallableBuildOperationWorker.execute(DefaultBuildOperationRunner.java:210)
	at org.gradle.internal.operations.DefaultBuildOperationRunner$CallableBuildOperationWorker.execute(DefaultBuildOperationRunner.java:205)
	at org.gradle.internal.operations.DefaultBuildOperationRunner$2.execute(DefaultBuildOperationRunner.java:67)
	at org.gradle.internal.operations.DefaultBuildOperationRunner$2.execute(DefaultBuildOperationRunner.java:60)
	at org.gradle.internal.operations.DefaultBuildOperationRunner.execute(DefaultBuildOperationRunner.java:167)
	at org.gradle.internal.operations.DefaultBuildOperationRunner.execute(DefaultBuildOperationRunner.java:60)
	at org.gradle.internal.operations.DefaultBuildOperationRunner.call(DefaultBuildOperationRunner.java:54)
	at org.gradle.api.internal.tasks.execution.EventFiringTaskExecuter.execute(EventFiringTaskExecuter.java:52)
	at org.gradle.execution.plan.LocalTaskNodeExecutor.execute(LocalTaskNodeExecutor.java:42)
	at org.gradle.execution.taskgraph.DefaultTaskExecutionGraph$InvokeNodeExecutorsAction.execute(DefaultTaskExecutionGraph.java:331)
	at org.gradle.execution.taskgraph.DefaultTaskExecutionGraph$InvokeNodeExecutorsAction.execute(DefaultTaskExecutionGraph.java:318)
	at org.gradle.execution.taskgraph.DefaultTaskExecutionGraph$BuildOperationAwareExecutionAction.lambda$execute$0(DefaultTaskExecutionGraph.java:314)
	at org.gradle.internal.operations.CurrentBuildOperationRef.with(CurrentBuildOperationRef.java:85)
	at org.gradle.execution.taskgraph.DefaultTaskExecutionGraph$BuildOperationAwareExecutionAction.execute(DefaultTaskExecutionGraph.java:314)
	at org.gradle.execution.taskgraph.DefaultTaskExecutionGraph$BuildOperationAwareExecutionAction.execute(DefaultTaskExecutionGraph.java:303)
	at org.gradle.execution.plan.DefaultPlanExecutor$ExecutorWorker.execute(DefaultPlanExecutor.java:459)
	at org.gradle.execution.plan.DefaultPlanExecutor$ExecutorWorker.run(DefaultPlanExecutor.java:376)
	at org.gradle.internal.concurrent.ExecutorPolicy$CatchAndRecordFailures.onExecute(ExecutorPolicy.java:64)
	at org.gradle.internal.concurrent.AbstractManagedExecutor$1.run(AbstractManagedExecutor.java:48)
	at java.base/java.util.concurrent.ThreadPoolExecutor.runWorker(ThreadPoolExecutor.java:1136)
	at java.base/java.util.concurrent.ThreadPoolExecutor$Worker.run(ThreadPoolExecutor.java:635)
	at java.base/java.lang.Thread.run(Thread.java:840)
Caused by: org.gradle.internal.UncheckedException: com.android.ide.common.process.ProcessException: ninja: Entering directory `C:\Progetti\CardsOfMoralDecay\node_modules\expo-modules-core\android\.cxx\RelWithDebInfo\5r5p2f26\x86'
[1/49] Building CXX object src/fabric/CMakeFiles/fabric.dir/cmake_pch.hxx.pch
[2/49] Building CXX object CMakeFiles/expo-modules-core.dir/cmake_pch.hxx.pch
[3/49] Building CXX object CMakeFiles/expo-modules-core.dir/C_/Progetti/CardsOfMoralDecay/node_modules/expo-modules-core/common/cpp/ObjectDeallocator.cpp.o
[4/49] Building CXX object src/fabric/CMakeFiles/fabric.dir/C_/Progetti/CardsOfMoralDecay/node_modules/expo-modules-core/common/cpp/fabric/ExpoViewEventEmitter.cpp.o
[5/49] Building CXX object CMakeFiles/expo-modules-core.dir/C_/Progetti/CardsOfMoralDecay/node_modules/expo-modules-core/common/cpp/SharedRef.cpp.o
[6/49] Building CXX object CMakeFiles/expo-modules-core.dir/C_/Progetti/CardsOfMoralDecay/node_modules/expo-modules-core/common/cpp/NativeModule.cpp.o
[7/49] Building CXX object CMakeFiles/expo-modules-core.dir/C_/Progetti/CardsOfMoralDecay/node_modules/expo-modules-core/common/cpp/LazyObject.cpp.o
[8/49] Building CXX object CMakeFiles/expo-modules-core.dir/src/main/cpp/JNIDeallocator.cpp.o
[9/49] Building CXX object CMakeFiles/expo-modules-core.dir/C_/Progetti/CardsOfMoralDecay/node_modules/expo-modules-core/common/cpp/TypedArray.cpp.o
[10/49] Building CXX object CMakeFiles/expo-modules-core.dir/C_/Progetti/CardsOfMoralDecay/node_modules/expo-modules-core/common/cpp/SharedObject.cpp.o
[11/49] Building CXX object CMakeFiles/expo-modules-core.dir/src/main/cpp/Exceptions.cpp.o
[12/49] Building CXX object src/fabric/CMakeFiles/fabric.dir/C_/Progetti/CardsOfMoralDecay/node_modules/expo-modules-core/common/cpp/fabric/ExpoViewShadowNode.cpp.o
[13/49] Building CXX object CMakeFiles/expo-modules-core.dir/src/main/cpp/JNIFunctionBody.cpp.o
[14/49] Building CXX object CMakeFiles/expo-modules-core.dir/src/main/cpp/ExpoModulesHostObject.cpp.o
[15/49] Building CXX object CMakeFiles/expo-modules-core.dir/src/main/cpp/JSharedObject.cpp.o
[16/49] Building CXX object src/fabric/CMakeFiles/fabric.dir/C_/Progetti/CardsOfMoralDecay/node_modules/expo-modules-core/common/cpp/fabric/ExpoViewProps.cpp.o
[17/49] Building CXX object CMakeFiles/expo-modules-core.dir/src/main/cpp/JNIInjector.cpp.o
[18/49] Building CXX object src/fabric/CMakeFiles/fabric.dir/FabricComponentsRegistry.cpp.o
[19/49] Building CXX object CMakeFiles/expo-modules-core.dir/src/main/cpp/JavaReferencesCache.cpp.o
[20/49] Building CXX object CMakeFiles/expo-modules-core.dir/src/main/cpp/JSReferencesCache.cpp.o
[21/49] Building CXX object src/fabric/CMakeFiles/fabric.dir/C_/Progetti/CardsOfMoralDecay/node_modules/expo-modules-core/common/cpp/fabric/ExpoViewComponentDescriptor.cpp.o
[22/49] Building CXX object CMakeFiles/expo-modules-core.dir/src/main/cpp/JavaScriptModuleObject.cpp.o
[23/49] Building CXX object CMakeFiles/expo-modules-core.dir/src/main/cpp/JavaScriptFunction.cpp.o
[24/49] Building CXX object CMakeFiles/expo-modules-core.dir/src/main/cpp/WeakRuntimeHolder.cpp.o
[25/49] Building CXX object CMakeFiles/expo-modules-core.dir/src/main/cpp/JavaScriptWeakObject.cpp.o
[26/49] Building CXX object CMakeFiles/expo-modules-core.dir/src/main/cpp/JSIContext.cpp.o
[27/49] Building CXX object CMakeFiles/expo-modules-core.dir/src/main/cpp/JavaScriptRuntime.cpp.o
[28/49] Building CXX object CMakeFiles/expo-modules-core.dir/src/main/cpp/JavaScriptTypedArray.cpp.o
[29/49] Building CXX object CMakeFiles/expo-modules-core.dir/src/main/cpp/JNIUtils.cpp.o
[30/49] Building CXX object CMakeFiles/expo-modules-core.dir/src/main/cpp/RuntimeHolder.cpp.o
[31/49] Building CXX object CMakeFiles/expo-modules-core.dir/src/main/cpp/JavaScriptObject.cpp.o
[32/49] Building CXX object CMakeFiles/expo-modules-core.dir/src/main/cpp/JavaScriptValue.cpp.o
[33/49] Building CXX object CMakeFiles/expo-modules-core.dir/src/main/cpp/types/AnyType.cpp.o
[34/49] Building CXX object CMakeFiles/expo-modules-core.dir/src/main/cpp/types/ExpectedType.cpp.o
[35/49] Linking CXX static library src\fabric\libfabric.a
[36/49] Building CXX object CMakeFiles/expo-modules-core.dir/src/main/cpp/decorators/JSFunctionsDecorator.cpp.o
[37/49] Building CXX object CMakeFiles/expo-modules-core.dir/src/main/cpp/MethodMetadata.cpp.o
[38/49] Building CXX object CMakeFiles/expo-modules-core.dir/src/main/cpp/decorators/JSObjectDecorator.cpp.o
[39/49] Building CXX object CMakeFiles/expo-modules-core.dir/src/main/cpp/types/FrontendConverter.cpp.o
[40/49] Building CXX object CMakeFiles/expo-modules-core.dir/src/main/cpp/decorators/JSDecoratorsBridgingObject.cpp.o
[41/49] Building CXX object CMakeFiles/expo-modules-core.dir/src/main/cpp/types/FrontendConverterProvider.cpp.o
[42/49] Building CXX object CMakeFiles/expo-modules-core.dir/C_/Progetti/CardsOfMoralDecay/node_modules/expo-modules-core/common/cpp/JSIUtils.cpp.o
[43/49] Building CXX object CMakeFiles/expo-modules-core.dir/src/main/cpp/decorators/JSPropertiesDecorator.cpp.o
[44/49] Building CXX object CMakeFiles/expo-modules-core.dir/src/main/cpp/JavaCallback.cpp.o
[45/49] Building CXX object CMakeFiles/expo-modules-core.dir/src/main/cpp/decorators/JSClassesDecorator.cpp.o
[46/49] Building CXX object CMakeFiles/expo-modules-core.dir/src/main/cpp/types/JNIToJSIConverter.cpp.o
[47/49] Building CXX object CMakeFiles/expo-modules-core.dir/C_/Progetti/CardsOfMoralDecay/node_modules/expo-modules-core/common/cpp/EventEmitter.cpp.o
[48/49] Building CXX object CMakeFiles/expo-modules-core.dir/src/main/cpp/decorators/JSConstantsDecorator.cpp.o
[49/49] Linking CXX shared library ..\..\..\..\build\intermediates\cxx\RelWithDebInfo\5r5p2f26\obj\x86\libexpo-modules-core.so
FAILED: ../../../../build/intermediates/cxx/RelWithDebInfo/5r5p2f26/obj/x86/libexpo-modules-core.so 
cmd.exe /C "cd . && C:\Users\39338\AppData\Local\Android\Sdk\ndk\27.1.12297006\toolchains\llvm\prebuilt\windows-x86_64\bin\clang++.exe --target=i686-none-linux-android24 --sysroot=C:/Users/39338/AppData/Local/Android/Sdk/ndk/27.1.12297006/toolchains/llvm/prebuilt/windows-x86_64/sysroot -fPIC -g -DANDROID -fdata-sections -ffunction-sections -funwind-tables -fstack-protector-strong -no-canonical-prefixes -D__BIONIC_NO_PAGE_SIZE_MACRO -D_FORTIFY_SOURCE=2 -Wformat -Werror=format-security   -DREACT_NATIVE_TARGET_VERSION=81 -O2 -g -DNDEBUG  -Wl,--build-id=sha1 -Wl,--no-rosegment -Wl,--no-undefined-version -Wl,--fatal-warnings -Wl,--no-undefined -Qunused-arguments  -Wl,--gc-sections -shared -Wl,-soname,libexpo-modules-core.so -o ..\..\..\..\build\intermediates\cxx\RelWithDebInfo\5r5p2f26\obj\x86\libexpo-modules-core.so CMakeFiles/expo-modules-core.dir/C_/Progetti/CardsOfMoralDecay/node_modules/expo-modules-core/common/cpp/EventEmitter.cpp.o CMakeFiles/expo-modules-core.dir/C_/Progetti/CardsOfMoralDecay/node_modules/expo-modules-core/common/cpp/JSIUtils.cpp.o CMakeFiles/expo-modules-core.dir/C_/Progetti/CardsOfMoralDecay/node_modules/expo-modules-core/common/cpp/LazyObject.cpp.o CMakeFiles/expo-modules-core.dir/C_/Progetti/CardsOfMoralDecay/node_modules/expo-modules-core/common/cpp/NativeModule.cpp.o CMakeFiles/expo-modules-core.dir/C_/Progetti/CardsOfMoralDecay/node_modules/expo-modules-core/common/cpp/ObjectDeallocator.cpp.o CMakeFiles/expo-modules-core.dir/C_/Progetti/CardsOfMoralDecay/node_modules/expo-modules-core/common/cpp/SharedObject.cpp.o CMakeFiles/expo-modules-core.dir/C_/Progetti/CardsOfMoralDecay/node_modules/expo-modules-core/common/cpp/SharedRef.cpp.o CMakeFiles/expo-modules-core.dir/C_/Progetti/CardsOfMoralDecay/node_modules/expo-modules-core/common/cpp/TypedArray.cpp.o CMakeFiles/expo-modules-core.dir/src/main/cpp/Exceptions.cpp.o CMakeFiles/expo-modules-core.dir/src/main/cpp/ExpoModulesHostObject.cpp.o CMakeFiles/expo-modules-core.dir/src/main/cpp/JNIDeallocator.cpp.o CMakeFiles/expo-modules-core.dir/src/main/cpp/JNIFunctionBody.cpp.o CMakeFiles/expo-modules-core.dir/src/main/cpp/JNIInjector.cpp.o CMakeFiles/expo-modules-core.dir/src/main/cpp/JNIUtils.cpp.o CMakeFiles/expo-modules-core.dir/src/main/cpp/JSIContext.cpp.o CMakeFiles/expo-modules-core.dir/src/main/cpp/JSReferencesCache.cpp.o CMakeFiles/expo-modules-core.dir/src/main/cpp/JSharedObject.cpp.o CMakeFiles/expo-modules-core.dir/src/main/cpp/JavaCallback.cpp.o CMakeFiles/expo-modules-core.dir/src/main/cpp/JavaReferencesCache.cpp.o CMakeFiles/expo-modules-core.dir/src/main/cpp/JavaScriptFunction.cpp.o CMakeFiles/expo-modules-core.dir/src/main/cpp/JavaScriptModuleObject.cpp.o CMakeFiles/expo-modules-core.dir/src/main/cpp/JavaScriptObject.cpp.o CMakeFiles/expo-modules-core.dir/src/main/cpp/JavaScriptRuntime.cpp.o CMakeFiles/expo-modules-core.dir/src/main/cpp/JavaScriptTypedArray.cpp.o CMakeFiles/expo-modules-core.dir/src/main/cpp/JavaScriptValue.cpp.o CMakeFiles/expo-modules-core.dir/src/main/cpp/JavaScriptWeakObject.cpp.o CMakeFiles/expo-modules-core.dir/src/main/cpp/MethodMetadata.cpp.o CMakeFiles/expo-modules-core.dir/src/main/cpp/RuntimeHolder.cpp.o CMakeFiles/expo-modules-core.dir/src/main/cpp/WeakRuntimeHolder.cpp.o CMakeFiles/expo-modules-core.dir/src/main/cpp/types/AnyType.cpp.o CMakeFiles/expo-modules-core.dir/src/main/cpp/types/ExpectedType.cpp.o CMakeFiles/expo-modules-core.dir/src/main/cpp/types/FrontendConverter.cpp.o CMakeFiles/expo-modules-core.dir/src/main/cpp/types/FrontendConverterProvider.cpp.o CMakeFiles/expo-modules-core.dir/src/main/cpp/types/JNIToJSIConverter.cpp.o CMakeFiles/expo-modules-core.dir/src/main/cpp/decorators/JSClassesDecorator.cpp.o CMakeFiles/expo-modules-core.dir/src/main/cpp/decorators/JSConstantsDecorator.cpp.o CMakeFiles/expo-modules-core.dir/src/main/cpp/decorators/JSDecoratorsBridgingObject.cpp.o CMakeFiles/expo-modules-core.dir/src/main/cpp/decorators/JSFunctionsDecorator.cpp.o CMakeFiles/expo-modules-core.dir/src/main/cpp/decorators/JSObjectDecorator.cpp.o CMakeFiles/expo-modules-core.dir/src/main/cpp/decorators/JSPropertiesDecorator.cpp.o  C:/Users/39338/AppData/Local/Android/Sdk/ndk/27.1.12297006/toolchains/llvm/prebuilt/windows-x86_64/sysroot/usr/lib/i686-linux-android/24/liblog.so  C:/Users/39338/.gradle/caches/8.14.3/transforms/1d9b33ce555da17de0d2d1933ef9bfa3/transformed/fbjni-0.7.0/prefab/modules/fbjni/libs/android.x86/libfbjni.so  C:/Users/39338/.gradle/caches/8.14.3/transforms/5361c2961195a7f7b1caefc6911a3fc2/transformed/react-android-0.81.5-release/prefab/modules/jsi/libs/android.x86/libjsi.so  -landroid  src/fabric/libfabric.a  C:/Users/39338/.gradle/caches/8.14.3/transforms/5361c2961195a7f7b1caefc6911a3fc2/transformed/react-android-0.81.5-release/prefab/modules/reactnative/libs/android.x86/libreactnative.so  C:/Users/39338/.gradle/caches/8.14.3/transforms/1d9b33ce555da17de0d2d1933ef9bfa3/transformed/fbjni-0.7.0/prefab/modules/fbjni/libs/android.x86/libfbjni.so  C:/Users/39338/.gradle/caches/8.14.3/transforms/5361c2961195a7f7b1caefc6911a3fc2/transformed/react-android-0.81.5-release/prefab/modules/jsi/libs/android.x86/libjsi.so  C:/Users/39338/.gradle/caches/8.14.3/transforms/5361c2961195a7f7b1caefc6911a3fc2/transformed/react-android-0.81.5-release/prefab/modules/reactnative/libs/android.x86/libreactnative.so  -latomic -lm && cd ."
clang++: error: no such file or directory: 'CMakeFiles/expo-modules-core.dir/C_/Progetti/CardsOfMoralDecay/node_modules/expo-modules-core/common/cpp/LazyObject.cpp.o'
clang++: error: no such file or directory: 'CMakeFiles/expo-modules-core.dir/C_/Progetti/CardsOfMoralDecay/node_modules/expo-modules-core/common/cpp/NativeModule.cpp.o'
clang++: error: no such file or directory: 'CMakeFiles/expo-modules-core.dir/C_/Progetti/CardsOfMoralDecay/node_modules/expo-modules-core/common/cpp/ObjectDeallocator.cpp.o'
clang++: error: no such file or directory: 'CMakeFiles/expo-modules-core.dir/C_/Progetti/CardsOfMoralDecay/node_modules/expo-modules-core/common/cpp/SharedObject.cpp.o'
clang++: error: no such file or directory: 'CMakeFiles/expo-modules-core.dir/C_/Progetti/CardsOfMoralDecay/node_modules/expo-modules-core/common/cpp/SharedRef.cpp.o'
clang++: error: no such file or directory: 'CMakeFiles/expo-modules-core.dir/C_/Progetti/CardsOfMoralDecay/node_modules/expo-modules-core/common/cpp/TypedArray.cpp.o'
clang++: error: no such file or directory: 'CMakeFiles/expo-modules-core.dir/src/main/cpp/Exceptions.cpp.o'
clang++: error: no such file or directory: 'CMakeFiles/expo-modules-core.dir/src/main/cpp/ExpoModulesHostObject.cpp.o'
clang++: error: no such file or directory: 'CMakeFiles/expo-modules-core.dir/src/main/cpp/JNIDeallocator.cpp.o'
clang++: error: no such file or directory: 'CMakeFiles/expo-modules-core.dir/src/main/cpp/JNIFunctionBody.cpp.o'
clang++: error: no such file or directory: 'CMakeFiles/expo-modules-core.dir/src/main/cpp/JNIInjector.cpp.o'
clang++: error: no such file or directory: 'CMakeFiles/expo-modules-core.dir/src/main/cpp/JNIUtils.cpp.o'
clang++: error: no such file or directory: 'CMakeFiles/expo-modules-core.dir/src/main/cpp/JSIContext.cpp.o'
clang++: error: no such file or directory: 'CMakeFiles/expo-modules-core.dir/src/main/cpp/JSReferencesCache.cpp.o'
clang++: error: no such file or directory: 'CMakeFiles/expo-modules-core.dir/src/main/cpp/JSharedObject.cpp.o'
clang++: error: no such file or directory: 'CMakeFiles/expo-modules-core.dir/src/main/cpp/JavaReferencesCache.cpp.o'
clang++: error: no such file or directory: 'CMakeFiles/expo-modules-core.dir/src/main/cpp/JavaScriptFunction.cpp.o'
clang++: error: no such file or directory: 'CMakeFiles/expo-modules-core.dir/src/main/cpp/JavaScriptModuleObject.cpp.o'
clang++: error: no such file or directory: 'CMakeFiles/expo-modules-core.dir/src/main/cpp/JavaScriptObject.cpp.o'
clang++: error: no such file or directory: 'CMakeFiles/expo-modules-core.dir/src/main/cpp/JavaScriptRuntime.cpp.o'
clang++: error: no such file or directory: 'CMakeFiles/expo-modules-core.dir/src/main/cpp/JavaScriptTypedArray.cpp.o'
clang++: error: no such file or directory: 'CMakeFiles/expo-modules-core.dir/src/main/cpp/JavaScriptValue.cpp.o'
clang++: error: no such file or directory: 'CMakeFiles/expo-modules-core.dir/src/main/cpp/JavaScriptWeakObject.cpp.o'
clang++: error: no such file or directory: 'CMakeFiles/expo-modules-core.dir/src/main/cpp/MethodMetadata.cpp.o'
clang++: error: no such file or directory: 'CMakeFiles/expo-modules-core.dir/src/main/cpp/RuntimeHolder.cpp.o'
clang++: error: no such file or directory: 'CMakeFiles/expo-modules-core.dir/src/main/cpp/WeakRuntimeHolder.cpp.o'
clang++: error: no such file or directory: 'CMakeFiles/expo-modules-core.dir/src/main/cpp/types/AnyType.cpp.o'
clang++: error: no such file or directory: 'CMakeFiles/expo-modules-core.dir/src/main/cpp/types/ExpectedType.cpp.o'
clang++: error: no such file or directory: 'CMakeFiles/expo-modules-core.dir/src/main/cpp/decorators/JSFunctionsDecorator.cpp.o'
clang++: error: no such file or directory: 'src/fabric/libfabric.a'
ninja: build stopped: subcommand failed.

C++ build system [build] failed while executing:
    @echo off
    "C:\\Users\\39338\\AppData\\Local\\Android\\Sdk\\cmake\\3.22.1\\bin\\ninja.exe" ^
      -C ^
      "C:\\Progetti\\CardsOfMoralDecay\\node_modules\\expo-modules-core\\android\\.cxx\\RelWithDebInfo\\5r5p2f26\\x86" ^
      expo-modules-core
  from C:\Progetti\CardsOfMoralDecay\node_modules\expo-modules-core\android
	at org.gradle.internal.UncheckedException.throwAsUncheckedException(UncheckedException.java:69)
	at org.gradle.internal.UncheckedException.throwAsUncheckedException(UncheckedException.java:42)
	at org.gradle.internal.reflect.JavaMethod.invoke(JavaMethod.java:128)
	at org.gradle.api.internal.project.taskfactory.StandardTaskAction.doExecute(StandardTaskAction.java:58)
	at org.gradle.api.internal.project.taskfactory.StandardTaskAction.execute(StandardTaskAction.java:51)
	at org.gradle.api.internal.project.taskfactory.StandardTaskAction.execute(StandardTaskAction.java:29)
	at org.gradle.api.internal.tasks.execution.TaskExecution$3.run(TaskExecution.java:244)
	at org.gradle.internal.operations.DefaultBuildOperationRunner$1.execute(DefaultBuildOperationRunner.java:30)
	at org.gradle.internal.operations.DefaultBuildOperationRunner$1.execute(DefaultBuildOperationRunner.java:27)
	at org.gradle.internal.operations.DefaultBuildOperationRunner$2.execute(DefaultBuildOperationRunner.java:67)
	at org.gradle.internal.operations.DefaultBuildOperationRunner$2.execute(DefaultBuildOperationRunner.java:60)
	at org.gradle.internal.operations.DefaultBuildOperationRunner.execute(DefaultBuildOperationRunner.java:167)
	at org.gradle.internal.operations.DefaultBuildOperationRunner.execute(DefaultBuildOperationRunner.java:60)
	at org.gradle.internal.operations.DefaultBuildOperationRunner.run(DefaultBuildOperationRunner.java:48)
	at org.gradle.api.internal.tasks.execution.TaskExecution.executeAction(TaskExecution.java:229)
	at org.gradle.api.internal.tasks.execution.TaskExecution.executeActions(TaskExecution.java:212)
	at org.gradle.api.internal.tasks.execution.TaskExecution.executeWithPreviousOutputFiles(TaskExecution.java:195)
	at org.gradle.api.internal.tasks.execution.TaskExecution.execute(TaskExecution.java:162)
	at org.gradle.internal.execution.steps.ExecuteStep.executeInternal(ExecuteStep.java:105)
	at org.gradle.internal.execution.steps.ExecuteStep.access$000(ExecuteStep.java:44)
	at org.gradle.internal.execution.steps.ExecuteStep$1.call(ExecuteStep.java:59)
	at org.gradle.internal.execution.steps.ExecuteStep$1.call(ExecuteStep.java:56)
	at org.gradle.internal.operations.DefaultBuildOperationRunner$CallableBuildOperationWorker.execute(DefaultBuildOperationRunner.java:210)
	at org.gradle.internal.operations.DefaultBuildOperationRunner$CallableBuildOperationWorker.execute(DefaultBuildOperationRunner.java:205)
	at org.gradle.internal.operations.DefaultBuildOperationRunner$2.execute(DefaultBuildOperationRunner.java:67)
	at org.gradle.internal.operations.DefaultBuildOperationRunner$2.execute(DefaultBuildOperationRunner.java:60)
	at org.gradle.internal.operations.DefaultBuildOperationRunner.execute(DefaultBuildOperationRunner.java:167)
	at org.gradle.internal.operations.DefaultBuildOperationRunner.execute(DefaultBuildOperationRunner.java:60)
	at org.gradle.internal.operations.DefaultBuildOperationRunner.call(DefaultBuildOperationRunner.java:54)
	at org.gradle.internal.execution.steps.ExecuteStep.execute(ExecuteStep.java:56)
	at org.gradle.internal.execution.steps.ExecuteStep.execute(ExecuteStep.java:44)
	at org.gradle.internal.execution.steps.CancelExecutionStep.execute(CancelExecutionStep.java:42)
	at org.gradle.internal.execution.steps.TimeoutStep.executeWithoutTimeout(TimeoutStep.java:75)
	at org.gradle.internal.execution.steps.TimeoutStep.execute(TimeoutStep.java:55)
	at org.gradle.internal.execution.steps.PreCreateOutputParentsStep.execute(PreCreateOutputParentsStep.java:50)
	at org.gradle.internal.execution.steps.PreCreateOutputParentsStep.execute(PreCreateOutputParentsStep.java:28)
	at org.gradle.internal.execution.steps.RemovePreviousOutputsStep.execute(RemovePreviousOutputsStep.java:67)
	at org.gradle.internal.execution.steps.RemovePreviousOutputsStep.execute(RemovePreviousOutputsStep.java:37)
	at org.gradle.internal.execution.steps.BroadcastChangingOutputsStep.execute(BroadcastChangingOutputsStep.java:61)
	at org.gradle.internal.execution.steps.BroadcastChangingOutputsStep.execute(BroadcastChangingOutputsStep.java:26)
	at org.gradle.internal.execution.steps.CaptureOutputsAfterExecutionStep.execute(CaptureOutputsAfterExecutionStep.java:69)
	at org.gradle.internal.execution.steps.CaptureOutputsAfterExecutionStep.execute(CaptureOutputsAfterExecutionStep.java:46)
	at org.gradle.internal.execution.steps.ResolveInputChangesStep.execute(ResolveInputChangesStep.java:40)
	at org.gradle.internal.execution.steps.ResolveInputChangesStep.execute(ResolveInputChangesStep.java:29)
	at org.gradle.internal.execution.steps.BuildCacheStep.executeWithoutCache(BuildCacheStep.java:189)
	at org.gradle.internal.execution.steps.BuildCacheStep.lambda$execute$1(BuildCacheStep.java:75)
	at org.gradle.internal.Either$Right.fold(Either.java:175)
	at org.gradle.internal.execution.caching.CachingState.fold(CachingState.java:62)
	at org.gradle.internal.execution.steps.BuildCacheStep.execute(BuildCacheStep.java:73)
	at org.gradle.internal.execution.steps.BuildCacheStep.execute(BuildCacheStep.java:48)
	at org.gradle.internal.execution.steps.StoreExecutionStateStep.execute(StoreExecutionStateStep.java:46)
	at org.gradle.internal.execution.steps.StoreExecutionStateStep.execute(StoreExecutionStateStep.java:35)
	at org.gradle.internal.execution.steps.SkipUpToDateStep.executeBecause(SkipUpToDateStep.java:75)
	at org.gradle.internal.execution.steps.SkipUpToDateStep.lambda$execute$2(SkipUpToDateStep.java:53)
	at java.base/java.util.Optional.orElseGet(Optional.java:364)
	at org.gradle.internal.execution.steps.SkipUpToDateStep.execute(SkipUpToDateStep.java:53)
	at org.gradle.internal.execution.steps.SkipUpToDateStep.execute(SkipUpToDateStep.java:35)
	at org.gradle.internal.execution.steps.legacy.MarkSnapshottingInputsFinishedStep.execute(MarkSnapshottingInputsFinishedStep.java:37)
	at org.gradle.internal.execution.steps.legacy.MarkSnapshottingInputsFinishedStep.execute(MarkSnapshottingInputsFinishedStep.java:27)
	at org.gradle.internal.execution.steps.ResolveIncrementalCachingStateStep.executeDelegate(ResolveIncrementalCachingStateStep.java:49)
	at org.gradle.internal.execution.steps.ResolveIncrementalCachingStateStep.executeDelegate(ResolveIncrementalCachingStateStep.java:27)
	at org.gradle.internal.execution.steps.AbstractResolveCachingStateStep.execute(AbstractResolveCachingStateStep.java:71)
	at org.gradle.internal.execution.steps.AbstractResolveCachingStateStep.execute(AbstractResolveCachingStateStep.java:39)
	at org.gradle.internal.execution.steps.ResolveChangesStep.execute(ResolveChangesStep.java:65)
	at org.gradle.internal.execution.steps.ResolveChangesStep.execute(ResolveChangesStep.java:36)
	at org.gradle.internal.execution.steps.ValidateStep.execute(ValidateStep.java:107)
	at org.gradle.internal.execution.steps.ValidateStep.execute(ValidateStep.java:56)
	at org.gradle.internal.execution.steps.AbstractCaptureStateBeforeExecutionStep.execute(AbstractCaptureStateBeforeExecutionStep.java:64)
	at org.gradle.internal.execution.steps.AbstractCaptureStateBeforeExecutionStep.execute(AbstractCaptureStateBeforeExecutionStep.java:43)
	at org.gradle.internal.execution.steps.AbstractSkipEmptyWorkStep.executeWithNonEmptySources(AbstractSkipEmptyWorkStep.java:125)
	at org.gradle.internal.execution.steps.AbstractSkipEmptyWorkStep.execute(AbstractSkipEmptyWorkStep.java:56)
	at org.gradle.internal.execution.steps.AbstractSkipEmptyWorkStep.execute(AbstractSkipEmptyWorkStep.java:36)
	at org.gradle.internal.execution.steps.legacy.MarkSnapshottingInputsStartedStep.execute(MarkSnapshottingInputsStartedStep.java:38)
	at org.gradle.internal.execution.steps.LoadPreviousExecutionStateStep.execute(LoadPreviousExecutionStateStep.java:36)
	at org.gradle.internal.execution.steps.LoadPreviousExecutionStateStep.execute(LoadPreviousExecutionStateStep.java:23)
	at org.gradle.internal.execution.steps.HandleStaleOutputsStep.execute(HandleStaleOutputsStep.java:75)
	at org.gradle.internal.execution.steps.HandleStaleOutputsStep.execute(HandleStaleOutputsStep.java:41)
	at org.gradle.internal.execution.steps.AssignMutableWorkspaceStep.lambda$execute$0(AssignMutableWorkspaceStep.java:35)
	at org.gradle.api.internal.tasks.execution.TaskExecution$4.withWorkspace(TaskExecution.java:289)
	at org.gradle.internal.execution.steps.AssignMutableWorkspaceStep.execute(AssignMutableWorkspaceStep.java:31)
	at org.gradle.internal.execution.steps.AssignMutableWorkspaceStep.execute(AssignMutableWorkspaceStep.java:22)
	at org.gradle.internal.execution.steps.ChoosePipelineStep.execute(ChoosePipelineStep.java:40)
	at org.gradle.internal.execution.steps.ChoosePipelineStep.execute(ChoosePipelineStep.java:23)
	at org.gradle.internal.execution.steps.ExecuteWorkBuildOperationFiringStep.lambda$execute$2(ExecuteWorkBuildOperationFiringStep.java:67)
	at java.base/java.util.Optional.orElseGet(Optional.java:364)
	at org.gradle.internal.execution.steps.ExecuteWorkBuildOperationFiringStep.execute(ExecuteWorkBuildOperationFiringStep.java:67)
	at org.gradle.internal.execution.steps.ExecuteWorkBuildOperationFiringStep.execute(ExecuteWorkBuildOperationFiringStep.java:39)
	at org.gradle.internal.execution.steps.IdentityCacheStep.execute(IdentityCacheStep.java:46)
	at org.gradle.internal.execution.steps.IdentityCacheStep.execute(IdentityCacheStep.java:34)
	at org.gradle.internal.execution.steps.IdentifyStep.execute(IdentifyStep.java:48)
	at org.gradle.internal.execution.steps.IdentifyStep.execute(IdentifyStep.java:35)
	at org.gradle.internal.execution.impl.DefaultExecutionEngine$1.execute(DefaultExecutionEngine.java:64)
	at org.gradle.api.internal.tasks.execution.ExecuteActionsTaskExecuter.executeIfValid(ExecuteActionsTaskExecuter.java:127)
	at org.gradle.api.internal.tasks.execution.ExecuteActionsTaskExecuter.execute(ExecuteActionsTaskExecuter.java:116)
	at org.gradle.api.internal.tasks.execution.ProblemsTaskPathTrackingTaskExecuter.execute(ProblemsTaskPathTrackingTaskExecuter.java:41)
	at org.gradle.api.internal.tasks.execution.FinalizePropertiesTaskExecuter.execute(FinalizePropertiesTaskExecuter.java:46)
	at org.gradle.api.internal.tasks.execution.ResolveTaskExecutionModeExecuter.execute(ResolveTaskExecutionModeExecuter.java:51)
	at org.gradle.api.internal.tasks.execution.SkipTaskWithNoActionsExecuter.execute(SkipTaskWithNoActionsExecuter.java:57)
	at org.gradle.api.internal.tasks.execution.SkipOnlyIfTaskExecuter.execute(SkipOnlyIfTaskExecuter.java:74)
	at org.gradle.api.internal.tasks.execution.CatchExceptionTaskExecuter.execute(CatchExceptionTaskExecuter.java:36)
	at org.gradle.api.internal.tasks.execution.EventFiringTaskExecuter$1.executeTask(EventFiringTaskExecuter.java:77)
	at org.gradle.api.internal.tasks.execution.EventFiringTaskExecuter$1.call(EventFiringTaskExecuter.java:55)
	at org.gradle.api.internal.tasks.execution.EventFiringTaskExecuter$1.call(EventFiringTaskExecuter.java:52)
	at org.gradle.internal.operations.DefaultBuildOperationRunner$CallableBuildOperationWorker.execute(DefaultBuildOperationRunner.java:210)
	at org.gradle.internal.operations.DefaultBuildOperationRunner$CallableBuildOperationWorker.execute(DefaultBuildOperationRunner.java:205)
	at org.gradle.internal.operations.DefaultBuildOperationRunner$2.execute(DefaultBuildOperationRunner.java:67)
	at org.gradle.internal.operations.DefaultBuildOperationRunner$2.execute(DefaultBuildOperationRunner.java:60)
	at org.gradle.internal.operations.DefaultBuildOperationRunner.execute(DefaultBuildOperationRunner.java:167)
	at org.gradle.internal.operations.DefaultBuildOperationRunner.execute(DefaultBuildOperationRunner.java:60)
	at org.gradle.internal.operations.DefaultBuildOperationRunner.call(DefaultBuildOperationRunner.java:54)
	at org.gradle.api.internal.tasks.execution.EventFiringTaskExecuter.execute(EventFiringTaskExecuter.java:52)
	at org.gradle.execution.plan.LocalTaskNodeExecutor.execute(LocalTaskNodeExecutor.java:42)
	at org.gradle.execution.taskgraph.DefaultTaskExecutionGraph$InvokeNodeExecutorsAction.execute(DefaultTaskExecutionGraph.java:331)
	at org.gradle.execution.taskgraph.DefaultTaskExecutionGraph$InvokeNodeExecutorsAction.execute(DefaultTaskExecutionGraph.java:318)
	at org.gradle.execution.taskgraph.DefaultTaskExecutionGraph$BuildOperationAwareExecutionAction.lambda$execute$0(DefaultTaskExecutionGraph.java:314)
	at org.gradle.internal.operations.CurrentBuildOperationRef.with(CurrentBuildOperationRef.java:85)
	at org.gradle.execution.taskgraph.DefaultTaskExecutionGraph$BuildOperationAwareExecutionAction.execute(DefaultTaskExecutionGraph.java:314)
	at org.gradle.execution.taskgraph.DefaultTaskExecutionGraph$BuildOperationAwareExecutionAction.execute(DefaultTaskExecutionGraph.java:303)
	at org.gradle.execution.plan.DefaultPlanExecutor$ExecutorWorker.execute(DefaultPlanExecutor.java:459)
	at org.gradle.execution.plan.DefaultPlanExecutor$ExecutorWorker.run(DefaultPlanExecutor.java:376)
	at org.gradle.internal.concurrent.ExecutorPolicy$CatchAndRecordFailures.onExecute(ExecutorPolicy.java:64)
	at org.gradle.internal.concurrent.AbstractManagedExecutor$1.run(AbstractManagedExecutor.java:48)
	at java.base/java.util.concurrent.ThreadPoolExecutor.runWorker(ThreadPoolExecutor.java:1136)
	at java.base/java.util.concurrent.ThreadPoolExecutor$Worker.run(ThreadPoolExecutor.java:635)
	at java.base/java.lang.Thread.run(Thread.java:840)
Caused by: com.android.ide.common.process.ProcessException: ninja: Entering directory `C:\Progetti\CardsOfMoralDecay\node_modules\expo-modules-core\android\.cxx\RelWithDebInfo\5r5p2f26\x86'
[1/49] Building CXX object src/fabric/CMakeFiles/fabric.dir/cmake_pch.hxx.pch
[2/49] Building CXX object CMakeFiles/expo-modules-core.dir/cmake_pch.hxx.pch
[3/49] Building CXX object CMakeFiles/expo-modules-core.dir/C_/Progetti/CardsOfMoralDecay/node_modules/expo-modules-core/common/cpp/ObjectDeallocator.cpp.o
[4/49] Building CXX object src/fabric/CMakeFiles/fabric.dir/C_/Progetti/CardsOfMoralDecay/node_modules/expo-modules-core/common/cpp/fabric/ExpoViewEventEmitter.cpp.o
[5/49] Building CXX object CMakeFiles/expo-modules-core.dir/C_/Progetti/CardsOfMoralDecay/node_modules/expo-modules-core/common/cpp/SharedRef.cpp.o
[6/49] Building CXX object CMakeFiles/expo-modules-core.dir/C_/Progetti/CardsOfMoralDecay/node_modules/expo-modules-core/common/cpp/NativeModule.cpp.o
[7/49] Building CXX object CMakeFiles/expo-modules-core.dir/C_/Progetti/CardsOfMoralDecay/node_modules/expo-modules-core/common/cpp/LazyObject.cpp.o
[8/49] Building CXX object CMakeFiles/expo-modules-core.dir/src/main/cpp/JNIDeallocator.cpp.o
[9/49] Building CXX object CMakeFiles/expo-modules-core.dir/C_/Progetti/CardsOfMoralDecay/node_modules/expo-modules-core/common/cpp/TypedArray.cpp.o
[10/49] Building CXX object CMakeFiles/expo-modules-core.dir/C_/Progetti/CardsOfMoralDecay/node_modules/expo-modules-core/common/cpp/SharedObject.cpp.o
[11/49] Building CXX object CMakeFiles/expo-modules-core.dir/src/main/cpp/Exceptions.cpp.o
[12/49] Building CXX object src/fabric/CMakeFiles/fabric.dir/C_/Progetti/CardsOfMoralDecay/node_modules/expo-modules-core/common/cpp/fabric/ExpoViewShadowNode.cpp.o
[13/49] Building CXX object CMakeFiles/expo-modules-core.dir/src/main/cpp/JNIFunctionBody.cpp.o
[14/49] Building CXX object CMakeFiles/expo-modules-core.dir/src/main/cpp/ExpoModulesHostObject.cpp.o
[15/49] Building CXX object CMakeFiles/expo-modules-core.dir/src/main/cpp/JSharedObject.cpp.o
[16/49] Building CXX object src/fabric/CMakeFiles/fabric.dir/C_/Progetti/CardsOfMoralDecay/node_modules/expo-modules-core/common/cpp/fabric/ExpoViewProps.cpp.o
[17/49] Building CXX object CMakeFiles/expo-modules-core.dir/src/main/cpp/JNIInjector.cpp.o
[18/49] Building CXX object src/fabric/CMakeFiles/fabric.dir/FabricComponentsRegistry.cpp.o
[19/49] Building CXX object CMakeFiles/expo-modules-core.dir/src/main/cpp/JavaReferencesCache.cpp.o
[20/49] Building CXX object CMakeFiles/expo-modules-core.dir/src/main/cpp/JSReferencesCache.cpp.o
[21/49] Building CXX object src/fabric/CMakeFiles/fabric.dir/C_/Progetti/CardsOfMoralDecay/node_modules/expo-modules-core/common/cpp/fabric/ExpoViewComponentDescriptor.cpp.o
[22/49] Building CXX object CMakeFiles/expo-modules-core.dir/src/main/cpp/JavaScriptModuleObject.cpp.o
[23/49] Building CXX object CMakeFiles/expo-modules-core.dir/src/main/cpp/JavaScriptFunction.cpp.o
[24/49] Building CXX object CMakeFiles/expo-modules-core.dir/src/main/cpp/WeakRuntimeHolder.cpp.o
[25/49] Building CXX object CMakeFiles/expo-modules-core.dir/src/main/cpp/JavaScriptWeakObject.cpp.o
[26/49] Building CXX object CMakeFiles/expo-modules-core.dir/src/main/cpp/JSIContext.cpp.o
[27/49] Building CXX object CMakeFiles/expo-modules-core.dir/src/main/cpp/JavaScriptRuntime.cpp.o
[28/49] Building CXX object CMakeFiles/expo-modules-core.dir/src/main/cpp/JavaScriptTypedArray.cpp.o
[29/49] Building CXX object CMakeFiles/expo-modules-core.dir/src/main/cpp/JNIUtils.cpp.o
[30/49] Building CXX object CMakeFiles/expo-modules-core.dir/src/main/cpp/RuntimeHolder.cpp.o
[31/49] Building CXX object CMakeFiles/expo-modules-core.dir/src/main/cpp/JavaScriptObject.cpp.o
[32/49] Building CXX object CMakeFiles/expo-modules-core.dir/src/main/cpp/JavaScriptValue.cpp.o
[33/49] Building CXX object CMakeFiles/expo-modules-core.dir/src/main/cpp/types/AnyType.cpp.o
[34/49] Building CXX object CMakeFiles/expo-modules-core.dir/src/main/cpp/types/ExpectedType.cpp.o
[35/49] Linking CXX static library src\fabric\libfabric.a
[36/49] Building CXX object CMakeFiles/expo-modules-core.dir/src/main/cpp/decorators/JSFunctionsDecorator.cpp.o
[37/49] Building CXX object CMakeFiles/expo-modules-core.dir/src/main/cpp/MethodMetadata.cpp.o
[38/49] Building CXX object CMakeFiles/expo-modules-core.dir/src/main/cpp/decorators/JSObjectDecorator.cpp.o
[39/49] Building CXX object CMakeFiles/expo-modules-core.dir/src/main/cpp/types/FrontendConverter.cpp.o
[40/49] Building CXX object CMakeFiles/expo-modules-core.dir/src/main/cpp/decorators/JSDecoratorsBridgingObject.cpp.o
[41/49] Building CXX object CMakeFiles/expo-modules-core.dir/src/main/cpp/types/FrontendConverterProvider.cpp.o
[42/49] Building CXX object CMakeFiles/expo-modules-core.dir/C_/Progetti/CardsOfMoralDecay/node_modules/expo-modules-core/common/cpp/JSIUtils.cpp.o
[43/49] Building CXX object CMakeFiles/expo-modules-core.dir/src/main/cpp/decorators/JSPropertiesDecorator.cpp.o
[44/49] Building CXX object CMakeFiles/expo-modules-core.dir/src/main/cpp/JavaCallback.cpp.o
[45/49] Building CXX object CMakeFiles/expo-modules-core.dir/src/main/cpp/decorators/JSClassesDecorator.cpp.o
[46/49] Building CXX object CMakeFiles/expo-modules-core.dir/src/main/cpp/types/JNIToJSIConverter.cpp.o
[47/49] Building CXX object CMakeFiles/expo-modules-core.dir/C_/Progetti/CardsOfMoralDecay/node_modules/expo-modules-core/common/cpp/EventEmitter.cpp.o
[48/49] Building CXX object CMakeFiles/expo-modules-core.dir/src/main/cpp/decorators/JSConstantsDecorator.cpp.o
[49/49] Linking CXX shared library ..\..\..\..\build\intermediates\cxx\RelWithDebInfo\5r5p2f26\obj\x86\libexpo-modules-core.so
FAILED: ../../../../build/intermediates/cxx/RelWithDebInfo/5r5p2f26/obj/x86/libexpo-modules-core.so 
cmd.exe /C "cd . && C:\Users\39338\AppData\Local\Android\Sdk\ndk\27.1.12297006\toolchains\llvm\prebuilt\windows-x86_64\bin\clang++.exe --target=i686-none-linux-android24 --sysroot=C:/Users/39338/AppData/Local/Android/Sdk/ndk/27.1.12297006/toolchains/llvm/prebuilt/windows-x86_64/sysroot -fPIC -g -DANDROID -fdata-sections -ffunction-sections -funwind-tables -fstack-protector-strong -no-canonical-prefixes -D__BIONIC_NO_PAGE_SIZE_MACRO -D_FORTIFY_SOURCE=2 -Wformat -Werror=format-security   -DREACT_NATIVE_TARGET_VERSION=81 -O2 -g -DNDEBUG  -Wl,--build-id=sha1 -Wl,--no-rosegment -Wl,--no-undefined-version -Wl,--fatal-warnings -Wl,--no-undefined -Qunused-arguments  -Wl,--gc-sections -shared -Wl,-soname,libexpo-modules-core.so -o ..\..\..\..\build\intermediates\cxx\RelWithDebInfo\5r5p2f26\obj\x86\libexpo-modules-core.so CMakeFiles/expo-modules-core.dir/C_/Progetti/CardsOfMoralDecay/node_modules/expo-modules-core/common/cpp/EventEmitter.cpp.o CMakeFiles/expo-modules-core.dir/C_/Progetti/CardsOfMoralDecay/node_modules/expo-modules-core/common/cpp/JSIUtils.cpp.o CMakeFiles/expo-modules-core.dir/C_/Progetti/CardsOfMoralDecay/node_modules/expo-modules-core/common/cpp/LazyObject.cpp.o CMakeFiles/expo-modules-core.dir/C_/Progetti/CardsOfMoralDecay/node_modules/expo-modules-core/common/cpp/NativeModule.cpp.o CMakeFiles/expo-modules-core.dir/C_/Progetti/CardsOfMoralDecay/node_modules/expo-modules-core/common/cpp/ObjectDeallocator.cpp.o CMakeFiles/expo-modules-core.dir/C_/Progetti/CardsOfMoralDecay/node_modules/expo-modules-core/common/cpp/SharedObject.cpp.o CMakeFiles/expo-modules-core.dir/C_/Progetti/CardsOfMoralDecay/node_modules/expo-modules-core/common/cpp/SharedRef.cpp.o CMakeFiles/expo-modules-core.dir/C_/Progetti/CardsOfMoralDecay/node_modules/expo-modules-core/common/cpp/TypedArray.cpp.o CMakeFiles/expo-modules-core.dir/src/main/cpp/Exceptions.cpp.o CMakeFiles/expo-modules-core.dir/src/main/cpp/ExpoModulesHostObject.cpp.o CMakeFiles/expo-modules-core.dir/src/main/cpp/JNIDeallocator.cpp.o CMakeFiles/expo-modules-core.dir/src/main/cpp/JNIFunctionBody.cpp.o CMakeFiles/expo-modules-core.dir/src/main/cpp/JNIInjector.cpp.o CMakeFiles/expo-modules-core.dir/src/main/cpp/JNIUtils.cpp.o CMakeFiles/expo-modules-core.dir/src/main/cpp/JSIContext.cpp.o CMakeFiles/expo-modules-core.dir/src/main/cpp/JSReferencesCache.cpp.o CMakeFiles/expo-modules-core.dir/src/main/cpp/JSharedObject.cpp.o CMakeFiles/expo-modules-core.dir/src/main/cpp/JavaCallback.cpp.o CMakeFiles/expo-modules-core.dir/src/main/cpp/JavaReferencesCache.cpp.o CMakeFiles/expo-modules-core.dir/src/main/cpp/JavaScriptFunction.cpp.o CMakeFiles/expo-modules-core.dir/src/main/cpp/JavaScriptModuleObject.cpp.o CMakeFiles/expo-modules-core.dir/src/main/cpp/JavaScriptObject.cpp.o CMakeFiles/expo-modules-core.dir/src/main/cpp/JavaScriptRuntime.cpp.o CMakeFiles/expo-modules-core.dir/src/main/cpp/JavaScriptTypedArray.cpp.o CMakeFiles/expo-modules-core.dir/src/main/cpp/JavaScriptValue.cpp.o CMakeFiles/expo-modules-core.dir/src/main/cpp/JavaScriptWeakObject.cpp.o CMakeFiles/expo-modules-core.dir/src/main/cpp/MethodMetadata.cpp.o CMakeFiles/expo-modules-core.dir/src/main/cpp/RuntimeHolder.cpp.o CMakeFiles/expo-modules-core.dir/src/main/cpp/WeakRuntimeHolder.cpp.o CMakeFiles/expo-modules-core.dir/src/main/cpp/types/AnyType.cpp.o CMakeFiles/expo-modules-core.dir/src/main/cpp/types/ExpectedType.cpp.o CMakeFiles/expo-modules-core.dir/src/main/cpp/types/FrontendConverter.cpp.o CMakeFiles/expo-modules-core.dir/src/main/cpp/types/FrontendConverterProvider.cpp.o CMakeFiles/expo-modules-core.dir/src/main/cpp/types/JNIToJSIConverter.cpp.o CMakeFiles/expo-modules-core.dir/src/main/cpp/decorators/JSClassesDecorator.cpp.o CMakeFiles/expo-modules-core.dir/src/main/cpp/decorators/JSConstantsDecorator.cpp.o CMakeFiles/expo-modules-core.dir/src/main/cpp/decorators/JSDecoratorsBridgingObject.cpp.o CMakeFiles/expo-modules-core.dir/src/main/cpp/decorators/JSFunctionsDecorator.cpp.o CMakeFiles/expo-modules-core.dir/src/main/cpp/decorators/JSObjectDecorator.cpp.o CMakeFiles/expo-modules-core.dir/src/main/cpp/decorators/JSPropertiesDecorator.cpp.o  C:/Users/39338/AppData/Local/Android/Sdk/ndk/27.1.12297006/toolchains/llvm/prebuilt/windows-x86_64/sysroot/usr/lib/i686-linux-android/24/liblog.so  C:/Users/39338/.gradle/caches/8.14.3/transforms/1d9b33ce555da17de0d2d1933ef9bfa3/transformed/fbjni-0.7.0/prefab/modules/fbjni/libs/android.x86/libfbjni.so  C:/Users/39338/.gradle/caches/8.14.3/transforms/5361c2961195a7f7b1caefc6911a3fc2/transformed/react-android-0.81.5-release/prefab/modules/jsi/libs/android.x86/libjsi.so  -landroid  src/fabric/libfabric.a  C:/Users/39338/.gradle/caches/8.14.3/transforms/5361c2961195a7f7b1caefc6911a3fc2/transformed/react-android-0.81.5-release/prefab/modules/reactnative/libs/android.x86/libreactnative.so  C:/Users/39338/.gradle/caches/8.14.3/transforms/1d9b33ce555da17de0d2d1933ef9bfa3/transformed/fbjni-0.7.0/prefab/modules/fbjni/libs/android.x86/libfbjni.so  C:/Users/39338/.gradle/caches/8.14.3/transforms/5361c2961195a7f7b1caefc6911a3fc2/transformed/react-android-0.81.5-release/prefab/modules/jsi/libs/android.x86/libjsi.so  C:/Users/39338/.gradle/caches/8.14.3/transforms/5361c2961195a7f7b1caefc6911a3fc2/transformed/react-android-0.81.5-release/prefab/modules/reactnative/libs/android.x86/libreactnative.so  -latomic -lm && cd ."
clang++: error: no such file or directory: 'CMakeFiles/expo-modules-core.dir/C_/Progetti/CardsOfMoralDecay/node_modules/expo-modules-core/common/cpp/LazyObject.cpp.o'
clang++: error: no such file or directory: 'CMakeFiles/expo-modules-core.dir/C_/Progetti/CardsOfMoralDecay/node_modules/expo-modules-core/common/cpp/NativeModule.cpp.o'
clang++: error: no such file or directory: 'CMakeFiles/expo-modules-core.dir/C_/Progetti/CardsOfMoralDecay/node_modules/expo-modules-core/common/cpp/ObjectDeallocator.cpp.o'
clang++: error: no such file or directory: 'CMakeFiles/expo-modules-core.dir/C_/Progetti/CardsOfMoralDecay/node_modules/expo-modules-core/common/cpp/SharedObject.cpp.o'
clang++: error: no such file or directory: 'CMakeFiles/expo-modules-core.dir/C_/Progetti/CardsOfMoralDecay/node_modules/expo-modules-core/common/cpp/SharedRef.cpp.o'
clang++: error: no such file or directory: 'CMakeFiles/expo-modules-core.dir/C_/Progetti/CardsOfMoralDecay/node_modules/expo-modules-core/common/cpp/TypedArray.cpp.o'
clang++: error: no such file or directory: 'CMakeFiles/expo-modules-core.dir/src/main/cpp/Exceptions.cpp.o'
clang++: error: no such file or directory: 'CMakeFiles/expo-modules-core.dir/src/main/cpp/ExpoModulesHostObject.cpp.o'
clang++: error: no such file or directory: 'CMakeFiles/expo-modules-core.dir/src/main/cpp/JNIDeallocator.cpp.o'
clang++: error: no such file or directory: 'CMakeFiles/expo-modules-core.dir/src/main/cpp/JNIFunctionBody.cpp.o'
clang++: error: no such file or directory: 'CMakeFiles/expo-modules-core.dir/src/main/cpp/JNIInjector.cpp.o'
clang++: error: no such file or directory: 'CMakeFiles/expo-modules-core.dir/src/main/cpp/JNIUtils.cpp.o'
clang++: error: no such file or directory: 'CMakeFiles/expo-modules-core.dir/src/main/cpp/JSIContext.cpp.o'
clang++: error: no such file or directory: 'CMakeFiles/expo-modules-core.dir/src/main/cpp/JSReferencesCache.cpp.o'
clang++: error: no such file or directory: 'CMakeFiles/expo-modules-core.dir/src/main/cpp/JSharedObject.cpp.o'
clang++: error: no such file or directory: 'CMakeFiles/expo-modules-core.dir/src/main/cpp/JavaReferencesCache.cpp.o'
clang++: error: no such file or directory: 'CMakeFiles/expo-modules-core.dir/src/main/cpp/JavaScriptFunction.cpp.o'
clang++: error: no such file or directory: 'CMakeFiles/expo-modules-core.dir/src/main/cpp/JavaScriptModuleObject.cpp.o'
clang++: error: no such file or directory: 'CMakeFiles/expo-modules-core.dir/src/main/cpp/JavaScriptObject.cpp.o'
clang++: error: no such file or directory: 'CMakeFiles/expo-modules-core.dir/src/main/cpp/JavaScriptRuntime.cpp.o'
clang++: error: no such file or directory: 'CMakeFiles/expo-modules-core.dir/src/main/cpp/JavaScriptTypedArray.cpp.o'
clang++: error: no such file or directory: 'CMakeFiles/expo-modules-core.dir/src/main/cpp/JavaScriptValue.cpp.o'
clang++: error: no such file or directory: 'CMakeFiles/expo-modules-core.dir/src/main/cpp/JavaScriptWeakObject.cpp.o'
clang++: error: no such file or directory: 'CMakeFiles/expo-modules-core.dir/src/main/cpp/MethodMetadata.cpp.o'
clang++: error: no such file or directory: 'CMakeFiles/expo-modules-core.dir/src/main/cpp/RuntimeHolder.cpp.o'
clang++: error: no such file or directory: 'CMakeFiles/expo-modules-core.dir/src/main/cpp/WeakRuntimeHolder.cpp.o'
clang++: error: no such file or directory: 'CMakeFiles/expo-modules-core.dir/src/main/cpp/types/AnyType.cpp.o'
clang++: error: no such file or directory: 'CMakeFiles/expo-modules-core.dir/src/main/cpp/types/ExpectedType.cpp.o'
clang++: error: no such file or directory: 'CMakeFiles/expo-modules-core.dir/src/main/cpp/decorators/JSFunctionsDecorator.cpp.o'
clang++: error: no such file or directory: 'src/fabric/libfabric.a'
ninja: build stopped: subcommand failed.

C++ build system [build] failed while executing:
    @echo off
    "C:\\Users\\39338\\AppData\\Local\\Android\\Sdk\\cmake\\3.22.1\\bin\\ninja.exe" ^
      -C ^
      "C:\\Progetti\\CardsOfMoralDecay\\node_modules\\expo-modules-core\\android\\.cxx\\RelWithDebInfo\\5r5p2f26\\x86" ^
      expo-modules-core
  from C:\Progetti\CardsOfMoralDecay\node_modules\expo-modules-core\android
	at com.android.build.gradle.internal.cxx.process.ExecuteProcessKt.execute(ExecuteProcess.kt:288)
	at com.android.build.gradle.internal.cxx.process.ExecuteProcessKt$executeProcess$1.invoke(ExecuteProcess.kt:108)
	at com.android.build.gradle.internal.cxx.process.ExecuteProcessKt$executeProcess$1.invoke(ExecuteProcess.kt:106)
	at com.android.build.gradle.internal.cxx.timing.TimingEnvironmentKt.time(TimingEnvironment.kt:32)
	at com.android.build.gradle.internal.cxx.process.ExecuteProcessKt.executeProcess(ExecuteProcess.kt:106)
	at com.android.build.gradle.internal.cxx.process.ExecuteProcessKt.executeProcess$default(ExecuteProcess.kt:85)
	at com.android.build.gradle.internal.cxx.build.CxxRegularBuilder.executeProcessBatch(CxxRegularBuilder.kt:332)
	at com.android.build.gradle.internal.cxx.build.CxxRegularBuilder.build(CxxRegularBuilder.kt:129)
	at com.android.build.gradle.tasks.ExternalNativeBuildTask.doTaskAction(ExternalNativeBuildTask.kt:72)
	at com.android.build.gradle.internal.tasks.UnsafeOutputsTask$taskAction$$inlined$recordTaskAction$1.invoke(BaseTask.kt:59)
	at com.android.build.gradle.internal.tasks.Blocks.recordSpan(Blocks.java:51)
	at com.android.build.gradle.internal.tasks.UnsafeOutputsTask.taskAction(UnsafeOutputsTask.kt:81)
	at jdk.internal.reflect.GeneratedMethodAccessor1825.invoke(Unknown Source)
	at java.base/jdk.internal.reflect.DelegatingMethodAccessorImpl.invoke(DelegatingMethodAccessorImpl.java:43)
	at java.base/java.lang.reflect.Method.invoke(Method.java:569)
	at org.gradle.internal.reflect.JavaMethod.invoke(JavaMethod.java:125)
	... 122 more
Caused by: com.android.ide.common.process.ProcessException: Error while executing process C:\Users\39338\AppData\Local\Android\Sdk\cmake\3.22.1\bin\ninja.exe with arguments {-C C:\Progetti\CardsOfMoralDecay\node_modules\expo-modules-core\android\.cxx\RelWithDebInfo\5r5p2f26\x86 expo-modules-core}
	at com.android.build.gradle.internal.process.GradleProcessResult.buildProcessException(GradleProcessResult.java:73)
	at com.android.build.gradle.internal.process.GradleProcessResult.assertNormalExitValue(GradleProcessResult.java:48)
	at com.android.build.gradle.internal.cxx.process.ExecuteProcessKt.execute(ExecuteProcess.kt:277)
	... 137 more
Caused by: org.gradle.process.internal.ExecException: Process 'command 'C:\Users\39338\AppData\Local\Android\Sdk\cmake\3.22.1\bin\ninja.exe'' finished with non-zero exit value 1
	at org.gradle.process.internal.DefaultExecHandle$ExecResultImpl.assertNormalExitValue(DefaultExecHandle.java:442)
	at com.android.build.gradle.internal.process.GradleProcessResult.assertNormalExitValue(GradleProcessResult.java:46)
	... 138 more

==============================================================================

4: Task failed with an exception.
-----------
* What went wrong:
Execution failed for task ':react-native-worklets:buildCMakeRelWithDebInfo[x86][worklets]'.
> com.android.ide.common.process.ProcessException: ninja: Entering directory `C:\Progetti\CardsOfMoralDecay\node_modules\react-native-worklets\android\.cxx\RelWithDebInfo\733u276t\x86'
  [0/2] Re-checking globbed directories...
  [1/33] Building CXX object CMakeFiles/worklets.dir/C_/Progetti/CardsOfMoralDecay/node_modules/react-native-worklets/Common/cpp/worklets/Resources/ValueUnpacker.cpp.o
  [2/33] Building CXX object CMakeFiles/worklets.dir/929f3a62a2010d0a140c5b2527c48221/react-native-worklets/Common/cpp/worklets/Resources/SynchronizableUnpacker.cpp.o
  [3/33] Building CXX object CMakeFiles/worklets.dir/C_/Progetti/CardsOfMoralDecay/node_modules/react-native-worklets/Common/cpp/worklets/Tools/FeatureFlags.cpp.o
  [4/33] Building CXX object CMakeFiles/worklets.dir/929f3a62a2010d0a140c5b2527c48221/react-native-worklets/Common/cpp/worklets/SharedItems/SynchronizableAccess.cpp.o
  [5/33] Building CXX object CMakeFiles/worklets.dir/929f3a62a2010d0a140c5b2527c48221/react-native-worklets/Common/cpp/worklets/Registries/WorkletRuntimeRegistry.cpp.o
  [6/33] Building CXX object CMakeFiles/worklets.dir/abecd0d416a76fc891b7fb3a0ae480c1/Common/cpp/worklets/AnimationFrameQueue/AnimationFrameBatchinator.cpp.o
  [7/33] Building CXX object CMakeFiles/worklets.dir/C_/Progetti/CardsOfMoralDecay/node_modules/react-native-worklets/Common/cpp/worklets/Tools/JSLogger.cpp.o
  [8/33] Building CXX object CMakeFiles/worklets.dir/C_/Progetti/CardsOfMoralDecay/node_modules/react-native-worklets/Common/cpp/worklets/Tools/JSScheduler.cpp.o
  [9/33] Building CXX object CMakeFiles/worklets.dir/C_/Progetti/CardsOfMoralDecay/node_modules/react-native-worklets/Common/cpp/worklets/SharedItems/Synchronizable.cpp.o
  [10/33] Building CXX object CMakeFiles/worklets.dir/C_/Progetti/CardsOfMoralDecay/node_modules/react-native-worklets/Common/cpp/worklets/Tools/JSISerializer.cpp.o
  [11/33] Building CXX object CMakeFiles/worklets.dir/C_/Progetti/CardsOfMoralDecay/node_modules/react-native-worklets/Common/cpp/worklets/RunLoop/EventLoop.cpp.o
  [12/33] Building CXX object CMakeFiles/worklets.dir/C_/Progetti/CardsOfMoralDecay/node_modules/react-native-worklets/Common/cpp/worklets/RunLoop/AsyncQueueImpl.cpp.o
  [13/33] Building CXX object CMakeFiles/worklets.dir/C_/Progetti/CardsOfMoralDecay/node_modules/react-native-worklets/Common/cpp/worklets/SharedItems/Serializable.cpp.o
  [14/33] Building CXX object CMakeFiles/worklets.dir/929f3a62a2010d0a140c5b2527c48221/react-native-worklets/Common/cpp/worklets/Registries/EventHandlerRegistry.cpp.o
  [15/33] Building CXX object CMakeFiles/worklets.dir/C_/Progetti/CardsOfMoralDecay/node_modules/react-native-worklets/Common/cpp/worklets/WorkletRuntime/RuntimeData.cpp.o
  [16/33] Building CXX object CMakeFiles/worklets.dir/C_/Progetti/CardsOfMoralDecay/node_modules/react-native-worklets/Common/cpp/worklets/Tools/WorkletsVersion.cpp.o
  [17/33] Building CXX object CMakeFiles/worklets.dir/C_/Progetti/CardsOfMoralDecay/node_modules/react-native-worklets/Common/cpp/worklets/Tools/UIScheduler.cpp.o
  [18/33] Building CXX object CMakeFiles/worklets.dir/C_/Progetti/CardsOfMoralDecay/node_modules/react-native-worklets/Common/cpp/worklets/Tools/WorkletsJSIUtils.cpp.o
  [19/33] Building CXX object CMakeFiles/worklets.dir/C_/Progetti/CardsOfMoralDecay/node_modules/react-native-worklets/Common/cpp/worklets/Tools/VersionUtils.cpp.o
  [20/33] Building CXX object CMakeFiles/worklets.dir/929f3a62a2010d0a140c5b2527c48221/react-native-worklets/Common/cpp/worklets/WorkletRuntime/WorkletHermesRuntime.cpp.o
  [21/33] Building CXX object CMakeFiles/worklets.dir/src/main/cpp/worklets/android/PlatformLogger.cpp.o
  [22/33] Building CXX object CMakeFiles/worklets.dir/929f3a62a2010d0a140c5b2527c48221/react-native-worklets/Common/cpp/worklets/NativeModules/WorkletsModuleProxy.cpp.o
  [23/33] Building CXX object CMakeFiles/worklets.dir/C_/Progetti/CardsOfMoralDecay/node_modules/react-native-worklets/Common/cpp/worklets/Tools/WorkletEventHandler.cpp.o
  [24/33] Building CXX object CMakeFiles/worklets.dir/929f3a62a2010d0a140c5b2527c48221/react-native-worklets/Common/cpp/worklets/WorkletRuntime/UIRuntimeDecorator.cpp.o
  [25/33] Building CXX object CMakeFiles/worklets.dir/src/main/cpp/worklets/android/AndroidUIScheduler.cpp.o
  [26/33] Building CXX object CMakeFiles/worklets.dir/abecd0d416a76fc891b7fb3a0ae480c1/Common/cpp/worklets/WorkletRuntime/RNRuntimeWorkletDecorator.cpp.o
  [27/33] Building CXX object CMakeFiles/worklets.dir/929f3a62a2010d0a140c5b2527c48221/react-native-worklets/Common/cpp/worklets/WorkletRuntime/RuntimeManager.cpp.o
  [28/33] Building CXX object CMakeFiles/worklets.dir/929f3a62a2010d0a140c5b2527c48221/react-native-worklets/Common/cpp/worklets/NativeModules/JSIWorkletsModuleProxy.cpp.o
  [29/33] Building CXX object CMakeFiles/worklets.dir/src/main/cpp/worklets/android/WorkletsOnLoad.cpp.o
  [30/33] Building CXX object CMakeFiles/worklets.dir/929f3a62a2010d0a140c5b2527c48221/react-native-worklets/Common/cpp/worklets/WorkletRuntime/WorkletRuntime.cpp.o
  [31/33] Building CXX object CMakeFiles/worklets.dir/src/main/cpp/worklets/android/WorkletsModule.cpp.o
  [32/33] Building CXX object CMakeFiles/worklets.dir/abecd0d416a76fc891b7fb3a0ae480c1/Common/cpp/worklets/WorkletRuntime/WorkletRuntimeDecorator.cpp.o
  [33/33] Linking CXX shared library ..\..\..\..\build\intermediates\cxx\RelWithDebInfo\733u276t\obj\x86\libworklets.so
  FAILED: ../../../../build/intermediates/cxx/RelWithDebInfo/733u276t/obj/x86/libworklets.so 
  cmd.exe /C "cd . && C:\Users\39338\AppData\Local\Android\Sdk\ndk\27.1.12297006\toolchains\llvm\prebuilt\windows-x86_64\bin\clang++.exe --target=i686-none-linux-android24 --sysroot=C:/Users/39338/AppData/Local/Android/Sdk/ndk/27.1.12297006/toolchains/llvm/prebuilt/windows-x86_64/sysroot -fPIC -g -DANDROID -fdata-sections -ffunction-sections -funwind-tables -fstack-protector-strong -no-canonical-prefixes -D__BIONIC_NO_PAGE_SIZE_MACRO -D_FORTIFY_SOURCE=2 -Wformat -Werror=format-security   -DREACT_NATIVE_MINOR_VERSION=81         -DWORKLETS_VERSION=0.5.1         -DWORKLETS_FEATURE_FLAGS="[RUNTIME_TEST_FLAG:false][IOS_DYNAMIC_FRAMERATE_ENABLED:true]" -fno-omit-frame-pointer -fstack-protector-all -DNDEBUG -DJS_RUNTIME_HERMES=1 -O2 -g -DNDEBUG  -Wl,--build-id=sha1 -Wl,--no-rosegment -Wl,--no-undefined-version -Wl,--fatal-warnings -Wl,--no-undefined -Qunused-arguments  -Wl,--gc-sections -shared -Wl,-soname,libworklets.so -o ..\..\..\..\build\intermediates\cxx\RelWithDebInfo\733u276t\obj\x86\libworklets.so CMakeFiles/worklets.dir/abecd0d416a76fc891b7fb3a0ae480c1/Common/cpp/worklets/AnimationFrameQueue/AnimationFrameBatchinator.cpp.o CMakeFiles/worklets.dir/929f3a62a2010d0a140c5b2527c48221/react-native-worklets/Common/cpp/worklets/NativeModules/JSIWorkletsModuleProxy.cpp.o CMakeFiles/worklets.dir/929f3a62a2010d0a140c5b2527c48221/react-native-worklets/Common/cpp/worklets/NativeModules/WorkletsModuleProxy.cpp.o CMakeFiles/worklets.dir/929f3a62a2010d0a140c5b2527c48221/react-native-worklets/Common/cpp/worklets/Registries/EventHandlerRegistry.cpp.o CMakeFiles/worklets.dir/929f3a62a2010d0a140c5b2527c48221/react-native-worklets/Common/cpp/worklets/Registries/WorkletRuntimeRegistry.cpp.o CMakeFiles/worklets.dir/929f3a62a2010d0a140c5b2527c48221/react-native-worklets/Common/cpp/worklets/Resources/SynchronizableUnpacker.cpp.o CMakeFiles/worklets.dir/C_/Progetti/CardsOfMoralDecay/node_modules/react-native-worklets/Common/cpp/worklets/Resources/ValueUnpacker.cpp.o CMakeFiles/worklets.dir/C_/Progetti/CardsOfMoralDecay/node_modules/react-native-worklets/Common/cpp/worklets/RunLoop/AsyncQueueImpl.cpp.o CMakeFiles/worklets.dir/C_/Progetti/CardsOfMoralDecay/node_modules/react-native-worklets/Common/cpp/worklets/RunLoop/EventLoop.cpp.o CMakeFiles/worklets.dir/C_/Progetti/CardsOfMoralDecay/node_modules/react-native-worklets/Common/cpp/worklets/SharedItems/Serializable.cpp.o CMakeFiles/worklets.dir/C_/Progetti/CardsOfMoralDecay/node_modules/react-native-worklets/Common/cpp/worklets/SharedItems/Synchronizable.cpp.o CMakeFiles/worklets.dir/929f3a62a2010d0a140c5b2527c48221/react-native-worklets/Common/cpp/worklets/SharedItems/SynchronizableAccess.cpp.o CMakeFiles/worklets.dir/C_/Progetti/CardsOfMoralDecay/node_modules/react-native-worklets/Common/cpp/worklets/Tools/FeatureFlags.cpp.o CMakeFiles/worklets.dir/C_/Progetti/CardsOfMoralDecay/node_modules/react-native-worklets/Common/cpp/worklets/Tools/JSISerializer.cpp.o CMakeFiles/worklets.dir/C_/Progetti/CardsOfMoralDecay/node_modules/react-native-worklets/Common/cpp/worklets/Tools/JSLogger.cpp.o CMakeFiles/worklets.dir/C_/Progetti/CardsOfMoralDecay/node_modules/react-native-worklets/Common/cpp/worklets/Tools/JSScheduler.cpp.o CMakeFiles/worklets.dir/C_/Progetti/CardsOfMoralDecay/node_modules/react-native-worklets/Common/cpp/worklets/Tools/UIScheduler.cpp.o CMakeFiles/worklets.dir/C_/Progetti/CardsOfMoralDecay/node_modules/react-native-worklets/Common/cpp/worklets/Tools/VersionUtils.cpp.o CMakeFiles/worklets.dir/C_/Progetti/CardsOfMoralDecay/node_modules/react-native-worklets/Common/cpp/worklets/Tools/WorkletEventHandler.cpp.o CMakeFiles/worklets.dir/C_/Progetti/CardsOfMoralDecay/node_modules/react-native-worklets/Common/cpp/worklets/Tools/WorkletsJSIUtils.cpp.o CMakeFiles/worklets.dir/C_/Progetti/CardsOfMoralDecay/node_modules/react-native-worklets/Common/cpp/worklets/Tools/WorkletsVersion.cpp.o CMakeFiles/worklets.dir/abecd0d416a76fc891b7fb3a0ae480c1/Common/cpp/worklets/WorkletRuntime/RNRuntimeWorkletDecorator.cpp.o CMakeFiles/worklets.dir/C_/Progetti/CardsOfMoralDecay/node_modules/react-native-worklets/Common/cpp/worklets/WorkletRuntime/RuntimeData.cpp.o CMakeFiles/worklets.dir/929f3a62a2010d0a140c5b2527c48221/react-native-worklets/Common/cpp/worklets/WorkletRuntime/RuntimeManager.cpp.o CMakeFiles/worklets.dir/929f3a62a2010d0a140c5b2527c48221/react-native-worklets/Common/cpp/worklets/WorkletRuntime/UIRuntimeDecorator.cpp.o CMakeFiles/worklets.dir/929f3a62a2010d0a140c5b2527c48221/react-native-worklets/Common/cpp/worklets/WorkletRuntime/WorkletHermesRuntime.cpp.o CMakeFiles/worklets.dir/929f3a62a2010d0a140c5b2527c48221/react-native-worklets/Common/cpp/worklets/WorkletRuntime/WorkletRuntime.cpp.o CMakeFiles/worklets.dir/abecd0d416a76fc891b7fb3a0ae480c1/Common/cpp/worklets/WorkletRuntime/WorkletRuntimeDecorator.cpp.o CMakeFiles/worklets.dir/src/main/cpp/worklets/android/AndroidUIScheduler.cpp.o CMakeFiles/worklets.dir/src/main/cpp/worklets/android/PlatformLogger.cpp.o CMakeFiles/worklets.dir/src/main/cpp/worklets/android/WorkletsModule.cpp.o CMakeFiles/worklets.dir/src/main/cpp/worklets/android/WorkletsOnLoad.cpp.o  -llog  C:/Users/39338/.gradle/caches/8.14.3/transforms/5361c2961195a7f7b1caefc6911a3fc2/transformed/react-android-0.81.5-release/prefab/modules/jsi/libs/android.x86/libjsi.so  C:/Users/39338/.gradle/caches/8.14.3/transforms/1d9b33ce555da17de0d2d1933ef9bfa3/transformed/fbjni-0.7.0/prefab/modules/fbjni/libs/android.x86/libfbjni.so  C:/Users/39338/.gradle/caches/8.14.3/transforms/5361c2961195a7f7b1caefc6911a3fc2/transformed/react-android-0.81.5-release/prefab/modules/reactnative/libs/android.x86/libreactnative.so  C:/Users/39338/.gradle/caches/8.14.3/transforms/e8989d61f4b78ccb6eae212c9ac00ff1/transformed/hermes-android-0.81.5-release/prefab/modules/libhermes/libs/android.x86/libhermes.so  -latomic -lm && cd ."
  clang++: error: no such file or directory: 'CMakeFiles/worklets.dir/929f3a62a2010d0a140c5b2527c48221/react-native-worklets/Common/cpp/worklets/Resources/SynchronizableUnpacker.cpp.o'
  clang++: error: no such file or directory: 'CMakeFiles/worklets.dir/929f3a62a2010d0a140c5b2527c48221/react-native-worklets/Common/cpp/worklets/SharedItems/SynchronizableAccess.cpp.o'
  ninja: build stopped: subcommand failed.
  
  C++ build system [build] failed while executing:
      @echo off
      "C:\\Users\\39338\\AppData\\Local\\Android\\Sdk\\cmake\\3.22.1\\bin\\ninja.exe" ^
        -C ^
        "C:\\Progetti\\CardsOfMoralDecay\\node_modules\\react-native-worklets\\android\\.cxx\\RelWithDebInfo\\733u276t\\x86" ^
        worklets
    from C:\Progetti\CardsOfMoralDecay\node_modules\react-native-worklets\android

* Try:
> Run with --info or --debug option to get more log output.
> Run with --scan to get full insights.
> Get more help at https://help.gradle.org.

* Exception is:
org.gradle.api.tasks.TaskExecutionException: Execution failed for task ':react-native-worklets:buildCMakeRelWithDebInfo[x86][worklets]'.
	at org.gradle.api.internal.tasks.execution.ExecuteActionsTaskExecuter.lambda$executeIfValid$1(ExecuteActionsTaskExecuter.java:130)
	at org.gradle.internal.Try$Failure.ifSuccessfulOrElse(Try.java:293)
	at org.gradle.api.internal.tasks.execution.ExecuteActionsTaskExecuter.executeIfValid(ExecuteActionsTaskExecuter.java:128)
	at org.gradle.api.internal.tasks.execution.ExecuteActionsTaskExecuter.execute(ExecuteActionsTaskExecuter.java:116)
	at org.gradle.api.internal.tasks.execution.ProblemsTaskPathTrackingTaskExecuter.execute(ProblemsTaskPathTrackingTaskExecuter.java:41)
	at org.gradle.api.internal.tasks.execution.FinalizePropertiesTaskExecuter.execute(FinalizePropertiesTaskExecuter.java:46)
	at org.gradle.api.internal.tasks.execution.ResolveTaskExecutionModeExecuter.execute(ResolveTaskExecutionModeExecuter.java:51)
	at org.gradle.api.internal.tasks.execution.SkipTaskWithNoActionsExecuter.execute(SkipTaskWithNoActionsExecuter.java:57)
	at org.gradle.api.internal.tasks.execution.SkipOnlyIfTaskExecuter.execute(SkipOnlyIfTaskExecuter.java:74)
	at org.gradle.api.internal.tasks.execution.CatchExceptionTaskExecuter.execute(CatchExceptionTaskExecuter.java:36)
	at org.gradle.api.internal.tasks.execution.EventFiringTaskExecuter$1.executeTask(EventFiringTaskExecuter.java:77)
	at org.gradle.api.internal.tasks.execution.EventFiringTaskExecuter$1.call(EventFiringTaskExecuter.java:55)
	at org.gradle.api.internal.tasks.execution.EventFiringTaskExecuter$1.call(EventFiringTaskExecuter.java:52)
	at org.gradle.internal.operations.DefaultBuildOperationRunner$CallableBuildOperationWorker.execute(DefaultBuildOperationRunner.java:210)
	at org.gradle.internal.operations.DefaultBuildOperationRunner$CallableBuildOperationWorker.execute(DefaultBuildOperationRunner.java:205)
	at org.gradle.internal.operations.DefaultBuildOperationRunner$2.execute(DefaultBuildOperationRunner.java:67)
	at org.gradle.internal.operations.DefaultBuildOperationRunner$2.execute(DefaultBuildOperationRunner.java:60)
	at org.gradle.internal.operations.DefaultBuildOperationRunner.execute(DefaultBuildOperationRunner.java:167)
	at org.gradle.internal.operations.DefaultBuildOperationRunner.execute(DefaultBuildOperationRunner.java:60)
	at org.gradle.internal.operations.DefaultBuildOperationRunner.call(DefaultBuildOperationRunner.java:54)
	at org.gradle.api.internal.tasks.execution.EventFiringTaskExecuter.execute(EventFiringTaskExecuter.java:52)
	at org.gradle.execution.plan.LocalTaskNodeExecutor.execute(LocalTaskNodeExecutor.java:42)
	at org.gradle.execution.taskgraph.DefaultTaskExecutionGraph$InvokeNodeExecutorsAction.execute(DefaultTaskExecutionGraph.java:331)
	at org.gradle.execution.taskgraph.DefaultTaskExecutionGraph$InvokeNodeExecutorsAction.execute(DefaultTaskExecutionGraph.java:318)
	at org.gradle.execution.taskgraph.DefaultTaskExecutionGraph$BuildOperationAwareExecutionAction.lambda$execute$0(DefaultTaskExecutionGraph.java:314)
	at org.gradle.internal.operations.CurrentBuildOperationRef.with(CurrentBuildOperationRef.java:85)
	at org.gradle.execution.taskgraph.DefaultTaskExecutionGraph$BuildOperationAwareExecutionAction.execute(DefaultTaskExecutionGraph.java:314)
	at org.gradle.execution.taskgraph.DefaultTaskExecutionGraph$BuildOperationAwareExecutionAction.execute(DefaultTaskExecutionGraph.java:303)
	at org.gradle.execution.plan.DefaultPlanExecutor$ExecutorWorker.execute(DefaultPlanExecutor.java:459)
	at org.gradle.execution.plan.DefaultPlanExecutor$ExecutorWorker.run(DefaultPlanExecutor.java:376)
	at org.gradle.internal.concurrent.ExecutorPolicy$CatchAndRecordFailures.onExecute(ExecutorPolicy.java:64)
	at org.gradle.internal.concurrent.AbstractManagedExecutor$1.run(AbstractManagedExecutor.java:48)
	at java.base/java.util.concurrent.ThreadPoolExecutor.runWorker(ThreadPoolExecutor.java:1136)
	at java.base/java.util.concurrent.ThreadPoolExecutor$Worker.run(ThreadPoolExecutor.java:635)
	at java.base/java.lang.Thread.run(Thread.java:840)
Caused by: org.gradle.internal.UncheckedException: com.android.ide.common.process.ProcessException: ninja: Entering directory `C:\Progetti\CardsOfMoralDecay\node_modules\react-native-worklets\android\.cxx\RelWithDebInfo\733u276t\x86'
[0/2] Re-checking globbed directories...
[1/33] Building CXX object CMakeFiles/worklets.dir/C_/Progetti/CardsOfMoralDecay/node_modules/react-native-worklets/Common/cpp/worklets/Resources/ValueUnpacker.cpp.o
[2/33] Building CXX object CMakeFiles/worklets.dir/929f3a62a2010d0a140c5b2527c48221/react-native-worklets/Common/cpp/worklets/Resources/SynchronizableUnpacker.cpp.o
[3/33] Building CXX object CMakeFiles/worklets.dir/C_/Progetti/CardsOfMoralDecay/node_modules/react-native-worklets/Common/cpp/worklets/Tools/FeatureFlags.cpp.o
[4/33] Building CXX object CMakeFiles/worklets.dir/929f3a62a2010d0a140c5b2527c48221/react-native-worklets/Common/cpp/worklets/SharedItems/SynchronizableAccess.cpp.o
[5/33] Building CXX object CMakeFiles/worklets.dir/929f3a62a2010d0a140c5b2527c48221/react-native-worklets/Common/cpp/worklets/Registries/WorkletRuntimeRegistry.cpp.o
[6/33] Building CXX object CMakeFiles/worklets.dir/abecd0d416a76fc891b7fb3a0ae480c1/Common/cpp/worklets/AnimationFrameQueue/AnimationFrameBatchinator.cpp.o
[7/33] Building CXX object CMakeFiles/worklets.dir/C_/Progetti/CardsOfMoralDecay/node_modules/react-native-worklets/Common/cpp/worklets/Tools/JSLogger.cpp.o
[8/33] Building CXX object CMakeFiles/worklets.dir/C_/Progetti/CardsOfMoralDecay/node_modules/react-native-worklets/Common/cpp/worklets/Tools/JSScheduler.cpp.o
[9/33] Building CXX object CMakeFiles/worklets.dir/C_/Progetti/CardsOfMoralDecay/node_modules/react-native-worklets/Common/cpp/worklets/SharedItems/Synchronizable.cpp.o
[10/33] Building CXX object CMakeFiles/worklets.dir/C_/Progetti/CardsOfMoralDecay/node_modules/react-native-worklets/Common/cpp/worklets/Tools/JSISerializer.cpp.o
[11/33] Building CXX object CMakeFiles/worklets.dir/C_/Progetti/CardsOfMoralDecay/node_modules/react-native-worklets/Common/cpp/worklets/RunLoop/EventLoop.cpp.o
[12/33] Building CXX object CMakeFiles/worklets.dir/C_/Progetti/CardsOfMoralDecay/node_modules/react-native-worklets/Common/cpp/worklets/RunLoop/AsyncQueueImpl.cpp.o
[13/33] Building CXX object CMakeFiles/worklets.dir/C_/Progetti/CardsOfMoralDecay/node_modules/react-native-worklets/Common/cpp/worklets/SharedItems/Serializable.cpp.o
[14/33] Building CXX object CMakeFiles/worklets.dir/929f3a62a2010d0a140c5b2527c48221/react-native-worklets/Common/cpp/worklets/Registries/EventHandlerRegistry.cpp.o
[15/33] Building CXX object CMakeFiles/worklets.dir/C_/Progetti/CardsOfMoralDecay/node_modules/react-native-worklets/Common/cpp/worklets/WorkletRuntime/RuntimeData.cpp.o
[16/33] Building CXX object CMakeFiles/worklets.dir/C_/Progetti/CardsOfMoralDecay/node_modules/react-native-worklets/Common/cpp/worklets/Tools/WorkletsVersion.cpp.o
[17/33] Building CXX object CMakeFiles/worklets.dir/C_/Progetti/CardsOfMoralDecay/node_modules/react-native-worklets/Common/cpp/worklets/Tools/UIScheduler.cpp.o
[18/33] Building CXX object CMakeFiles/worklets.dir/C_/Progetti/CardsOfMoralDecay/node_modules/react-native-worklets/Common/cpp/worklets/Tools/WorkletsJSIUtils.cpp.o
[19/33] Building CXX object CMakeFiles/worklets.dir/C_/Progetti/CardsOfMoralDecay/node_modules/react-native-worklets/Common/cpp/worklets/Tools/VersionUtils.cpp.o
[20/33] Building CXX object CMakeFiles/worklets.dir/929f3a62a2010d0a140c5b2527c48221/react-native-worklets/Common/cpp/worklets/WorkletRuntime/WorkletHermesRuntime.cpp.o
[21/33] Building CXX object CMakeFiles/worklets.dir/src/main/cpp/worklets/android/PlatformLogger.cpp.o
[22/33] Building CXX object CMakeFiles/worklets.dir/929f3a62a2010d0a140c5b2527c48221/react-native-worklets/Common/cpp/worklets/NativeModules/WorkletsModuleProxy.cpp.o
[23/33] Building CXX object CMakeFiles/worklets.dir/C_/Progetti/CardsOfMoralDecay/node_modules/react-native-worklets/Common/cpp/worklets/Tools/WorkletEventHandler.cpp.o
[24/33] Building CXX object CMakeFiles/worklets.dir/929f3a62a2010d0a140c5b2527c48221/react-native-worklets/Common/cpp/worklets/WorkletRuntime/UIRuntimeDecorator.cpp.o
[25/33] Building CXX object CMakeFiles/worklets.dir/src/main/cpp/worklets/android/AndroidUIScheduler.cpp.o
[26/33] Building CXX object CMakeFiles/worklets.dir/abecd0d416a76fc891b7fb3a0ae480c1/Common/cpp/worklets/WorkletRuntime/RNRuntimeWorkletDecorator.cpp.o
[27/33] Building CXX object CMakeFiles/worklets.dir/929f3a62a2010d0a140c5b2527c48221/react-native-worklets/Common/cpp/worklets/WorkletRuntime/RuntimeManager.cpp.o
[28/33] Building CXX object CMakeFiles/worklets.dir/929f3a62a2010d0a140c5b2527c48221/react-native-worklets/Common/cpp/worklets/NativeModules/JSIWorkletsModuleProxy.cpp.o
[29/33] Building CXX object CMakeFiles/worklets.dir/src/main/cpp/worklets/android/WorkletsOnLoad.cpp.o
[30/33] Building CXX object CMakeFiles/worklets.dir/929f3a62a2010d0a140c5b2527c48221/react-native-worklets/Common/cpp/worklets/WorkletRuntime/WorkletRuntime.cpp.o
[31/33] Building CXX object CMakeFiles/worklets.dir/src/main/cpp/worklets/android/WorkletsModule.cpp.o
[32/33] Building CXX object CMakeFiles/worklets.dir/abecd0d416a76fc891b7fb3a0ae480c1/Common/cpp/worklets/WorkletRuntime/WorkletRuntimeDecorator.cpp.o
[33/33] Linking CXX shared library ..\..\..\..\build\intermediates\cxx\RelWithDebInfo\733u276t\obj\x86\libworklets.so
FAILED: ../../../../build/intermediates/cxx/RelWithDebInfo/733u276t/obj/x86/libworklets.so 
cmd.exe /C "cd . && C:\Users\39338\AppData\Local\Android\Sdk\ndk\27.1.12297006\toolchains\llvm\prebuilt\windows-x86_64\bin\clang++.exe --target=i686-none-linux-android24 --sysroot=C:/Users/39338/AppData/Local/Android/Sdk/ndk/27.1.12297006/toolchains/llvm/prebuilt/windows-x86_64/sysroot -fPIC -g -DANDROID -fdata-sections -ffunction-sections -funwind-tables -fstack-protector-strong -no-canonical-prefixes -D__BIONIC_NO_PAGE_SIZE_MACRO -D_FORTIFY_SOURCE=2 -Wformat -Werror=format-security   -DREACT_NATIVE_MINOR_VERSION=81         -DWORKLETS_VERSION=0.5.1         -DWORKLETS_FEATURE_FLAGS="[RUNTIME_TEST_FLAG:false][IOS_DYNAMIC_FRAMERATE_ENABLED:true]" -fno-omit-frame-pointer -fstack-protector-all -DNDEBUG -DJS_RUNTIME_HERMES=1 -O2 -g -DNDEBUG  -Wl,--build-id=sha1 -Wl,--no-rosegment -Wl,--no-undefined-version -Wl,--fatal-warnings -Wl,--no-undefined -Qunused-arguments  -Wl,--gc-sections -shared -Wl,-soname,libworklets.so -o ..\..\..\..\build\intermediates\cxx\RelWithDebInfo\733u276t\obj\x86\libworklets.so CMakeFiles/worklets.dir/abecd0d416a76fc891b7fb3a0ae480c1/Common/cpp/worklets/AnimationFrameQueue/AnimationFrameBatchinator.cpp.o CMakeFiles/worklets.dir/929f3a62a2010d0a140c5b2527c48221/react-native-worklets/Common/cpp/worklets/NativeModules/JSIWorkletsModuleProxy.cpp.o CMakeFiles/worklets.dir/929f3a62a2010d0a140c5b2527c48221/react-native-worklets/Common/cpp/worklets/NativeModules/WorkletsModuleProxy.cpp.o CMakeFiles/worklets.dir/929f3a62a2010d0a140c5b2527c48221/react-native-worklets/Common/cpp/worklets/Registries/EventHandlerRegistry.cpp.o CMakeFiles/worklets.dir/929f3a62a2010d0a140c5b2527c48221/react-native-worklets/Common/cpp/worklets/Registries/WorkletRuntimeRegistry.cpp.o CMakeFiles/worklets.dir/929f3a62a2010d0a140c5b2527c48221/react-native-worklets/Common/cpp/worklets/Resources/SynchronizableUnpacker.cpp.o CMakeFiles/worklets.dir/C_/Progetti/CardsOfMoralDecay/node_modules/react-native-worklets/Common/cpp/worklets/Resources/ValueUnpacker.cpp.o CMakeFiles/worklets.dir/C_/Progetti/CardsOfMoralDecay/node_modules/react-native-worklets/Common/cpp/worklets/RunLoop/AsyncQueueImpl.cpp.o CMakeFiles/worklets.dir/C_/Progetti/CardsOfMoralDecay/node_modules/react-native-worklets/Common/cpp/worklets/RunLoop/EventLoop.cpp.o CMakeFiles/worklets.dir/C_/Progetti/CardsOfMoralDecay/node_modules/react-native-worklets/Common/cpp/worklets/SharedItems/Serializable.cpp.o CMakeFiles/worklets.dir/C_/Progetti/CardsOfMoralDecay/node_modules/react-native-worklets/Common/cpp/worklets/SharedItems/Synchronizable.cpp.o CMakeFiles/worklets.dir/929f3a62a2010d0a140c5b2527c48221/react-native-worklets/Common/cpp/worklets/SharedItems/SynchronizableAccess.cpp.o CMakeFiles/worklets.dir/C_/Progetti/CardsOfMoralDecay/node_modules/react-native-worklets/Common/cpp/worklets/Tools/FeatureFlags.cpp.o CMakeFiles/worklets.dir/C_/Progetti/CardsOfMoralDecay/node_modules/react-native-worklets/Common/cpp/worklets/Tools/JSISerializer.cpp.o CMakeFiles/worklets.dir/C_/Progetti/CardsOfMoralDecay/node_modules/react-native-worklets/Common/cpp/worklets/Tools/JSLogger.cpp.o CMakeFiles/worklets.dir/C_/Progetti/CardsOfMoralDecay/node_modules/react-native-worklets/Common/cpp/worklets/Tools/JSScheduler.cpp.o CMakeFiles/worklets.dir/C_/Progetti/CardsOfMoralDecay/node_modules/react-native-worklets/Common/cpp/worklets/Tools/UIScheduler.cpp.o CMakeFiles/worklets.dir/C_/Progetti/CardsOfMoralDecay/node_modules/react-native-worklets/Common/cpp/worklets/Tools/VersionUtils.cpp.o CMakeFiles/worklets.dir/C_/Progetti/CardsOfMoralDecay/node_modules/react-native-worklets/Common/cpp/worklets/Tools/WorkletEventHandler.cpp.o CMakeFiles/worklets.dir/C_/Progetti/CardsOfMoralDecay/node_modules/react-native-worklets/Common/cpp/worklets/Tools/WorkletsJSIUtils.cpp.o CMakeFiles/worklets.dir/C_/Progetti/CardsOfMoralDecay/node_modules/react-native-worklets/Common/cpp/worklets/Tools/WorkletsVersion.cpp.o CMakeFiles/worklets.dir/abecd0d416a76fc891b7fb3a0ae480c1/Common/cpp/worklets/WorkletRuntime/RNRuntimeWorkletDecorator.cpp.o CMakeFiles/worklets.dir/C_/Progetti/CardsOfMoralDecay/node_modules/react-native-worklets/Common/cpp/worklets/WorkletRuntime/RuntimeData.cpp.o CMakeFiles/worklets.dir/929f3a62a2010d0a140c5b2527c48221/react-native-worklets/Common/cpp/worklets/WorkletRuntime/RuntimeManager.cpp.o CMakeFiles/worklets.dir/929f3a62a2010d0a140c5b2527c48221/react-native-worklets/Common/cpp/worklets/WorkletRuntime/UIRuntimeDecorator.cpp.o CMakeFiles/worklets.dir/929f3a62a2010d0a140c5b2527c48221/react-native-worklets/Common/cpp/worklets/WorkletRuntime/WorkletHermesRuntime.cpp.o CMakeFiles/worklets.dir/929f3a62a2010d0a140c5b2527c48221/react-native-worklets/Common/cpp/worklets/WorkletRuntime/WorkletRuntime.cpp.o CMakeFiles/worklets.dir/abecd0d416a76fc891b7fb3a0ae480c1/Common/cpp/worklets/WorkletRuntime/WorkletRuntimeDecorator.cpp.o CMakeFiles/worklets.dir/src/main/cpp/worklets/android/AndroidUIScheduler.cpp.o CMakeFiles/worklets.dir/src/main/cpp/worklets/android/PlatformLogger.cpp.o CMakeFiles/worklets.dir/src/main/cpp/worklets/android/WorkletsModule.cpp.o CMakeFiles/worklets.dir/src/main/cpp/worklets/android/WorkletsOnLoad.cpp.o  -llog  C:/Users/39338/.gradle/caches/8.14.3/transforms/5361c2961195a7f7b1caefc6911a3fc2/transformed/react-android-0.81.5-release/prefab/modules/jsi/libs/android.x86/libjsi.so  C:/Users/39338/.gradle/caches/8.14.3/transforms/1d9b33ce555da17de0d2d1933ef9bfa3/transformed/fbjni-0.7.0/prefab/modules/fbjni/libs/android.x86/libfbjni.so  C:/Users/39338/.gradle/caches/8.14.3/transforms/5361c2961195a7f7b1caefc6911a3fc2/transformed/react-android-0.81.5-release/prefab/modules/reactnative/libs/android.x86/libreactnative.so  C:/Users/39338/.gradle/caches/8.14.3/transforms/e8989d61f4b78ccb6eae212c9ac00ff1/transformed/hermes-android-0.81.5-release/prefab/modules/libhermes/libs/android.x86/libhermes.so  -latomic -lm && cd ."
clang++: error: no such file or directory: 'CMakeFiles/worklets.dir/929f3a62a2010d0a140c5b2527c48221/react-native-worklets/Common/cpp/worklets/Resources/SynchronizableUnpacker.cpp.o'
clang++: error: no such file or directory: 'CMakeFiles/worklets.dir/929f3a62a2010d0a140c5b2527c48221/react-native-worklets/Common/cpp/worklets/SharedItems/SynchronizableAccess.cpp.o'
ninja: build stopped: subcommand failed.

C++ build system [build] failed while executing:
    @echo off
    "C:\\Users\\39338\\AppData\\Local\\Android\\Sdk\\cmake\\3.22.1\\bin\\ninja.exe" ^
      -C ^
      "C:\\Progetti\\CardsOfMoralDecay\\node_modules\\react-native-worklets\\android\\.cxx\\RelWithDebInfo\\733u276t\\x86" ^
      worklets
  from C:\Progetti\CardsOfMoralDecay\node_modules\react-native-worklets\android
	at org.gradle.internal.UncheckedException.throwAsUncheckedException(UncheckedException.java:69)
	at org.gradle.internal.UncheckedException.throwAsUncheckedException(UncheckedException.java:42)
	at org.gradle.internal.reflect.JavaMethod.invoke(JavaMethod.java:128)
	at org.gradle.api.internal.project.taskfactory.StandardTaskAction.doExecute(StandardTaskAction.java:58)
	at org.gradle.api.internal.project.taskfactory.StandardTaskAction.execute(StandardTaskAction.java:51)
	at org.gradle.api.internal.project.taskfactory.StandardTaskAction.execute(StandardTaskAction.java:29)
	at org.gradle.api.internal.tasks.execution.TaskExecution$3.run(TaskExecution.java:244)
	at org.gradle.internal.operations.DefaultBuildOperationRunner$1.execute(DefaultBuildOperationRunner.java:30)
	at org.gradle.internal.operations.DefaultBuildOperationRunner$1.execute(DefaultBuildOperationRunner.java:27)
	at org.gradle.internal.operations.DefaultBuildOperationRunner$2.execute(DefaultBuildOperationRunner.java:67)
	at org.gradle.internal.operations.DefaultBuildOperationRunner$2.execute(DefaultBuildOperationRunner.java:60)
	at org.gradle.internal.operations.DefaultBuildOperationRunner.execute(DefaultBuildOperationRunner.java:167)
	at org.gradle.internal.operations.DefaultBuildOperationRunner.execute(DefaultBuildOperationRunner.java:60)
	at org.gradle.internal.operations.DefaultBuildOperationRunner.run(DefaultBuildOperationRunner.java:48)
	at org.gradle.api.internal.tasks.execution.TaskExecution.executeAction(TaskExecution.java:229)
	at org.gradle.api.internal.tasks.execution.TaskExecution.executeActions(TaskExecution.java:212)
	at org.gradle.api.internal.tasks.execution.TaskExecution.executeWithPreviousOutputFiles(TaskExecution.java:195)
	at org.gradle.api.internal.tasks.execution.TaskExecution.execute(TaskExecution.java:162)
	at org.gradle.internal.execution.steps.ExecuteStep.executeInternal(ExecuteStep.java:105)
	at org.gradle.internal.execution.steps.ExecuteStep.access$000(ExecuteStep.java:44)
	at org.gradle.internal.execution.steps.ExecuteStep$1.call(ExecuteStep.java:59)
	at org.gradle.internal.execution.steps.ExecuteStep$1.call(ExecuteStep.java:56)
	at org.gradle.internal.operations.DefaultBuildOperationRunner$CallableBuildOperationWorker.execute(DefaultBuildOperationRunner.java:210)
	at org.gradle.internal.operations.DefaultBuildOperationRunner$CallableBuildOperationWorker.execute(DefaultBuildOperationRunner.java:205)
	at org.gradle.internal.operations.DefaultBuildOperationRunner$2.execute(DefaultBuildOperationRunner.java:67)
	at org.gradle.internal.operations.DefaultBuildOperationRunner$2.execute(DefaultBuildOperationRunner.java:60)
	at org.gradle.internal.operations.DefaultBuildOperationRunner.execute(DefaultBuildOperationRunner.java:167)
	at org.gradle.internal.operations.DefaultBuildOperationRunner.execute(DefaultBuildOperationRunner.java:60)
	at org.gradle.internal.operations.DefaultBuildOperationRunner.call(DefaultBuildOperationRunner.java:54)
	at org.gradle.internal.execution.steps.ExecuteStep.execute(ExecuteStep.java:56)
	at org.gradle.internal.execution.steps.ExecuteStep.execute(ExecuteStep.java:44)
	at org.gradle.internal.execution.steps.CancelExecutionStep.execute(CancelExecutionStep.java:42)
	at org.gradle.internal.execution.steps.TimeoutStep.executeWithoutTimeout(TimeoutStep.java:75)
	at org.gradle.internal.execution.steps.TimeoutStep.execute(TimeoutStep.java:55)
	at org.gradle.internal.execution.steps.PreCreateOutputParentsStep.execute(PreCreateOutputParentsStep.java:50)
	at org.gradle.internal.execution.steps.PreCreateOutputParentsStep.execute(PreCreateOutputParentsStep.java:28)
	at org.gradle.internal.execution.steps.RemovePreviousOutputsStep.execute(RemovePreviousOutputsStep.java:67)
	at org.gradle.internal.execution.steps.RemovePreviousOutputsStep.execute(RemovePreviousOutputsStep.java:37)
	at org.gradle.internal.execution.steps.BroadcastChangingOutputsStep.execute(BroadcastChangingOutputsStep.java:61)
	at org.gradle.internal.execution.steps.BroadcastChangingOutputsStep.execute(BroadcastChangingOutputsStep.java:26)
	at org.gradle.internal.execution.steps.CaptureOutputsAfterExecutionStep.execute(CaptureOutputsAfterExecutionStep.java:69)
	at org.gradle.internal.execution.steps.CaptureOutputsAfterExecutionStep.execute(CaptureOutputsAfterExecutionStep.java:46)
	at org.gradle.internal.execution.steps.ResolveInputChangesStep.execute(ResolveInputChangesStep.java:40)
	at org.gradle.internal.execution.steps.ResolveInputChangesStep.execute(ResolveInputChangesStep.java:29)
	at org.gradle.internal.execution.steps.BuildCacheStep.executeWithoutCache(BuildCacheStep.java:189)
	at org.gradle.internal.execution.steps.BuildCacheStep.lambda$execute$1(BuildCacheStep.java:75)
	at org.gradle.internal.Either$Right.fold(Either.java:175)
	at org.gradle.internal.execution.caching.CachingState.fold(CachingState.java:62)
	at org.gradle.internal.execution.steps.BuildCacheStep.execute(BuildCacheStep.java:73)
	at org.gradle.internal.execution.steps.BuildCacheStep.execute(BuildCacheStep.java:48)
	at org.gradle.internal.execution.steps.StoreExecutionStateStep.execute(StoreExecutionStateStep.java:46)
	at org.gradle.internal.execution.steps.StoreExecutionStateStep.execute(StoreExecutionStateStep.java:35)
	at org.gradle.internal.execution.steps.SkipUpToDateStep.executeBecause(SkipUpToDateStep.java:75)
	at org.gradle.internal.execution.steps.SkipUpToDateStep.lambda$execute$2(SkipUpToDateStep.java:53)
	at java.base/java.util.Optional.orElseGet(Optional.java:364)
	at org.gradle.internal.execution.steps.SkipUpToDateStep.execute(SkipUpToDateStep.java:53)
	at org.gradle.internal.execution.steps.SkipUpToDateStep.execute(SkipUpToDateStep.java:35)
	at org.gradle.internal.execution.steps.legacy.MarkSnapshottingInputsFinishedStep.execute(MarkSnapshottingInputsFinishedStep.java:37)
	at org.gradle.internal.execution.steps.legacy.MarkSnapshottingInputsFinishedStep.execute(MarkSnapshottingInputsFinishedStep.java:27)
	at org.gradle.internal.execution.steps.ResolveIncrementalCachingStateStep.executeDelegate(ResolveIncrementalCachingStateStep.java:49)
	at org.gradle.internal.execution.steps.ResolveIncrementalCachingStateStep.executeDelegate(ResolveIncrementalCachingStateStep.java:27)
	at org.gradle.internal.execution.steps.AbstractResolveCachingStateStep.execute(AbstractResolveCachingStateStep.java:71)
	at org.gradle.internal.execution.steps.AbstractResolveCachingStateStep.execute(AbstractResolveCachingStateStep.java:39)
	at org.gradle.internal.execution.steps.ResolveChangesStep.execute(ResolveChangesStep.java:65)
	at org.gradle.internal.execution.steps.ResolveChangesStep.execute(ResolveChangesStep.java:36)
	at org.gradle.internal.execution.steps.ValidateStep.execute(ValidateStep.java:107)
	at org.gradle.internal.execution.steps.ValidateStep.execute(ValidateStep.java:56)
	at org.gradle.internal.execution.steps.AbstractCaptureStateBeforeExecutionStep.execute(AbstractCaptureStateBeforeExecutionStep.java:64)
	at org.gradle.internal.execution.steps.AbstractCaptureStateBeforeExecutionStep.execute(AbstractCaptureStateBeforeExecutionStep.java:43)
	at org.gradle.internal.execution.steps.AbstractSkipEmptyWorkStep.executeWithNonEmptySources(AbstractSkipEmptyWorkStep.java:125)
	at org.gradle.internal.execution.steps.AbstractSkipEmptyWorkStep.execute(AbstractSkipEmptyWorkStep.java:56)
	at org.gradle.internal.execution.steps.AbstractSkipEmptyWorkStep.execute(AbstractSkipEmptyWorkStep.java:36)
	at org.gradle.internal.execution.steps.legacy.MarkSnapshottingInputsStartedStep.execute(MarkSnapshottingInputsStartedStep.java:38)
	at org.gradle.internal.execution.steps.LoadPreviousExecutionStateStep.execute(LoadPreviousExecutionStateStep.java:36)
	at org.gradle.internal.execution.steps.LoadPreviousExecutionStateStep.execute(LoadPreviousExecutionStateStep.java:23)
	at org.gradle.internal.execution.steps.HandleStaleOutputsStep.execute(HandleStaleOutputsStep.java:75)
	at org.gradle.internal.execution.steps.HandleStaleOutputsStep.execute(HandleStaleOutputsStep.java:41)
	at org.gradle.internal.execution.steps.AssignMutableWorkspaceStep.lambda$execute$0(AssignMutableWorkspaceStep.java:35)
	at org.gradle.api.internal.tasks.execution.TaskExecution$4.withWorkspace(TaskExecution.java:289)
	at org.gradle.internal.execution.steps.AssignMutableWorkspaceStep.execute(AssignMutableWorkspaceStep.java:31)
	at org.gradle.internal.execution.steps.AssignMutableWorkspaceStep.execute(AssignMutableWorkspaceStep.java:22)
	at org.gradle.internal.execution.steps.ChoosePipelineStep.execute(ChoosePipelineStep.java:40)
	at org.gradle.internal.execution.steps.ChoosePipelineStep.execute(ChoosePipelineStep.java:23)
	at org.gradle.internal.execution.steps.ExecuteWorkBuildOperationFiringStep.lambda$execute$2(ExecuteWorkBuildOperationFiringStep.java:67)
	at java.base/java.util.Optional.orElseGet(Optional.java:364)
	at org.gradle.internal.execution.steps.ExecuteWorkBuildOperationFiringStep.execute(ExecuteWorkBuildOperationFiringStep.java:67)
	at org.gradle.internal.execution.steps.ExecuteWorkBuildOperationFiringStep.execute(ExecuteWorkBuildOperationFiringStep.java:39)
	at org.gradle.internal.execution.steps.IdentityCacheStep.execute(IdentityCacheStep.java:46)
	at org.gradle.internal.execution.steps.IdentityCacheStep.execute(IdentityCacheStep.java:34)
	at org.gradle.internal.execution.steps.IdentifyStep.execute(IdentifyStep.java:48)
	at org.gradle.internal.execution.steps.IdentifyStep.execute(IdentifyStep.java:35)
	at org.gradle.internal.execution.impl.DefaultExecutionEngine$1.execute(DefaultExecutionEngine.java:64)
	at org.gradle.api.internal.tasks.execution.ExecuteActionsTaskExecuter.executeIfValid(ExecuteActionsTaskExecuter.java:127)
	at org.gradle.api.internal.tasks.execution.ExecuteActionsTaskExecuter.execute(ExecuteActionsTaskExecuter.java:116)
	at org.gradle.api.internal.tasks.execution.ProblemsTaskPathTrackingTaskExecuter.execute(ProblemsTaskPathTrackingTaskExecuter.java:41)
	at org.gradle.api.internal.tasks.execution.FinalizePropertiesTaskExecuter.execute(FinalizePropertiesTaskExecuter.java:46)
	at org.gradle.api.internal.tasks.execution.ResolveTaskExecutionModeExecuter.execute(ResolveTaskExecutionModeExecuter.java:51)
	at org.gradle.api.internal.tasks.execution.SkipTaskWithNoActionsExecuter.execute(SkipTaskWithNoActionsExecuter.java:57)
	at org.gradle.api.internal.tasks.execution.SkipOnlyIfTaskExecuter.execute(SkipOnlyIfTaskExecuter.java:74)
	at org.gradle.api.internal.tasks.execution.CatchExceptionTaskExecuter.execute(CatchExceptionTaskExecuter.java:36)
	at org.gradle.api.internal.tasks.execution.EventFiringTaskExecuter$1.executeTask(EventFiringTaskExecuter.java:77)
	at org.gradle.api.internal.tasks.execution.EventFiringTaskExecuter$1.call(EventFiringTaskExecuter.java:55)
	at org.gradle.api.internal.tasks.execution.EventFiringTaskExecuter$1.call(EventFiringTaskExecuter.java:52)
	at org.gradle.internal.operations.DefaultBuildOperationRunner$CallableBuildOperationWorker.execute(DefaultBuildOperationRunner.java:210)
	at org.gradle.internal.operations.DefaultBuildOperationRunner$CallableBuildOperationWorker.execute(DefaultBuildOperationRunner.java:205)
	at org.gradle.internal.operations.DefaultBuildOperationRunner$2.execute(DefaultBuildOperationRunner.java:67)
	at org.gradle.internal.operations.DefaultBuildOperationRunner$2.execute(DefaultBuildOperationRunner.java:60)
	at org.gradle.internal.operations.DefaultBuildOperationRunner.execute(DefaultBuildOperationRunner.java:167)
	at org.gradle.internal.operations.DefaultBuildOperationRunner.execute(DefaultBuildOperationRunner.java:60)
	at org.gradle.internal.operations.DefaultBuildOperationRunner.call(DefaultBuildOperationRunner.java:54)
	at org.gradle.api.internal.tasks.execution.EventFiringTaskExecuter.execute(EventFiringTaskExecuter.java:52)
	at org.gradle.execution.plan.LocalTaskNodeExecutor.execute(LocalTaskNodeExecutor.java:42)
	at org.gradle.execution.taskgraph.DefaultTaskExecutionGraph$InvokeNodeExecutorsAction.execute(DefaultTaskExecutionGraph.java:331)
	at org.gradle.execution.taskgraph.DefaultTaskExecutionGraph$InvokeNodeExecutorsAction.execute(DefaultTaskExecutionGraph.java:318)
	at org.gradle.execution.taskgraph.DefaultTaskExecutionGraph$BuildOperationAwareExecutionAction.lambda$execute$0(DefaultTaskExecutionGraph.java:314)
	at org.gradle.internal.operations.CurrentBuildOperationRef.with(CurrentBuildOperationRef.java:85)
	at org.gradle.execution.taskgraph.DefaultTaskExecutionGraph$BuildOperationAwareExecutionAction.execute(DefaultTaskExecutionGraph.java:314)
	at org.gradle.execution.taskgraph.DefaultTaskExecutionGraph$BuildOperationAwareExecutionAction.execute(DefaultTaskExecutionGraph.java:303)
	at org.gradle.execution.plan.DefaultPlanExecutor$ExecutorWorker.execute(DefaultPlanExecutor.java:459)
	at org.gradle.execution.plan.DefaultPlanExecutor$ExecutorWorker.run(DefaultPlanExecutor.java:376)
	at org.gradle.internal.concurrent.ExecutorPolicy$CatchAndRecordFailures.onExecute(ExecutorPolicy.java:64)
	at org.gradle.internal.concurrent.AbstractManagedExecutor$1.run(AbstractManagedExecutor.java:48)
	at java.base/java.util.concurrent.ThreadPoolExecutor.runWorker(ThreadPoolExecutor.java:1136)
	at java.base/java.util.concurrent.ThreadPoolExecutor$Worker.run(ThreadPoolExecutor.java:635)
	at java.base/java.lang.Thread.run(Thread.java:840)
Caused by: com.android.ide.common.process.ProcessException: ninja: Entering directory `C:\Progetti\CardsOfMoralDecay\node_modules\react-native-worklets\android\.cxx\RelWithDebInfo\733u276t\x86'
[0/2] Re-checking globbed directories...
[1/33] Building CXX object CMakeFiles/worklets.dir/C_/Progetti/CardsOfMoralDecay/node_modules/react-native-worklets/Common/cpp/worklets/Resources/ValueUnpacker.cpp.o
[2/33] Building CXX object CMakeFiles/worklets.dir/929f3a62a2010d0a140c5b2527c48221/react-native-worklets/Common/cpp/worklets/Resources/SynchronizableUnpacker.cpp.o
[3/33] Building CXX object CMakeFiles/worklets.dir/C_/Progetti/CardsOfMoralDecay/node_modules/react-native-worklets/Common/cpp/worklets/Tools/FeatureFlags.cpp.o
[4/33] Building CXX object CMakeFiles/worklets.dir/929f3a62a2010d0a140c5b2527c48221/react-native-worklets/Common/cpp/worklets/SharedItems/SynchronizableAccess.cpp.o
[5/33] Building CXX object CMakeFiles/worklets.dir/929f3a62a2010d0a140c5b2527c48221/react-native-worklets/Common/cpp/worklets/Registries/WorkletRuntimeRegistry.cpp.o
[6/33] Building CXX object CMakeFiles/worklets.dir/abecd0d416a76fc891b7fb3a0ae480c1/Common/cpp/worklets/AnimationFrameQueue/AnimationFrameBatchinator.cpp.o
[7/33] Building CXX object CMakeFiles/worklets.dir/C_/Progetti/CardsOfMoralDecay/node_modules/react-native-worklets/Common/cpp/worklets/Tools/JSLogger.cpp.o
[8/33] Building CXX object CMakeFiles/worklets.dir/C_/Progetti/CardsOfMoralDecay/node_modules/react-native-worklets/Common/cpp/worklets/Tools/JSScheduler.cpp.o
[9/33] Building CXX object CMakeFiles/worklets.dir/C_/Progetti/CardsOfMoralDecay/node_modules/react-native-worklets/Common/cpp/worklets/SharedItems/Synchronizable.cpp.o
[10/33] Building CXX object CMakeFiles/worklets.dir/C_/Progetti/CardsOfMoralDecay/node_modules/react-native-worklets/Common/cpp/worklets/Tools/JSISerializer.cpp.o
[11/33] Building CXX object CMakeFiles/worklets.dir/C_/Progetti/CardsOfMoralDecay/node_modules/react-native-worklets/Common/cpp/worklets/RunLoop/EventLoop.cpp.o
[12/33] Building CXX object CMakeFiles/worklets.dir/C_/Progetti/CardsOfMoralDecay/node_modules/react-native-worklets/Common/cpp/worklets/RunLoop/AsyncQueueImpl.cpp.o
[13/33] Building CXX object CMakeFiles/worklets.dir/C_/Progetti/CardsOfMoralDecay/node_modules/react-native-worklets/Common/cpp/worklets/SharedItems/Serializable.cpp.o
[14/33] Building CXX object CMakeFiles/worklets.dir/929f3a62a2010d0a140c5b2527c48221/react-native-worklets/Common/cpp/worklets/Registries/EventHandlerRegistry.cpp.o
[15/33] Building CXX object CMakeFiles/worklets.dir/C_/Progetti/CardsOfMoralDecay/node_modules/react-native-worklets/Common/cpp/worklets/WorkletRuntime/RuntimeData.cpp.o
[16/33] Building CXX object CMakeFiles/worklets.dir/C_/Progetti/CardsOfMoralDecay/node_modules/react-native-worklets/Common/cpp/worklets/Tools/WorkletsVersion.cpp.o
[17/33] Building CXX object CMakeFiles/worklets.dir/C_/Progetti/CardsOfMoralDecay/node_modules/react-native-worklets/Common/cpp/worklets/Tools/UIScheduler.cpp.o
[18/33] Building CXX object CMakeFiles/worklets.dir/C_/Progetti/CardsOfMoralDecay/node_modules/react-native-worklets/Common/cpp/worklets/Tools/WorkletsJSIUtils.cpp.o
[19/33] Building CXX object CMakeFiles/worklets.dir/C_/Progetti/CardsOfMoralDecay/node_modules/react-native-worklets/Common/cpp/worklets/Tools/VersionUtils.cpp.o
[20/33] Building CXX object CMakeFiles/worklets.dir/929f3a62a2010d0a140c5b2527c48221/react-native-worklets/Common/cpp/worklets/WorkletRuntime/WorkletHermesRuntime.cpp.o
[21/33] Building CXX object CMakeFiles/worklets.dir/src/main/cpp/worklets/android/PlatformLogger.cpp.o
[22/33] Building CXX object CMakeFiles/worklets.dir/929f3a62a2010d0a140c5b2527c48221/react-native-worklets/Common/cpp/worklets/NativeModules/WorkletsModuleProxy.cpp.o
[23/33] Building CXX object CMakeFiles/worklets.dir/C_/Progetti/CardsOfMoralDecay/node_modules/react-native-worklets/Common/cpp/worklets/Tools/WorkletEventHandler.cpp.o
[24/33] Building CXX object CMakeFiles/worklets.dir/929f3a62a2010d0a140c5b2527c48221/react-native-worklets/Common/cpp/worklets/WorkletRuntime/UIRuntimeDecorator.cpp.o
[25/33] Building CXX object CMakeFiles/worklets.dir/src/main/cpp/worklets/android/AndroidUIScheduler.cpp.o
[26/33] Building CXX object CMakeFiles/worklets.dir/abecd0d416a76fc891b7fb3a0ae480c1/Common/cpp/worklets/WorkletRuntime/RNRuntimeWorkletDecorator.cpp.o
[27/33] Building CXX object CMakeFiles/worklets.dir/929f3a62a2010d0a140c5b2527c48221/react-native-worklets/Common/cpp/worklets/WorkletRuntime/RuntimeManager.cpp.o
[28/33] Building CXX object CMakeFiles/worklets.dir/929f3a62a2010d0a140c5b2527c48221/react-native-worklets/Common/cpp/worklets/NativeModules/JSIWorkletsModuleProxy.cpp.o
[29/33] Building CXX object CMakeFiles/worklets.dir/src/main/cpp/worklets/android/WorkletsOnLoad.cpp.o
[30/33] Building CXX object CMakeFiles/worklets.dir/929f3a62a2010d0a140c5b2527c48221/react-native-worklets/Common/cpp/worklets/WorkletRuntime/WorkletRuntime.cpp.o
[31/33] Building CXX object CMakeFiles/worklets.dir/src/main/cpp/worklets/android/WorkletsModule.cpp.o
[32/33] Building CXX object CMakeFiles/worklets.dir/abecd0d416a76fc891b7fb3a0ae480c1/Common/cpp/worklets/WorkletRuntime/WorkletRuntimeDecorator.cpp.o
[33/33] Linking CXX shared library ..\..\..\..\build\intermediates\cxx\RelWithDebInfo\733u276t\obj\x86\libworklets.so
FAILED: ../../../../build/intermediates/cxx/RelWithDebInfo/733u276t/obj/x86/libworklets.so 
cmd.exe /C "cd . && C:\Users\39338\AppData\Local\Android\Sdk\ndk\27.1.12297006\toolchains\llvm\prebuilt\windows-x86_64\bin\clang++.exe --target=i686-none-linux-android24 --sysroot=C:/Users/39338/AppData/Local/Android/Sdk/ndk/27.1.12297006/toolchains/llvm/prebuilt/windows-x86_64/sysroot -fPIC -g -DANDROID -fdata-sections -ffunction-sections -funwind-tables -fstack-protector-strong -no-canonical-prefixes -D__BIONIC_NO_PAGE_SIZE_MACRO -D_FORTIFY_SOURCE=2 -Wformat -Werror=format-security   -DREACT_NATIVE_MINOR_VERSION=81         -DWORKLETS_VERSION=0.5.1         -DWORKLETS_FEATURE_FLAGS="[RUNTIME_TEST_FLAG:false][IOS_DYNAMIC_FRAMERATE_ENABLED:true]" -fno-omit-frame-pointer -fstack-protector-all -DNDEBUG -DJS_RUNTIME_HERMES=1 -O2 -g -DNDEBUG  -Wl,--build-id=sha1 -Wl,--no-rosegment -Wl,--no-undefined-version -Wl,--fatal-warnings -Wl,--no-undefined -Qunused-arguments  -Wl,--gc-sections -shared -Wl,-soname,libworklets.so -o ..\..\..\..\build\intermediates\cxx\RelWithDebInfo\733u276t\obj\x86\libworklets.so CMakeFiles/worklets.dir/abecd0d416a76fc891b7fb3a0ae480c1/Common/cpp/worklets/AnimationFrameQueue/AnimationFrameBatchinator.cpp.o CMakeFiles/worklets.dir/929f3a62a2010d0a140c5b2527c48221/react-native-worklets/Common/cpp/worklets/NativeModules/JSIWorkletsModuleProxy.cpp.o CMakeFiles/worklets.dir/929f3a62a2010d0a140c5b2527c48221/react-native-worklets/Common/cpp/worklets/NativeModules/WorkletsModuleProxy.cpp.o CMakeFiles/worklets.dir/929f3a62a2010d0a140c5b2527c48221/react-native-worklets/Common/cpp/worklets/Registries/EventHandlerRegistry.cpp.o CMakeFiles/worklets.dir/929f3a62a2010d0a140c5b2527c48221/react-native-worklets/Common/cpp/worklets/Registries/WorkletRuntimeRegistry.cpp.o CMakeFiles/worklets.dir/929f3a62a2010d0a140c5b2527c48221/react-native-worklets/Common/cpp/worklets/Resources/SynchronizableUnpacker.cpp.o CMakeFiles/worklets.dir/C_/Progetti/CardsOfMoralDecay/node_modules/react-native-worklets/Common/cpp/worklets/Resources/ValueUnpacker.cpp.o CMakeFiles/worklets.dir/C_/Progetti/CardsOfMoralDecay/node_modules/react-native-worklets/Common/cpp/worklets/RunLoop/AsyncQueueImpl.cpp.o CMakeFiles/worklets.dir/C_/Progetti/CardsOfMoralDecay/node_modules/react-native-worklets/Common/cpp/worklets/RunLoop/EventLoop.cpp.o CMakeFiles/worklets.dir/C_/Progetti/CardsOfMoralDecay/node_modules/react-native-worklets/Common/cpp/worklets/SharedItems/Serializable.cpp.o CMakeFiles/worklets.dir/C_/Progetti/CardsOfMoralDecay/node_modules/react-native-worklets/Common/cpp/worklets/SharedItems/Synchronizable.cpp.o CMakeFiles/worklets.dir/929f3a62a2010d0a140c5b2527c48221/react-native-worklets/Common/cpp/worklets/SharedItems/SynchronizableAccess.cpp.o CMakeFiles/worklets.dir/C_/Progetti/CardsOfMoralDecay/node_modules/react-native-worklets/Common/cpp/worklets/Tools/FeatureFlags.cpp.o CMakeFiles/worklets.dir/C_/Progetti/CardsOfMoralDecay/node_modules/react-native-worklets/Common/cpp/worklets/Tools/JSISerializer.cpp.o CMakeFiles/worklets.dir/C_/Progetti/CardsOfMoralDecay/node_modules/react-native-worklets/Common/cpp/worklets/Tools/JSLogger.cpp.o CMakeFiles/worklets.dir/C_/Progetti/CardsOfMoralDecay/node_modules/react-native-worklets/Common/cpp/worklets/Tools/JSScheduler.cpp.o CMakeFiles/worklets.dir/C_/Progetti/CardsOfMoralDecay/node_modules/react-native-worklets/Common/cpp/worklets/Tools/UIScheduler.cpp.o CMakeFiles/worklets.dir/C_/Progetti/CardsOfMoralDecay/node_modules/react-native-worklets/Common/cpp/worklets/Tools/VersionUtils.cpp.o CMakeFiles/worklets.dir/C_/Progetti/CardsOfMoralDecay/node_modules/react-native-worklets/Common/cpp/worklets/Tools/WorkletEventHandler.cpp.o CMakeFiles/worklets.dir/C_/Progetti/CardsOfMoralDecay/node_modules/react-native-worklets/Common/cpp/worklets/Tools/WorkletsJSIUtils.cpp.o CMakeFiles/worklets.dir/C_/Progetti/CardsOfMoralDecay/node_modules/react-native-worklets/Common/cpp/worklets/Tools/WorkletsVersion.cpp.o CMakeFiles/worklets.dir/abecd0d416a76fc891b7fb3a0ae480c1/Common/cpp/worklets/WorkletRuntime/RNRuntimeWorkletDecorator.cpp.o CMakeFiles/worklets.dir/C_/Progetti/CardsOfMoralDecay/node_modules/react-native-worklets/Common/cpp/worklets/WorkletRuntime/RuntimeData.cpp.o CMakeFiles/worklets.dir/929f3a62a2010d0a140c5b2527c48221/react-native-worklets/Common/cpp/worklets/WorkletRuntime/RuntimeManager.cpp.o CMakeFiles/worklets.dir/929f3a62a2010d0a140c5b2527c48221/react-native-worklets/Common/cpp/worklets/WorkletRuntime/UIRuntimeDecorator.cpp.o CMakeFiles/worklets.dir/929f3a62a2010d0a140c5b2527c48221/react-native-worklets/Common/cpp/worklets/WorkletRuntime/WorkletHermesRuntime.cpp.o CMakeFiles/worklets.dir/929f3a62a2010d0a140c5b2527c48221/react-native-worklets/Common/cpp/worklets/WorkletRuntime/WorkletRuntime.cpp.o CMakeFiles/worklets.dir/abecd0d416a76fc891b7fb3a0ae480c1/Common/cpp/worklets/WorkletRuntime/WorkletRuntimeDecorator.cpp.o CMakeFiles/worklets.dir/src/main/cpp/worklets/android/AndroidUIScheduler.cpp.o CMakeFiles/worklets.dir/src/main/cpp/worklets/android/PlatformLogger.cpp.o CMakeFiles/worklets.dir/src/main/cpp/worklets/android/WorkletsModule.cpp.o CMakeFiles/worklets.dir/src/main/cpp/worklets/android/WorkletsOnLoad.cpp.o  -llog  C:/Users/39338/.gradle/caches/8.14.3/transforms/5361c2961195a7f7b1caefc6911a3fc2/transformed/react-android-0.81.5-release/prefab/modules/jsi/libs/android.x86/libjsi.so  C:/Users/39338/.gradle/caches/8.14.3/transforms/1d9b33ce555da17de0d2d1933ef9bfa3/transformed/fbjni-0.7.0/prefab/modules/fbjni/libs/android.x86/libfbjni.so  C:/Users/39338/.gradle/caches/8.14.3/transforms/5361c2961195a7f7b1caefc6911a3fc2/transformed/react-android-0.81.5-release/prefab/modules/reactnative/libs/android.x86/libreactnative.so  C:/Users/39338/.gradle/caches/8.14.3/transforms/e8989d61f4b78ccb6eae212c9ac00ff1/transformed/hermes-android-0.81.5-release/prefab/modules/libhermes/libs/android.x86/libhermes.so  -latomic -lm && cd ."
clang++: error: no such file or directory: 'CMakeFiles/worklets.dir/929f3a62a2010d0a140c5b2527c48221/react-native-worklets/Common/cpp/worklets/Resources/SynchronizableUnpacker.cpp.o'
clang++: error: no such file or directory: 'CMakeFiles/worklets.dir/929f3a62a2010d0a140c5b2527c48221/react-native-worklets/Common/cpp/worklets/SharedItems/SynchronizableAccess.cpp.o'
ninja: build stopped: subcommand failed.

C++ build system [build] failed while executing:
    @echo off
    "C:\\Users\\39338\\AppData\\Local\\Android\\Sdk\\cmake\\3.22.1\\bin\\ninja.exe" ^
      -C ^
      "C:\\Progetti\\CardsOfMoralDecay\\node_modules\\react-native-worklets\\android\\.cxx\\RelWithDebInfo\\733u276t\\x86" ^
      worklets
  from C:\Progetti\CardsOfMoralDecay\node_modules\react-native-worklets\android
	at com.android.build.gradle.internal.cxx.process.ExecuteProcessKt.execute(ExecuteProcess.kt:288)
	at com.android.build.gradle.internal.cxx.process.ExecuteProcessKt$executeProcess$1.invoke(ExecuteProcess.kt:108)
	at com.android.build.gradle.internal.cxx.process.ExecuteProcessKt$executeProcess$1.invoke(ExecuteProcess.kt:106)
	at com.android.build.gradle.internal.cxx.timing.TimingEnvironmentKt.time(TimingEnvironment.kt:32)
	at com.android.build.gradle.internal.cxx.process.ExecuteProcessKt.executeProcess(ExecuteProcess.kt:106)
	at com.android.build.gradle.internal.cxx.process.ExecuteProcessKt.executeProcess$default(ExecuteProcess.kt:85)
	at com.android.build.gradle.internal.cxx.build.CxxRegularBuilder.executeProcessBatch(CxxRegularBuilder.kt:332)
	at com.android.build.gradle.internal.cxx.build.CxxRegularBuilder.build(CxxRegularBuilder.kt:129)
	at com.android.build.gradle.tasks.ExternalNativeBuildTask.doTaskAction(ExternalNativeBuildTask.kt:72)
	at com.android.build.gradle.internal.tasks.UnsafeOutputsTask$taskAction$$inlined$recordTaskAction$1.invoke(BaseTask.kt:59)
	at com.android.build.gradle.internal.tasks.Blocks.recordSpan(Blocks.java:51)
	at com.android.build.gradle.internal.tasks.UnsafeOutputsTask.taskAction(UnsafeOutputsTask.kt:81)
	at jdk.internal.reflect.GeneratedMethodAccessor1825.invoke(Unknown Source)
	at java.base/jdk.internal.reflect.DelegatingMethodAccessorImpl.invoke(DelegatingMethodAccessorImpl.java:43)
	at java.base/java.lang.reflect.Method.invoke(Method.java:569)
	at org.gradle.internal.reflect.JavaMethod.invoke(JavaMethod.java:125)
	... 122 more
Caused by: com.android.ide.common.process.ProcessException: Error while executing process C:\Users\39338\AppData\Local\Android\Sdk\cmake\3.22.1\bin\ninja.exe with arguments {-C C:\Progetti\CardsOfMoralDecay\node_modules\react-native-worklets\android\.cxx\RelWithDebInfo\733u276t\x86 worklets}
	at com.android.build.gradle.internal.process.GradleProcessResult.buildProcessException(GradleProcessResult.java:73)
	at com.android.build.gradle.internal.process.GradleProcessResult.assertNormalExitValue(GradleProcessResult.java:48)
	at com.android.build.gradle.internal.cxx.process.ExecuteProcessKt.execute(ExecuteProcess.kt:277)
	... 137 more
Caused by: org.gradle.process.internal.ExecException: Process 'command 'C:\Users\39338\AppData\Local\Android\Sdk\cmake\3.22.1\bin\ninja.exe'' finished with non-zero exit value 1
	at org.gradle.process.internal.DefaultExecHandle$ExecResultImpl.assertNormalExitValue(DefaultExecHandle.java:442)
	at com.android.build.gradle.internal.process.GradleProcessResult.assertNormalExitValue(GradleProcessResult.java:46)
	... 138 more

==============================================================================

Deprecated Gradle features were used in this build, making it incompatible with Gradle 9.0.

You can use '--warning-mode all' to show the individual deprecation warnings and determine if they come from your own scripts or plugins.

For more on this, please refer to https://docs.gradle.org/8.14.3/userguide/command_line_interface.html#sec:command_line_warnings in the Gradle documentation.

BUILD FAILED in 4m 25s
368 actionable tasks: 344 executed, 24 up-to-date
